=~=~=~=~=~=~=~=~=~=~=~= PuTTY log 2024.02.21 10:00:19 =~=~=~=~=~=~=~=~=~=~=~=
Printing 5v list of readings: 
2056
2019
1999
1982
1970
1959
1970
1977
1991
2009
2030
2045
2053
2052
2044
2025
2008
1991
1971
1962
1952
1955
1964
1973
1997
2011
2033
2045
2044
2039
2029
2024
2010
1991
1976
1978
1987
1999
2009
2039
2050
2071
2096
2101
2105
2096
2082
2067
2052
2034
2032
2032
2029
2044
2062
2075
2089
2113
2113
2108
2080
2053
2011
1967
1931
1897
1860
1837
1821
1828
1838
1863
1898
1944
1981
2015
2057
2120
2184
2260
2356
2469
2598
2755
2935
3130
3320
3515
3695
3864
3958
3976
3976
3985
3980
3983
3979
3988
3982
3987
3985
3978
3953
3853
3661
3382
3054
2691
2323
1974
1671
1435
1277
1179
1141
1160
1213
1287
1399
1510
1613
1697
1761
1812
1835
1844
1864
1860
1861
1856
1861
1867
1875
1887
1900
1907
1906
1907
1892
1876
1867
1857
1854
1856
1859
1884
1900
1925
1935
1965
1974
1983
1976
1961
1935
1928
1907
1896
1897
1891
1905
1925
1945
1963
1990
2007
2013
2022
2013
2002
1989
1980
1964
1947
1948
1951
1966
1982
1993
2016
2042
2049
2056
2047
2041
2024
2008
2000
1991
1991
1996
2010
2019
2039
2067
2078
2095
2120
2117
2104
2097
2071
2062
2038
2039
2037
2043
2053
2072
2093
2118
2139
2154
2158
2151
2136
2107
2088
2083
2062
2062
2068
2079
2108
2122
2141
2162
2176
2195
2182
2173
2161
2158
2140
2126
2121
2121
2137
2150
2165
2181
2195
2210
2224
2219
2213
2191
2185
2163
2143
2137
2130
2129
2132
2141
2146
2152
2158
2164
2158
2144
2120
2095
2081
2064
2048
2048
2048
2056
2063
2081
2116
2128
2156
2160
2164
2158
2136
2136
2119
2118
2111
2116
2127
2142
2169
2191
2223
2235
2255
2251
2247
2237
2215
2199
2189
2172
2167
2161
2175
2176
2192
2216
2229
2234
2240
2219
2205
2177
2157
2127
2108
2096
2091
2089
2081
2098
2104
2123
2118
2130
2120
2091
2056
1999
1934
1869
1812
1745
1684
1630
1582
1545
1506
1479
1472
1455
1443
1425
1410
1400
1394
1398
1399
1410
1429
1451
1475
1491
1515
1533
1542
1549
1551
1545
1535
1528
1524
1526
1531
1538
1568
1583
1609
1638
1662
1686
1691
1704
1700
1703
1696
1694
1699
1711
1728
1751
1788
1820
1839
1873
1892
1906
1907
1912
1899
1896
1886
1880
1877
1881
1907
1933
1965
2009
2046
2091
2132
2159
2195
2236
2276
2324
2369
2404
2440
2469
2503
2514
2529
2544
2547
2535
2528
2505
2478
2445
2406
2382
2351
2336
2324
2320
2316
2320
2320
2324
2328
2317
2300
2275
2249
2233
2204
2198
2180
2171
2184
2181
2199
2203
2222
2232
2244
2244
2232
2218
2204
2178
2163
2147
2130
2128
2116
2117
2118
2114
2119
2118
2103
2092
2068
2049
2044
2017
2020
2032
2037
2050
2075
2091
2117
2147
2165
2175
2171
2164
2154
2121
2096
2080
2054
2041
2036
2035
2029
2037
2042
2047
2055
2056
2044
2024
2013
1987
1980
1967
1966
1962
1972
1980
2002
2018
2034
2046
2048
2052
2048
2028
2011
2006
2006
1988
1995
1996
2005
2010
2016
2044
2046
2047
2040
2031
2016
2004
1983
1971
1968
1956
1957
1961
1966
1973
1991
2000
2003
2010
1991
1973
1975
1960
1949
1943
1937
1944
1955
1964
1989
1995
2017
2032
2034
2033
2029
2016
2008
1999
1996
1989
1993
1992
2007
2023
2035
2048
2062
2064
2059
2063
2047
2040
2024
2013
2009
1997
2019
2016
2029
2039
2050
2055
2071
2062
2057
2047
2044
2015
2022
2012
2002
2008
2004
2016
2016
2028
2031
2046
2049
2042
2032
2026
2019
2012
2004
1999
2000
2012
2015
2032
2051
2076
2090
2095
2092
2091
2077
2065
2057
2044
2037
2041
2040
2047
2055
2067
2077
2089
2098
2102
2091
2084
2063
2060
2048
2033
2035
2032
2035
2045
2060
2061
2079
2078
2083
2086
2067
2047
2034
2021
2009
2003
1997
1997
2001
2014
2025
2043
2049
2056
2051
2034
2033
2015
1999
1990
1980
1975
1977
1985
1988
1992
2015
2028
2034
2044
2045
2036
2020
2005
2004
1998
1995
1990
1991
2008
2011
2021
2038
2049
2049
2051
2047
2035
2034
2021
2017
2017
2019
2017
2029
2055
2059
2071
2088
2104
2103
2094
2081
2064
2043
2024
1999
1985
1970
1950
1936
1913
1909
1900
1904
1904
1912
1925
1938
1962
2003
2054
2126
2212
2308
2430
2564
2716
2885
3080
3271
3464
3635
3784
3914
3981
3981
3986
3981
3983
3985
3992
3997
3993
3989
3983
3974
3901
3724
3463
3152
2800
2426
2080
1766
1519
1343
1225
1159
1160
1199
1262
1347
1419
1518
1598
1675
1740
1780
1831
1850
1872
1888
1900
1907
1908
1898
1893
1880
1860
1856
1844
1846
1839
1848
1860
1870
1886
1904
1920
1937
1948
1944
1944
1936
1920
1904
1890
1888
1885
1890
1895
1903
1916
1935
1960
1968
1982
1986
1971
1968
1953
1944
1929
1932
1932
1940
1952
1970
1978
1987
1999
2020
2020
2018
2008
1991
1988
1981
1964
1965
1969
1983
1996
2012
2017
2039
2049
2058
2065
2055
2040
2022
2016
2013
2012
2011
2012
2020
2040
2047
2074
2088
2095
2095
2096
2081
2065
2064
2051
2051
2050
2063
2079
2101
2119
2141
2157
2183
2200
2197
2197
2182
2170
2161
2160
2155
2164
2172
2177
2187
2208
2215
2232
2231
2234
2226
2205
2192
2179
2177
2167
2162
2164
2175
2194
2216
2236
2246
2263
2281
2279
2274
2266
2267
2268
2268
2276
2280
2300
2297
2323
2343
2351
2369
2377
2367
2352
2343
2335
2325
2315
2315
2320
2333
2343
2356
2372
2398
2416
2429
2426
2422
2422
2412
2412
2397
2406
2402
2412
2410
2414
2422
2431
2441
2428
2422
2387
2359
2334
2305
2273
2266
2244
2235
2232
2230
2236
2236
2240
2239
2234
2225
2206
2185
2164
2140
2123
2111
2100
2092
2093
2093
2105
2108
2112
2105
2090
2071
2043
2016
1992
1975
1951
1950
1937
1939
1938
1942
1941
1952
1948
1935
1913
1904
1871
1848
1834
1823
1819
1812
1811
1817
1838
1847
1859
1869
1877
1875
1862
1858
1835
1821
1816
1818
1822
1829
1844
1868
1896
1920
1953
1974
1987
1996
1998
1999
2015
2015
2027
2039
2056
2079
2098
2132
2164
2199
2224
2237
2236
2232
2227
2223
2224
2220
2220
2234
2235
2255
2271
2292
2314
2328
2342
2346
2347
2332
2332
2317
2319
2310
2310
2311
2330
2336
2339
2352
2359
2374
2369
2357
2350
2334
2310
2300
2290
2289
2288
2288
2303
2312
2319
2330
2348
2344
2340
2327
2311
2305
2283
2273
2263
2256
2254
2264
2268
2274
2279
2287
2292
2283
2273
2263
2246
2223
2215
2202
2207
2203
2216
2224
2243
2256
2263
2278
2270
2259
2244
2225
2201
2183
2180
2180
2170
2175
2190
2195
2211
2225
2233
2238
2219
2206
2195
2176
2160
2144
2135
2138
2148
2156
2166
2185
2200
2219
2221
2223
2215
2200
2195
2175
2161
2147
2139
2141
2149
2143
2152
2164
2174
2166
2166
2146
2137
2111
2079
2069
2047
2044
2033
2045
2050
2057
2057
2076
2067
2072
2059
2048
2040
2024
1999
1998
2004
1984
1995
2012
2020
2040
2048
2063
2072
2071
2052
2040
2007
1991
1979
1968
1955
1961
1967
1990
2000
2018
2036
2053
2063
2071
2066
2051
2045
2033
2013
2011
2004
2007
2007
2019
2035
2048
2043
2043
2035
2019
1999
1967
1961
1937
1927
1911
1911
1915
1932
1947
1964
1982
1983
1987
1983
1968
1961
1952
1949
1949
1957
1965
1971
1983
1995
2016
2025
2032
2033
2015
1999
1984
1963
1940
1932
1926
1929
1936
1954
1976
1993
2012
2028
2044
2040
2044
2033
2019
2008
1989
1973
1967
1963
1956
1965
1953
1966
1967
1964
1960
1939
1925
1912
1882
1876
1855
1852
1846
1850
1853
1865
1875
1897
1914
1915
1918
1917
1909
1901
1894
1879
1880
1874
1873
1894
1909
1916
1931
1941
1941
1936
1933
1924
1914
1901
1897
1892
1897
1903
1928
1952
1956
1979
1993
2008
2018
2012
2010
2004
2001
1991
2000
2000
2005
2011
2015
2036
2036
2047
2047
2031
2015
1991
1956
1924
1896
1879
1883
1906
1939
1989
2053
2112
2199
2287
2382
2477
2571
2672
2783
2903
3049
3201
3360
3512
3648
3764
3869
3934
3959
3965
3954
3950
3931
3904
3864
3826
3725
3596
3402
3188
2910
2609
2287
1980
1677
1429
1221
1075
990
941
940
988
1045
1118
1214
1318
1424
1516
1591
1663
1710
1732
1744
1741
1719
1711
1690
1682
1677
1679
1683
1703
1729
1751
1784
1810
1823
1832
1835
1842
1843
1843
1852
1858
1868
1874
1889
1897
1918
1923
1933
1936
1935
1925
1921
1915
1909
1907
1906
1912
1920
1936
1953
1965
1974
1990
2004
2000
1991
1976
1954
1940
1928
1915
1920
1920
1935
1962
1994
2006
2041
2046
2065
2054
2035
2023
2003
1985
1976
1967
1973
1976
1992
2001
2019
2028
2041
2060
2063
2062
2058
2037
2031
2024
2016
2019
2027
2035
2044
2056
2072
2076
2095
2082
2065
2055
2047
2032
2014
2014
2013
2019
2039
2046
2068
2085
2120
2125
2143
2143
2140
2127
2115
2103
2101
2103
2116
2131
2145
2165
2194
2230
2256
2275
2297
2300
2300
2296
2293
2298
2288
2288
2295
2309
2317
2336
2356
2380
2391
2400
2401
2397
2392
2386
2392
2396
2400
2406
2432
2460
2486
2513
2537
2554
2559
2566
2545
2523
2515
2507
2494
2493
2485
2488
2500
2513
2526
2547
2545
2551
2532
2515
2485
2455
2417
2404
2376
2369
2358
2364
2371
2369
2388
2377
2385
2384
2363
2347
2319
2291
2279
2252
2243
2239
2231
2232
2239
2241
2248
2242
2239
2214
2192
2159
2126
2102
2066
2049
2033
2032
2028
2030
2028
2041
2047
2041
2036
2027
2016
1998
1968
1960
1953
1931
1928
1916
1914
1914
1913
1907
1903
1891
1878
1858
1842
1824
1816
1807
1806
1809
1824
1831
1852
1871
1894
1905
1916
1921
1915
1904
1894
1886
1882
1876
1870
1875
1879
1901
1912
1932
1933
1949
1939
1928
1914
1897
1884
1869
1854
1846
1845
1850
1853
1872
1888
1916
1937
1954
1951
1950
1955
1935
1935
1929
1929
1934
1948
1959
1985
1989
2004
2021
2019
2018
2005
1995
1971
1959
1946
1951
1944
1943
1963
1977
1998
2012
2027
2043
2035
2023
2011
1990
1977
1963
1953
1956
1963
1968
1990
1999
2012
2024
2020
2005
1977
1944
1920
1887
1868
1851
1849
1843
1849
1860
1867
1883
1900
1920
1915
1913
1891
1865
1837
1804
1776
1756
1737
1732
1736
1740
1765
1792
1816
1831
1839
1842
1846
1828
1828
1826
1828
1850
1859
1888
1910
1934
1961
1986
2008
2010
2000
1977
1955
1923
1904
1877
1864
1843
1842
1838
1838
1848
1849
1864
1861
1869
1853
1856
1844
1854
1847
1851
1860
1875
1886
1908
1914
1932
1949
1949
1963
1952
1945
1927
1907
1901
1886
1884
1875
1880
1879
1891
1903
1925
1939
1964
1957
1951
1955
1941
1931
1933
1927
1926
1923
1939
1958
1967
1978
1990
1997
1998
1983
1968
1944
1921
1908
1896
1897
1899
1912
1924
1947
1973
1999
2017
2031
2033
2024
2006
1988
1975
1957
1955
1950
1952
1960
1969
1977
1976
1992
1984
1972
1951
1936
1916
1906
1891
1884
1895
1899
1914
1928
1958
1976
1993
2002
1999
1992
1975
1956
1934
1905
1892
1878
1872
1872
1876
1888
1904
1908
1916
1919
1920
1902
1895
1880
1865
1861
1848
1843
1849
1860
1859
1887
1891
1912
1921
1923
1925
1916
1908
1897
1895
1892
1892
1910
1920
1927
1941
1960
1972
1970
1973
1958
1929
1913
1891
1875
1861
1856
1856
1868
1894
1904
1929
1953
1963
1976
1975
1969
1948
1929
1920
1898
1879
1880
1876
1872
1876
1872
1870
1878
1888
1883
1887
1902
1920
1944
1988
2030
2096
2167
2269
2371
2496
2617
2766
2920
3070
3215
3348
3458
3557
3636
3688
3718
3727
3729
3723
3720
3702
3675
3664
3620
3527
3391
3192
2949
2166
1874
1600
1358
1179
1061
998
992
1015
1080
1139
1208
1296
1378
1456
1521
1587
1639
1693
1731
1750
1775
1788
1801
1787
1771
1742
1719
1693
1674
1650
1635
1639
1647
1671
1706
1730
1766
1801
1827
1842
1855
1851
1840
1830
1810
1803
1808
1798
1806
1819
1830
1850
1859
1872
1866
1862
1837
1811
1791
1784
1768
1757
1759
1764
1775
1798
1822
1857
1882
1908
1926
1925
1924
1918
1912
1907
1901
1889
1889
1899
1907
1923
1940
1959
1971
1968
1974
1956
1952
1945
1942
1939
1944
1954
1965
1974
1992
2022
2035
2064
2067
2060
2053
2049
2030
2009
2005
2006
2000
1998
2008
2017
2038
2044
2063
2080
2063
2064
2052
2041
2033
2024
2010
2009
2021
2032
2039
2060
2081
2095
2110
2118
2119
2120
2111
2118
2107
2116
2111
2112
2127
2143
2170
2192
2211
2229
2239
2248
2242
2236
2226
2225
2212
2216
2220
2230
2254
2279
2304
2323
2355
2377
2381
2375
2366
2352
2350
2353
2333
2340
2349
2366
2385
2399
2419
2442
2449
2455
2452
2438
2419
2414
2395
2387
2369
2356
2356
2363
2367
2367
2384
2392
2390
2388
2365
2355
2339
2315
2300
2289
2269
2271
2275
2277
2283
2282
2281
2281
2272
2251
2224
2200
2174
2143
2132
2110
2106
2106
2101
2109
2103
2103
2111
2092
2078
2049
2007
1970
1936
1912
1876
1852
1852
1848
1851
1867
1876
1883
1885
1867
1852
1836
1799
1771
1749
1729
1720
1711
1719
1732
1743
1758
1778
1788
1788
1772
1756
1739
1723
1712
1699
1696
1702
1708
1715
1730
1745
1772
1784
1796
1797
1798
1788
1776
1763
1750
1753
1752
1763
1773
1791
1816
1840
1857
1869
1869
1866
1846
1831
1819
1812
1799
1799
1803
1808
1823
1833
1851
1870
1882
1876
1873
1852
1827
1807
1791
1785
1783
1788
1794
1818
1833
1847
1878
1902
1912
1919
1920
1913
1906
1889
1890
1883
1886
1889
1897
1913
1933
1955
1979
1992
2000
1986
1973
1964
1947
1928
1927
1926
1931
1938
1946
1958
1967
1981
1989
1983
1973
1969
1949
1940
1919
1920
1919
1927
1930
1945
1962
1982
1993
1999
2003
1996
1983
1954
1935
1909
1912
1898
1890
1885
1894
1912
1919
1931
1934
1945
1945
1927
1908
1888
1868
1856
1848
1848
1843
1851
1867
1884
1908
1923
1945
1953
1948
1938
1932
1913
1894
1884
1879
1870
1864
1889
1900
1918
1931
1948
1955
1947
1940
1925
1917
1899
1894
1892
1897
1904
1909
1927
1949
1967
1984
1992
1993
1991
1954
1934
1917
1895
1880
1881
1880
1882
1903
1915
1932
1951
1959
1969
1968
1967
1955
1944
1937
1934
1937
1938
1945
1955
1976
1987
2018
2028
2036
2030
2026
2012
1989
1972
1964
1952
1956
1954
1970
1984
1996
2020
2041
2068
2076
2085
2080
2066
2056
2035
2020
2001
1985
1983
1980
1985
1990
2005
2022
2030
2023
2007
1998
1980
1954
1949
1936
1939
1943
1949
1968
1974
1997
2013
2025
2017
2016
1996
1981
1976
1952
1949
1951
1959
1964
1984
1995
2019
2035
2039
2049
2041
2029
2008
1994
1973
1959
1961
1959
1967
1989
1996
2006
2028
2047
2050
2053
2046
2029
2017
1991
1990
1978
1968
1971
1977
1981
1994
2012
2017
2026
2004
1986
1950
1925
1901
1876
1876
1892
1914
1958
2011
2072
2143
2228
2320
2403
2503
2599
2697
2807
2939
3089
3228
3379
3518
3639
3730
3821
3867
3886
3904
3881
3841
3815
3772
3743
3680
3600
3465
3295
3096
2851
2590
2331
2047
1807
1595
1420
1293
1217
1192
1194
1228
1280
1362
1454
1563
1656
1740
1816
1870
1909
1932
1925
1913
1895
1873
1864
1846
1838
1847
1853
1869
1889
1909
1926
1947
1959
1955
1953
1948
1936
1926
1918
1923
1925
1929
1946
1959
1984
1987
2003
2004
2001
1992
1989
1966
1958
1955
1953
1965
1968
1976
1990
2011
2022
2040
2051
2055
2037
2032
2023
2017
2009
2012
2007
2019
2036
2048
2068
2094
2109
2122
2126
2125
2115
2104
2094
2086
2079
2074
2083
2095
2091
2128
2135
2163
2179
2189
2191
2182
2188
2166
2154
2151
2157
2157
2159
2173
2191
2212
2226
2247
2248
2245
2248
2231
2223
2203
2199
2195
2202
2200
2216
2248
2259
2282
2301
2313
2319
2319
2314
2308
2287
2287
2281
2282
2293
2307
2324
2352
2367
2394
2410
2432
2438
2444
2437
2435
2435
2436
2432
2447
2454
2479
2497
2529
2554
2584
2594
2604
2603
2587
2583
2576
2571
2575
2592
2598
2614
2630
2662
2680
2699
2711
2726
2723
2714
2695
2694
2672
2664
2651
2647
2655
2666
2678
2687
2695
2695
2708
2694
2674
2648
2619
2606
2587
2574
2568
2573
2575
2569
2584
2590
2590
2584
2578
2557
2531
2508
2486
2457
2440
2424
2417
2412
2415
2415
2418
2428
2418
2408
2399
2369
2345
2319
2308
2276
2270
2263
2255
2251
2260
2268
2268
2277
2278
2270
2252
2227
2200
2183
2161
2143
2141
2144
2146
2159
2167
2175
2182
2197
2198
2183
2178
2170
2154
2142
2135
2132
2132
2140
2139
2161
2173
2195
2207
2213
2202
2192
2185
2163
2149
2142
2136
2136
2151
2152
2168
2183
2202
2212
2233
2223
2230
2216
2206
2192
2191
2191
2188
2191
2209
2226
2251
2266
2293
2308
2311
2311
2308
2298
2289
2268
2267
2264
2262
2277
2290
2301
2321
2349
2361
2368
2375
2354
2343
2335
2314
2303
2303
2299
2301
2308
2322
2344
2352
2368
2383
2372
2372
2352
2336
2318
2295
2295
2286
2293
2303
2310
2332
2346
2369
2384
2384
2379
2362
2344
2329
2315
2306
2291
2292
2296
2303
2311
2321
2349
2355
2373
2364
2358
2340
2320
2307
2291
2291
2281
2277
2287
2295
2314
2332
2346
2357
2353
2351
2338
2318
2299
2288
2276
2271
2275
2273
2293
2305
2317
2332
2343
2350
2359
2339
2328
2307
2297
2277
2279
2274
2278
2287
2296
2312
2327
2342
2345
2346
2334
2314
2297
2283
2269
2265
2256
2263
2267
2279
2291
2310
2323
2334
2344
2331
2316
2295
2286
2276
2254
2248
2248
2254
2268
2271
2287
2303
2316
2306
2307
2297
2280
2262
2242
2236
2224
2219
2217
2215
2231
2247
2255
2278
2296
2307
2298
2292
2281
2272
2273
2265
2263
2272
2284
2287
2308
2319
2340
2352
2362
2354
2352
2340
2330
2324
2320
2322
2334
2350
2355
2379
2395
2424
2428
2434
2436
2424
2394
2369
2348
2327
2311
2304
2304
2303
2317
2331
2343
2358
2372
2367
2356
2341
2333
2306
2286
2277
2269
2270
2276
2279
2284
2297
2307
2316
2324
2312
2299
2279
2264
2247
2246
2227
2228
2240
2245
2264
2267
2293
2303
2310
2312
2312
2287
2274
2261
2231
2236
2215
2205
2206
2214
2211
2220
2239
2240
2242
2241
2232
2217
2209
2194
2189
2184
2172
2172
2170
2168
2162
2158
2150
2160
2148
2146
2141
2154
2155
2180
2201
2250
2320
2412
2519
2641
2793
2955
3147
3331
3513
3661
3803
3912
3967
3975
3985
3985
3984
3980
3983
3992
3990
3985
3989
3968
3924
3804
3581
3329
3019
2700
2372
2082
1848
1662
1551
1479
1471
1490
1528
1581
1639
1693
1757
1807
1863
1909
1950
1998
2040
2072
2104
2130
2148
2153
2149
2143
2122
2119
2111
2108
2099
2112
2108
2120
2139
2151
2167
2172
2167
2158
2156
2131
2109
2098
2084
2081
2071
2084
2100
2120
2134
2168
2183
2191
2191
2183
2175
2159
2143
2132
2123
2117
2132
2133
2150
2164
2180
2185
2200
2203
2200
2191
2177
2160
2158
2135
2140
2136
2144
2166
2181
2207
2226
2235
2243
2251
2243
2229
2213
2213
2202
2204
2192
2193
2195
2208
2220
2234
2243
2235
2227
2220
2196
2183
2164
2151
2147
2142
2155
2172
2181
2203
2223
2254
2266
2274
2268
2268
2254
2232
2221
2223
2223
2222
2236
2237
2270
2288
2305
2323
2336
2343
2332
2324
2314
2295
2302
2293
2293
2314
2316
2335
2358
2382
2398
2406
2407
2404
2390
2385
2371
2367
2373
2370
2379
2387
2403
2426
2445
2462
2493
2506
2504
2508
2498
2494
2493
2495
2514
2528
2550
2585
2626
2676
2710
2738
2766
2767
2769
2756
2746
2722
2704
2680
2675
2658
2658
2653
2662
2663
2661
2666
2654
2634
2610
2575
2555
2532
2510
2490
2481
2484
2477
2477
2489
2497
2488
2480
2469
2441
2415
2377
2365
2343
2325
2310
2305
2306
2314
2311
2323
2319
2316
2296
2273
2249
2214
2188
2162
2141
2133
2122
2113
2111
2118
2131
2143
2136
2135
2128
2101
2080
2055
2045
2027
2019
2016
2027
2036
2039
2048
2055
2070
2066
2064
2045
2041
2017
1996
1990
1974
1967
1967
1983
1986
2002
2011
2037
2046
2039
2043
2028
2011
2012
1999
2001
2000
2004
2006
2022
2039
2061
2071
2088
2095
2087
2080
2064
2045
2044
2027
2028
2026
2037
2050
2071
2090
2105
2127
2135
2141
2141
2129
2128
2135
2131
2144
2157
2183
2213
2247
2287
2329
2367
2395
2415
2437
2439
2450
2456
2465
2481
2482
2500
2514
2523
2527
2535
2533
2527
2502
2478
2443
2409
2382
2352
2323
2317
2296
2294
2293
2295
2302
2306
2303
2295
2284
2243
2211
2177
2147
2126
2107
2100
2092
2087
2090
2087
2097
2099
2096
2087
2068
2046
2019
1995
1982
1972
1967
1965
1968
1986
2000
2012
2028
2035
2051
2045
2036
2019
2007
1997
1991
1992
1997
2014
2033
2047
2062
2083
2103
2109
2107
2092
2075
2060
2046
2032
2011
2003
2008
2011
2022
2023
2040
2051
2048
2053
2034
2017
2003
1987
1963
1956
1951
1955
1959
1971
1992
2007
2028
2046
2051
2051
2035
2028
2011
1992
1980
1972
1968
1972
1975
1983
1996
2007
2016
2015
2013
1995
1984
1965
1953
1945
1936
1939
1950
1964
1986
2000
2017
2039
2060
2056
2051
2047
2024
2012
2000
2000
1999
1998
2009
2024
2034
2059
2069
2090
2095
2098
2099
2088
2074
2070
2067
2068
2059
2063
2080
2084
2096
2105
2117
2117
2103
2089
2078
2049
2024
2016
2011
2008
2001
2014
2028
2046
2063
2077
2091
2093
2076
2073
2052
2040
2030
2020
2016
2024
2018
2036
2060
2070
2094
2107
2111
2122
2107
2101
2086
2082
2076
2081
2092
2107
2127
2151
2179
2203
2232
2249
2253
2247
2237
2226
2211
2202
2199
2191
2184
2182
2191
2198
2213
2214
2216
2199
2188
2160
2128
2095
2060
2032
2006
1969
1943
1935
1935
1936
1966
1999
2039
2062
2106
2145
2195
2267
2354
2453
2575
2718
2867
3047
3240
3443
3642
3817
3951
3982
3988
3987
3984
3988
3993
3985
3988
3992
3994
3982
3992
3981
3917
3764
3510
3192
2827
2457
2113
1816
1564
1383
1272
1220
1216
1254
1327
1428
1513
1603
1668
1730
1768
1798
1826
1834
1846
1856
1860
1857
1873
1881
1896
1903
1912
1900
1889
1880
1870
1864
1861
1871
1872
1880
1894
1916
1933
1951
1966
1970
1967
1963
1948
1929
1929
1928
1911
1909
1928
1936
1944
1960
1979
1990
2004
2002
1998
1975
1970
1951
1945
1935
1936
1930
1948
1956
1970
1988
2007
2017
2025
2023
2010
1996
1976
1968
1961
1955
1958
1953
1974
1971
1991
2007
2021
2032
2040
2031
2020
2016
2008
2008
2011
2024
2037
2049
2080
2108
2142
2160
2179
2197
2199
2196
2190
2186
2190
2201
2217
2242
2276
2288
2329
2367
2410
2444
2464
2478
2485
2496
2503
2503
2515
2530
2556
2573
2608
2629
2673
2692
2717
2736
2731
2736
2715
2684
2667
2634
2615
2576
2551
2528
2505
2490
2468
2461
2440
2408
2371
2339
2296
2269
2245
2216
2196
2194
2188
2190
2196
2193
2199
2193
2198
2180
2158
2140
2105
2082
2063
2043
2035
2030
2031
2043
2056
2062
2069
2081
2065
2058
2033
2015
2003
2001
1990
1996
2007
2019
2040
2049
2072
2099
2109
2119
2108
2095
2087
2065
2061
2053
2046
2050
2051
2067
2075
2085
2096
2112
2108
2098
2083
2054
2032
2005
1992
1968
1960
1943
1943
1947
1948
1956
1955
1954
1939
1915
1886
1857
1826
1794
1778
1757
1743
1735
1729
1731
1740
1741
1742
1735
1724
1699
1681
1656
1640
1628
1613
1605
1611
1609
1631
1647
1660
1682
1680
1671
1665
1655
1648
1629
1618
1612
1605
1608
1621
1636
1654
1672
1683
1699
1701
1704
1689
1679
1670
1667
1667
1657
1670
1679
1696
1710
1736
1757
1770
1776
1780
1771
1759
1752
1735
1728
1724
1724
1736
1751
1761
1774
1799
1817
1822
1823
1811
1803
1779
1766
1760
1756
1739
1747
1753
1766
1778
1797
1807
1816
1812
1807
1789
1780
1760
1747
1738
1729
1734
1744
1749
1768
1781
1803
1818
1818
1817
1812
1792
1768
1764
1750
1739
1743
1745
1758
1763
1781
1796
1813
1823
1829
1816
1808
1796
1776
1757
1744
1746
1742
1751
1758
1776
1781
1801
1806
1812
1808
1788
1771
1761
1743
1727
1719
1721
1736
1742
1751
1765
1783
1796
1793
1795
1781
1767
1758
1730
1728
1714
1711
1720
1719
1727
1735
1756
1759
1770
1763
1753
1750
1715
1708
1695
1691
1679
1684
1686
1699
1712
1721
1745
1750
1755
1745
1736
1712
1692
1677
1665
1655
1660
1667
1663
1686
1695
1714
1731
1728
1723
1712
1696
1680
1668
1655
1650
1647
1646
1652
1667
1671
1695
1709
1722
1723
1712
1695
1681
1654
1638
1628
1622
1609
1615
1623
1632
1637
1655
1669
1671
1662
1654
1637
1618
1615
1607
1606
1616
1626
1640
1663
1687
1706
1722
1727
1740
1732
1710
1710
1693
1678
1675
1682
1681
1693
1707
1729
1746
1769
1781
1800
1791
1789
1773
1765
1752
1755
1749
1737
1747
1760
1761
1771
1787
1787
1788
1769
1753
1736
1712
1697
1688
1684
1684
1680
1686
1701
1728
1733
1754
1768
1768
1754
1748
1732
1722
1695
1684
1686
1687
1698
1704
1713
1739
1756
1772
1768
1763
1757
1746
1728
1709
1700
1693
1697
1695
1710
1731
1742
1762
1776
1784
1784
1773
1757
1737
1721
1711
1711
1716
1707
1718
1731
1746
1761
1762
1769
1757
1737
1708
1672
1642
1603
1569
1542
1529
1536
1560
1589
1627
1679
1736
1791
1855
1924
2005
2089
2207
2319
2461
2628
2801
3020
3207
3396
3580
3751
3888
3951
3978
3981
3969
3973
3964
3965
3972
3945
3895
3775
3589
3341
3060
2702
2316
1941
1596
1281
1040
872
769
722
724
772
856
960
1073
1197
1293
1384
1443
1485
1509
1512
1511
1499
1493
1486
1472
1485
1481
1491
1502
1522
1531
1544
1546
1545
1534
1523
1521
1519
1517
1526
1540
1545
1567
1592
1620
1626
1627
1626
1615
1599
1585
1571
1570
1561
1564
1574
1586
1606
1628
1643
1664
1683
1679
1677
1674
1649
1648
1638
1627
1635
1639
1650
1670
1685
1712
1735
1739
1757
1756
1746
1730
1726
1712
1704
1708
1703
1718
1724
1740
1760
1775
1798
1811
1803
1791
1787
1773
1762
1761
1752
1752
1767
1767
1785
1800
1820
1839
1843
1848
1847
1835
1823
1806
1805
1795
1804
1808
1817
1827
1855
1871
1895
1909
1910
1912
1901
1891
1882
1872
1859
1865
1869
1883
1900
1916
1939
1962
1981
1993
2002
2003
1993
1981
1976
1968
1976
1973
1982
2007
2023
2048
2069
2090
2110
2111
2113
2112
2099
2096
2088
2080
2080
2091
2097
2119
2145
2158
2177
2191
2206
2192
2190
2169
2147
2129
2128
2116
2112
2120
2122
2135
2148
2156
2179
2165
2160
2147
2113
2095
2077
2062
2033
2026
2028
2019
2025
2029
2038
2044
2052
2047
2039
2017
1992
1969
1956
1940
1929
1931
1932
1939
1947
1952
1962
1958
1954
1939
1912
1879
1859
1830
1804
1783
1771
1762
1753
1755
1760
1763
1768
1763
1748
1725
1700
1665
1644
1624
1601
1591
1587
1584
1593
1602
1611
1615
1624
1610
1604
1578
1555
1535
1523
1503
1502
1504
1507
1521
1525
1545
1564
1574
1583
1578
1575
1566
1547
1542
1531
1524
1523
1528
1538
1543
1561
1578
1600
1602
1603
1602
1601
1592
1582
1567
1577
1584
1596
1628
1639
1669
1700
1723
1738
1742
1752
1748
1729
1725
1703
1709
1697
1697
1709
1731
1737
1749
1777
1787
1798
1799
1792
1779
1772
1760
1748
1739
1742
1745
1760
1776
1804
1817
1837
1848
1848
1846
1830
1808
1794
1774
1759
1748
1747
1750
1764
1760
1775
1788
1801
1804
1791
1782
1768
1743
1725
1722
1704
1700
1714
1713
1729
1744
1760
1772
1780
1786
1782
1765
1744
1735
1716
1714
1717
1719
1729
1743
1761
1775
1798
1803
1811
1808
1779
1777
1760
1744
1729
1730
1732
1734
1753
1756
1774
1792
1802
1806
1812
1785
1763
1752
1732
1732
1718
1716
1715
1727
1744
1765
1782
1803
1800
1805
1792
1782
1766
1747
1729
1719
1717
1724
1734
1740
1760
1768
1784
1806
1808
1800
1786
1773
1756
1752
1735
1736
1736
1744
1752
1772
1777
1808
1825
1838
1829
1813
1807
1779
1771
1764
1754
1748
1757
1767
1774
1795
1820
1828
1842
1835
1824
1811
1796
1771
1751
1740
1731
1736
1743
1748
1772
1793
1806
1819
1828
1820
1813
1799
1791
1784
1775
1781
1786
1795
1800
1823
1835
1859
1883
1885
1883
1878
1864
1853
1837
1831
1824
1825
1830
1825
1848
1869
1896
1907
1922
1928
1933
1922
1914
1897
1880
1865
1858
1852
1846
1849
1859
1864
1885
1875
1880
1871
1864
1847
1826
1814
1802
1792
1788
1794
1808
1823
1840
1865
1885
1897
1907
1905
1891
1871
1866
1850
1847
1836
1838
1844
1856
1860
1877
1881
1900
1894
1895
1886
1865
1853
1848
1831
1826
1836
1839
1854
1871
1885
1908
1929
1927
1936
1922
1910
1885
1872
1864
1855
1850
1853
1846
1854
1855
1865
1871
1867
1848
1825
1791
1751
1708
1683
1679
1679
1690
1720
1761
1822
1890
1977
2064
2168
2279
2384
2513
2644
2801
2978
3145
3340
3544
3722
3910
3979
3983
3992
3986
3989
3991
3996
3997
3994
3997
3993
3992
3962
3832
3598
3297
2941
2572
2202
1880
1593
1379
1211
1121
1073
1085
1126
1209
1303
1425
1529
1626
1727
1792
1845
1868
1872
1871
1841
1810
1789
1766
1756
1752
1754
1755
1765
1783
1803
1816
1817
1804
1796
1777
1765
1750
1735
1734
1736
1736
1754
1768
1790
1802
1813
1824
1816
1797
1781
1764
1745
1746
1736
1750
1754
1784
1800
1815
1842
1854
1864
1870
1862
1855
1837
1825
1823
1823
1827
1839
1857
1881
1907
1940
1960
1980
1986
1981
1975
1967
1964
1952
1954
1944
1956
1968
1988
2014
2040
2055
2076
2078
2066
2062
2040
2032
2014
2002
1997
1994
2016
2031
2047
2067
2093
2099
2111
2104
2094
2077
2056
2044
2032
2022
2024
2030
2046
2065
2089
2110
2136
2137
2143
2126
2119
2107
2084
2078
2080
2084
2087
2107
2137
2166
2198
2224
2247
2265
2263
2269
2263
2239
2246
2233
2233
2249
2257
2274
2296
2330
2338
2364
2364
2359
2366
2343
2324
2311
2301
2288
2296
2295
2313
2332
2356
2375
2393
2399
2399
2385
2371
2343
2323
2294
2279
2276
2266
2276
2277
2282
2296
2308
2312
2311
2292
2273
2248
2220
2194
2175
2171
2158
2167
2174
2179
2199
2214
2227
2235
2225
2220
2199
2173
2145
2115
2103
2088
2089
2084
2090
2105
2111
2111
2110
2104
2079
2048
2015
1976
1951
1919
1895
1877
1874
1877
1868
1885
1880
1883
1881
1860
1839
1806
1780
1752
1731
1714
1712
1701
1704
1719
1727
1745
1753
1757
1759
1731
1723
1701
1679
1661
1647
1646
1648
1650
1662
1690
1703
1721
1730
1739
1734
1714
1703
1701
1679
1680
1686
1693
1712
1725
1746
1778
1810
1824
1833
1830
1827
1820
1814
1802
1802
1795
1806
1821
1833
1855
1884
1901
1923
1932
1934
1923
1912
1898
1880
1873
1865
1855
1869
1876
1893
1911
1926
1943
1959
1967
1957
1942
1928
1903
1895
1885
1888
1880
1896
1910
1918
1936
1962
1966
1977
1966
1951
1939
1926
1914
1898
1904
1903
1909
1921
1940
1965
1975
1998
2009
2002
1991
1983
1964
1948
1937
1931
1928
1926
1939
1953
1971
1989
2005
2020
2020
2015
1996
1979
1966
1962
1960
1960
1959
1968
1987
2009
2036
2065
2078
2088
2087
2073
2063
2056
2038
2031
2027
2028
2034
2051
2072
2092
2115
2148
2161
2165
2159
2153
2127
2119
2110
2111
2105
2115
2136
2154
2174
2209
2219
2239
2256
2251
2248
2229
2214
2217
2214
2220
2231
2249
2283
2316
2356
2398
2425
2462
2471
2476
2471
2454
2443
2428
2409
2411
2398
2401
2403
2407
2418
2424
2411
2396
2376
2327
2296
2263
2230
2209
2205
2204
2191
2207
2237
2248
2262
2266
2261
2247
2230
2198
2181
2147
2128
2118
2107
2113
2122
2134
2149
2172
2182
2192
2191
2174
2160
2131
2114
2091
2077
2079
2079
2092
2112
2141
2170
2187
2205
2208
2189
2185
2151
2123
2100
2077
2064
2049
2052
2052
2064
2077
2100
2098
2105
2099
2087
2070
2049
2029
2012
2007
2011
2013
2023
2047
2064
2097
2106
2120
2118
2111
2087
2073
2056
2047
2036
2043
2045
2067
2090
2112
2139
2163
2172
2175
2166
2146
2127
2114
2084
2068
2058
2056
2059
2071
2092
2103
2124
2132
2133
2119
2104
2087
2056
2033
2015
1997
1984
1978
1976
1980
1988
1995
1987
1986
1952
1911
1881
1838
1821
1827
1831
1859
1903
1959
2035
2132
2239
2359
2474
2604
2726
2855
3016
3159
3337
3495
3679
3839
3957
3988
4000
3993
3989
3991
3993
3990
3993
3996
3984
3977
3924
3772
3532
3212
2857
2490
2141
1822
1557
1349
1199
1098
1041
1041
1074
1132
1217
1309
1416
1511
1616
1694
1760
1821
1849
1875
1868
1844
1803
1775
1749
1727
1720
1707
1716
1740
1759
1791
1824
1848
1855
1868
1865
1848
1832
1816
1800
1795
1785
1797
1807
1827
1848
1872
1899
1913
1907
1901
1896
1868
1852
1831
1825
1826
1834
1849
1872
1894
1924
1939
1968
1968
1969
1950
1947
1920
1910
1907
1893
1906
1918
1927
1962
1987
2006
2027
2035
2029
2017
2009
1983
1970
1946
1935
1937
1948
1954
1975
1998
2020
2043
2047
2052
2039
2032
2003
1985
1963
1941
1939
1935
1957
1973
1985
2018
2031
2054
2058
2053
2039
2017
2008
1994
1986
1994
2000
2025
2040
2069
2099
2128
2146
2168
2156
2148
2136
2109
2101
2081
2085
2076
2099
2121
2138
2169
2201
2227
2255
2259
2255
2246
2236
2217
2207
2205
2205
2223
2240
2257
2280
2306
2340
2351
2337
2334
2323
2291
2280
2261
2247
2236
2236
2231
2239
2253
2268
2276
2284
2276
2251
2239
2217
2192
2164
2155
2141
2147
2156
2172
2199
2221
2240
2273
2292
2305
2320
2310
2316
2328
2342
2357
2366
2383
2411
2424
2434
2451
2451
2456
2435
2416
2377
2354
2305
2279
2253
2233
2227
2223
2232
2225
2226
2228
2216
2203
2179
2135
2087
2047
2006
1973
1956
1930
1924
1919
1931
1944
1952
1951
1944
1929
1899
1860
1820
1773
1732
1691
1669
1640
1630
1616
1611
1616
1612
1609
1590
1565
1530
1501
1459
1437
1405
1391
1375
1370
1374
1397
1405
1425
1448
1442
1443
1436
1419
1406
1396
1391
1394
1400
1415
1434
1465
1485
1512
1533
1556
1568
1567
1562
1555
1548
1556
1555
1558
1578
1597
1622
1664
1692
1721
1750
1764
1768
1771
1760
1741
1735
1735
1744
1755
1775
1793
1830
1860
1885
1911
1928
1941
1937
1923
1911
1905
1904
1913
1914
1936
1954
1979
2013
2039
2059
2085
2082
2073
2071
2047
2034
2022
2003
2003
2008
2020
2027
2052
2063
2077
2098
2087
2085
2079
2060
2041
2032
2030
2028
2045
2060
2082
2111
2139
2177
2200
2217
2233
2235
2237
2231
2238
2242
2250
2255
2277
2301
2310
2319
2349
2364
2367
2364
2351
2320
2285
2249
2214
2202
2188
2181
2180
2191
2207
2214
2229
2235
2225
2204
2187
2155
2119
2089
2064
2039
2035
2023
2023
2031
2048
2064
2063
2072
2066
2048
2033
2008
1986
1971
1958
1943
1945
1959
1969
1996
2018
2036
2047
2047
2053
2048
2024
2007
1991
1984
1980
1981
1990
2009
2037
2046
2063
2084
2080
2064
2058
2034
2014
1996
1982
1982
1988
1995
2000
2023
2043
2061
2090
2103
2107
2105
2095
2076
2064
2055
2052
2048
2051
2062
2073
2081
2094
2104
2103
2095
2081
2057
2027
2004
1981
1958
1959
1956
1959
1979
1991
2016
2027
2047
2054
2046
2030
2012
1987
1965
1956
1942
1944
1958
1966
1992
2012
2030
2040
2049
2047
2040
2022
2005
1983
1976
1968
1973
1984
1997
2019
2047
2070
2086
2105
2110
2099
2089
2080
2063
2060
2046
2053
2055
2055
2077
2099
2116
2129
2125
2125
2116
2089
2050
2024
1984
1951
1925
1905
1892
1886
1892
1923
1973
2015
2075
2128
2189
2255
2318
2403
2496
2591
2726
2857
3015
3175
3352
3529
3696
3853
3961
3982
3984
3982
3983
3985
3980
3985
3984
3975
3971
3962
3898
3764
3537
3256
2925
2486
2109
1767
1493
1279
1138
1068
1055
1106
1192
1306
1423
1559
1672
1779
1855
1903
1923
1932
1935
1918
1906
1897
1887
1892
1888
1909
1920
1924
1941
1931
1926
1917
1902
1885
1890
1893
1896
1904
1915
1928
1942
1950
1977
1977
1975
1964
1947
1940
1919
1913
1916
1916
1927
1948
1969
1989
2021
2048
2067
2080
2075
2068
2053
2035
2010
1997
1976
1979
1967
1975
1977
1995
2015
2021
2024
2017
2004
1994
1969
1960
1951
1952
1951
1959
1976
2008
2016
2045
2064
2082
2082
2082
2063
2035
2015
1992
1971
1966
1955
1949
1961
1979
1998
2017
2039
2050
2062
2058
2051
2038
2034
2022
2021
2027
2039
2065
2085
2110
2133
2165
2169
2177
2176
2182
2163
2155
2145
2135
2131
2146
2151
2176
2184
2198
2217
2228
2221
2208
2184
2167
2139
2124
2119
2118
2120
2135
2147
2182
2214
2246
2280
2302
2322
2336
2336
2345
2343
2356
2372
2381
2398
2419
2435
2463
2486
2495
2517
2510
2491
2490
2453
2438
2421
2418
2409
2411
2419
2431
2448
2472
2486
2512
2503
2499
2489
2468
2451
2432
2444
2440
2455
2472
2505
2519
2554
2585
2602
2608
2596
2574
2537
2501
2468
2427
2391
2357
2323
2302
2279
2251
2243
2240
2220
2191
2161
2136
2102
2076
2054
2043
2027
2035
2032
2044
2058
2064
2080
2076
2062
2039
2016
1977
1937
1909
1886
1864
1841
1837
1835
1837
1845
1858
1874
1877
1878
1861
1848
1821
1798
1796
1785
1794
1805
1817
1837
1857
1879
1898
1920
1919
1920
1912
1897
1904
1903
1908
1920
1929
1948
1950
1969
1979
1997
1986
1980
1954
1915
1892
1856
1825
1803
1785
1782
1775
1786
1796
1819
1842
1871
1891
1895
1899
1904
1886
1880
1860
1853
1844
1839
1851
1859
1860
1859
1847
1835
1816
1781
1760
1728
1709
1704
1711
1726
1746
1776
1817
1857
1894
1941
1968
1994
1984
1979
1971
1953
1942
1932
1926
1923
1936
1943
1969
1990
2001
2016
2031
2028
2012
1992
1968
1943
1919
1916
1896
1887
1887
1891
1913
1924
1944
1960
1971
1971
1965
1959
1951
1953
1954
1957
1972
1979
1997
2015
2029
2051
2049
2047
2024
2009
1976
1944
1917
1891
1886
1872
1881
1892
1907
1922
1931
1940
1937
1927
1897
1874
1855
1837
1823
1824
1832
1840
1857
1878
1908
1929
1952
1973
1991
1982
1962
1942
1924
1906
1888
1887
1892
1909
1922
1935
1951
1954
1951
1951
1937
1903
1893
1862
1850
1836
1841
1844
1856
1881
1899
1923
1940
1953
1976
1982
1983
1975
1965
1961
1944
1941
1932
1930
1935
1935
1945
1939
1946
1935
1928
1908
1882
1852
1833
1808
1788
1789
1797
1804
1811
1829
1857
1877
1888
1914
1893
1879
1870
1853
1828
1801
1792
1784
1783
1790
1811
1841
1871
1903
1918
1939
1932
1930
1914
1905
1896
1894
1877
1872
1872
1880
1874
1887
1903
1910
1911
1905
1895
1877
1876
1863
1854
1857
1854
1862
1876
1899
1920
1935
1955
1965
1949
1941
1912
1888
1856
1828
1796
1788
1774
1765
1765
1786
1803
1840
1888
1915
1970
2007
2051
2087
2144
2201
2280
2351
2456
2559
2694
2826
2974
3109
3259
3378
3462
3537
3580
3595
3605
3596
3593
3578
3576
3565
3563
3526
3440
3312
3122
2906
2606
2312
1997
1705
1442
1242
1097
1048
1005
1037
1112
1191
1292
1380
1466
1540
1599
1643
1676
1708
1720
1728
1733
1748
1748
1756
1759
1761
1763
1736
1735
1713
1704
1691
1693
1694
1713
1738
1764
1810
1841
1878
1901
1913
1911
1906
1886
1856
1848
1832
1840
1846
1860
1878
1898
1933
1957
1992
2023
2044
2042
2041
2032
2016
2001
1995
1996
1987
1991
2001
2006
2020
2024
2016
2005
1984
1962
1940
1921
1909
1905
1909
1924
1935
1955
1979
2001
2032
2055
2060
2072
2072
2049
2038
2031
2016
2013
2017
2028
2039
2065
2092
2119
2139
2158
2166
2151
2142
2107
2096
2074
2049
2039
2040
2046
2060
2082
2107
2132
2143
2162
2180
2172
2168
2178
2162
2155
2147
2144
2155
2176
2193
2223
2268
2283
2308
2315
2309
2295
2274
2264
2267
2268
2290
2329
2350
2369
2402
2429
2461
2484
2487
2492
2494
2497
2492
2492
2483
2503
2514
2554
2573
2601
2633
2657
2681
2681
2682
2663
2644
2605
2557
2528
2492
2469
2449
2450
2447
2440
2460
2473
2491
2498
2508
2501
2491
2489
2478
2481
2488
2497
2504
2514
2511
2511
2527
2522
2520
2520
2486
2455
2439
2411
2391
2380
2370
2371
2359
2370
2370
2366
2369
2361
2349
2334
2305
2279
2251
2216
2184
2174
2153
2147
2137
2127
2136
2122
2107
2098
2076
2053
2021
1987
1949
1938
1920
1910
1910
1917
1926
1929
1931
1933
1934
1922
1909
1880
1860
1831
1814
1804
1797
1800
1799
1814
1822
1840
1848
1857
1853
1841
1809
1796
1769
1753
1748
1739
1748
1761
1784
1801
1826
1843
1863
1866
1875
1866
1855
1847
1841
1839
1851
1857
1872
1890
1917
1944
1964
1987
2020
2029
2039
2053
2053
2063
2071
2079
2081
2086
2083
2080
2079
2079
2080
2069
2058
2027
1997
1976
1942
1924
1904
1901
1907
1921
1942
1981
2015
2041
2084
2086
2094
2097
2078
2065
2045
2033
2020
2015
2017
2013
2028
2036
2055
2061
2078
2077
2078
2069
2060
2047
2039
2032
2024
2014
2024
2022
2040
2041
2047
2052
2053
2047
2031
2000
1980
1951
1927
1921
1914
1924
1939
1949
1971
1995
2009
2022
2027
2029
2023
2023
2013
2008
2001
1988
1991
1979
1997
1987
2000
1991
1986
1976
1965
1947
1915
1896
1875
1874
1886
1892
1905
1911
1929
1947
1967
1982
1994
2000
1990
1992
1967
1961
1954
1956
1962
1979
1997
2032
2050
2074
2093
2094
2094
2084
2075
2057
2048
2042
2029
2027
2021
2031
2039
2064
2079
2092
2105
2112
2105
2095
2084
2067
2058
2059
2055
2060
2067
2074
2069
2076
2081
2093
2076
2063
2039
2017
1994
1976
1967
1951
1952
1953
1966
1971
1986
2003
2019
2025
2021
2009
1998
1984
1965
1958
1950
1948
1943
1941
1952
1966
1981
1999
1999
1991
1977
1954
1938
1903
1886
1863
1851
1843
1843
1850
1863
1887
1907
1935
1952
1963
1970
1968
1963
1976
1978
1989
2000
2024
2045
2077
2106
2128
2140
2150
2144
2134
2106
2074
2024
1984
1931
1909
1894
1885
1899
1931
1969
2032
2087
2144
2195
2254
2311
2383
2464
2557
2671
2809
2969
3130
3286
3443
3570
3690
3766
3807
3824
3783
3749
3703
3662
3610
3568
3536
3470
3360
3218
3049
2833
2599
2342
2065
1802
1565
1388
1257
1179
1154
1185
1226
1297
1392
1492
1593
1690
1772
1826
1875
1897
1909
1919
1924
1913
1922
1916
1926
1935
1952
1962
1977
1982
1985
1982
1980
1968
1963
1961
1967
1969
1970
1977
1995
2009
2025
2036
2047
2039
2026
2011
1982
1964
1939
1935
1919
1925
1926
1930
1940
1946
1968
1979
1994
1988
1983
1977
1967
1962
1949
1963
1961
1980
1987
2012
2042
2062
2087
2104
2116
2120
2103
2089
2086
2071
2063
2059
2066
2079
2093
2114
2141
2160
2180
2193
2191
2184
2168
2152
2139
2126
2125
2121
2113
2131
2136
2148
2156
2169
2164
2160
2146
2124
2105
2094
2083
2088
2076
2094
2106
2116
2130
2148
2167
2171
2168
2159
2145
2127
2113
2105
2100
2097
2103
2118
2139
2159
2181
2220
2235
2254
2248
2243
2234
2234
2228
2221
2222
2235
2255
2276
2307
2343
2386
2410
2444
2452
2465
2469
2470
2465
2468
2460
2463
2485
2487
2508
2525
2546
2553
2568
2575
2563
2548
2535
2526
2500
2482
2467
2460
2457
2461
2471
2474
2484
2496
2488
2478
2451
2424
2406
2358
2344
2327
2301
2300
2295
2292
2294
2304
2298
2279
2289
2258
2232
2195
2170
2150
2119
2099
2088
2082
2084
2077
2076
2076
2062
2058
2034
2011
1983
1955
1934
1927
1908
1903
1908
1910
1917
1934
1940
1942
1929
1925
1905
1880
1859
1834
1816
1791
1797
1793
1800
1802
1804
1812
1820
1818
1813
1804
1782
1766
1747
1730
1728
1725
1722
1727
1742
1760
1772
1784
1785
1788
1780
1767
1743
1725
1709
1704
1700
1703
1710
1721
1747
1767
1800
1818
1833
1828
1831
1821
1808
1797
1785
1792
1794
1799
1825
1841
1856
1872
1881
1892
1897
1891
1883
1877
1857
1847
1836
1832
1834
1831
1844
1847
1865
1883
1899
1907
1919
1918
1915
1911
1903
1889
1887
1889
1904
1914
1913
1935
1949
1967
1967
1967
1958
1951
1928
1918
1911
1896
1891
1892
1890
1898
1905
1919
1927
1930
1933
1927
1911
1902
1875
1863
1852
1854
1863
1866
1883
1900
1925
1944
1957
1961
1966
1956
1932
1912
1880
1867
1866
1863
1871
1880
1895
1912
1936
1945
1957
1960
1950
1939
1923
1899
1884
1874
1860
1858
1858
1870
1876
1883
1891
1898
1891
1882
1858
1834
1807
1794
1778
1773
1772
1772
1781
1796
1810
1828
1841
1851
1851
1844
1825
1808
1799
1791
1790
1790
1792
1810
1822
1841
1866
1885
1896
1903
1893
1876
1851
1830
1812
1800
1792
1799
1820
1834
1859
1883
1915
1942
1954
1956
1944
1928
1920
1900
1877
1865
1860
1856
1860
1872
1881
1893
1906
1920
1926
1918
1907
1901
1886
1872
1876
1880
1875
1884
1898
1909
1929
1939
1953
1945
1941
1923
1903
1891
1875
1874
1867
1861
1868
1883
1885
1904
1929
1931
1927
1929
1919
1906
1887
1871
1868
1861
1860
1869
1888
1904
1924
1941
1954
1960
1962
1956
1946
1932
1902
1892
1871
1861
1843
1854
1848
1854
1852
1849
1853
1830
1812
1791
1785
1787
1798
1827
1862
1916
1971
2045
2137
2237
2348
2467
2591
2729
2856
2993
3132
3247
3378
3489
3594
3656
3705
3727
3744
3742
3739
3710
3684
3632
3576
3465
3322
3141
2926
2686
2427
2164
1902
1678
1480
1342
1242
1179
1168
1169
1192
1244
1295
1361
1431
1496
1560
1633
1679
1736
1771
1794
1810
1817
1795
1781
1766
1745
1735
1721
1719
1721
1730
1750
1774
1798
1818
1847
1862
1867
1865
1858
1839
1823
1814
1803
1802
1809
1830
1832
1843
1865
1876
1869
1869
1867
1850
1835
1827
1809
1806
1808
1809
1828
1846
1856
1885
1903
1911
1923
1927
1917
1910
1909
1911
1914
1923
1922
1937
1964
1987
2008
2023
2047
2057
2053
2043
2032
2026
2014
2001
2003
2009
2016
2035
2048
2064
2084
2093
2114
2110
2100
2079
2061
2062
2053
2042
2039
2050
2052
2063
2079
2096
2111
2111
2112
2102
2094
2086
2069
2063
2055
2061
2060
2070
2079
2108
2123
2133
2156
2165
2160
2146
2144
2127
2110
2113
2115
2123
2141
2155
2183
2211
2239
2264
2288
2296
2293
2296
2281
2272
2272
2272
2276
2289
2304
2327
2357
2376
2402
2421
2431
2443
2440
2437
2414
2408
2397
2404
2410
2417
2432
2445
2471
2471
2487
2484
2483
2468
2454
2423
2407
2399
2389
2380
2384
2388
2398
2407
2423
2427
2432
2425
2417
2398
2369
2351
2322
2308
2286
2288
2277
2277
2276
2281
2284
2279
2270
2241
2225
2200
2169
2132
2119
2100
2095
2088
2084
2086
2084
2092
2087
2075
2060
2042
2010
1979
1951
1925
1901
1885
1875
1877
1883
1895
1904
1918
1926
1934
1923
1918
1895
1892
1884
1872
1862
1863
1863
1872
1877
1890
1907
1910
1917
1915
1906
1888
1876
1866
1860
1852
1851
1846
1859
1883
1894
1913
1931
1928
1927
1921
1907
1889
1879
1877
1871
1886
1904
1916
1939
1966
1989
2012
2020
2032
2025
2014
1999
1987
1990
1983
1988
1997
2010
2019
2031
2058
2076
2084
2095
2094
2086
2071
2058
2044
2034
2029
2036
2041
2057
2072
2091
2112
2126
2126
2129
2119
2111
2091
2080
2062
2056
2055
2052
2056
2065
2076
2083
2088
2094
2085
2074
2065
2063
2032
2024
2021
2016
2015
2019
2043
2058
2076
2090
2103
2112
2103
2091
2071
2056
2037
2028
2024
2013
2018
2026
2040
2048
2059
2071
2067
2063
2060
2033
2012
1996
1988
1980
1981
1988
1988
1995
2016
2025
2046
2051
2050
2040
2037
2016
1999
1978
1966
1959
1949
1953
1961
1977
1988
2013
2025
2029
2039
2032
2004
1996
1979
1964
1957
1952
1955
1955
1958
1978
1972
1979
1985
1987
1972
1951
1930
1905
1891
1883
1877
1880
1891
1887
1909
1924
1930
1948
1951
1937
1938
1914
1901
1880
1867
1857
1864
1866
1871
1892
1901
1921
1944
1950
1951
1949
1940
1931
1923
1916
1908
1919
1922
1941
1961
1977
1991
2009
2018
2023
2010
2003
1981
1960
1953
1949
1948
1961
1971
1982
1993
2005
2024
2038
2043
2033
2026
2015
1999
1995
1981
1979
1980
1992
2006
2013
2027
2044
2045
2047
2047
2018
1998
1979
1952
1939
1940
1942
1951
1971
1979
2002
2030
2044
2051
2057
2054
2035
2023
1998
1984
1976
1970
1966
1966
1974
1984
1990
1998
2018
2023
2021
2015
1999
1988
1971
1964
1968
1966
1969
1989
2002
2019
2040
2055
2063
2059
2057
2039
2018
2003
1978
1978
1959
1964
1967
1978
1987
2001
2021
2031
2036
2021
2008
1985
1963
1940
1924
1904
1885
1871
1866
1856
1855
1874
1896
1911
1931
1956
1975
2013
2052
2107
2190
2284
2384
2512
2656
2824
2995
3181
3353
3515
3635
3746
3815
3846
3872
3871
3871
3870
3846
3832
3831
3812
3778
3689
3542
3361
3116
2845
2554
2258
1980
1718
1509
1359
1273
1232
1225
1270
1340
1411
1485
1562
1618
1668
1703
1738
1756
1779
1793
1806
1817
1835
1850
1856
1859
1869
1863
1850
1839
1844
1819
1823
1834
1837
1855
1872
1887
1917
1944
1955
1963
1964
1964
1952
1929
1920
1919
1916
1912
1915
1925
1939
1959
1977
1990
1999
2000
1994
1976
1959
1941
1932
1923
1928
1926
1928
1951
1955
1969
1991
2002
2001
2007
1992
1975
1960
1951
1948
1941
1945
1960
1975
1996
2013
2042
2055
2069
2075
2072
2060
2054
2044
2038
2036
2038
2047
2063
2078
2097
2120
2136
2145
2144
2135
2124
2107
2090
2073
2067
2067
2071
2069
2081
2092
2113
2121
2131
2130
2131
2117
2105
2094
2075
2080
2080
2091
2108
2119
2141
2168
2196
2203
2211
2215
2204
2189
2167
2161
2154
2156
2155
2171
2187
2203
2230
2258
2275
2287
2294
2285
2269
2257
2244
2237
2236
2245
2253
2274
2298
2324
2355
2382
2400
2409
2411
2407
2388
2375
2365
2349
2341
2345
2338
2344
2349
2359
2360
2373
2363
2356
2338
2307
2290
2266
2237
2229
2221
2224
2227
2237
2248
2255
2272
2280
2270
2267
2235
2224
2191
2175
2163
2152
2153
2156
2161
2169
2183
2190
2192
2190
2182
2151
2119
2096
2076
2047
2032
2011
2001
1998
1990
1993
1994
1991
1986
1968
1952
1920
1887
1850
1816
1788
1768
1740
1725
1715
1704
1687
1679
1651
1638
1599
1555
1508
1475
1443
1413
1401
1379
1369
1367
1375
1376
1397
1403
1399
1400
1391
1389
1376
1380
1375
1373
1382
1399
1421
1439
1463
1493
1514
1540
1541
1556
1553
1557
1555
1566
1578
1602
1620
1658
1688
1732
1756
1797
1822
1848
1868
1881
1875
1871
1884
1887
1901
1924
1949
1972
1999
2029
2059
2068
2076
2071
2060
2044
2019
2002
1984
1963
1954
1943
1941
1943
1945
1935
1948
1943
1927
1912
1896
1865
1847
1820
1800
1791
1787
1791
1790
1803
1810
1818
1826
1832
1823
1806
1796
1778
1763
1748
1735
1739
1743
1743
1764
1791
1816
1830
1846
1844
1842
1833
1836
1821
1822
1814
1823
1839
1854
1874
1888
1916
1938
1961
1984
1981
1974
1970
1968
1964
1964
1975
1987
2011
2030
2050
2077
2095
2123
2135
2146
2140
2146
2141
2138
2145
2150
2162
2178
2195
2213
2235
2259
2280
2296
2300
2305
2294
2293
2274
2273
2265
2265
2277
2283
2296
2312
2328
2339
2354
2353
2350
2335
2320
2299
2292
2284
2273
2265
2259
2274
2275
2279
2288
2291
2288
2278
2250
2220
2196
2172
2138
2126
2106
2099
2097
2101
2107
2107
2123
2114
2112
2092
2081
2046
2020
1997
1987
1981
1980
1984
1980
1990
2000
2010
2012
2020
2011
1991
1971
1956
1933
1923
1916
1912
1910
1919
1921
1941
1950
1955
1959
1964
1944
1940
1919
1912
1895
1895
1891
1902
1913
1922
1934
1948
1957
1972
1967
1951
1940
1922
1895
1890
1875
1860
1856
1855
1874
1885
1908
1918
1929
1941
1948
1940
1931
1923
1913
1920
1913
1927
1927
1939
1955
1965
1988
2001
1999
1995
1989
1966
1955
1933
1927
1916
1911
1917
1932
1942
1956
1978
2006
2025
2037
2040
2031
2031
2029
2026
2026
2029
2033
2042
2060
2079
2089
2110
2127
2142
2152
2153
2153
2157
2159
2168
2176
2188
2193
2209
2225
2237
2252
2260
2259
2248
2226
2197
2171
2150
2140
2128
2109
2113
2111
2126
2144
2160
2172
2186
2175
2176
2148
2135
2122
2102
2088
2079
2072
2075
2084
2095
2107
2117
2132
2138
2129
2117
2095
2077
2062
2049
2039
2049
2061
2062
2075
2097
2116
2123
2133
2125
2103
2079
2048
1994
1955
1913
1889
1883
1879
1879
1900
1924
1971
2018
2071
2147
2232
2325
2443
2591
2748
2936
3151
3373
3604
3816
3967
4000
3985
3988
3998
3995
3996
3998
4003
4001
4001
4009
4004
3996
4006
3998
4000
4004
3987
3970
3827
3596
3269
2967
2694
2423
2204
2026
1897
1797
1740
1693
1671
1660
1639
1625
1603
1576
1552
1511
1478
1464
1447
1451
1463
1482
1507
1540
1574
1592
1603
1612
1606
1598
1586
1577
1572
1566
1581
1590
1607
1655
1687
1738
1765
1793
1820
1830
1843
1842
1847
1856
1865
1860
1868
1871
1863
1865
1860
1846
1819
1783
1739
1685
1637
1589
1541
1503
1469
1445
1423
1417
1408
1411
1403
1397
1391
1377
1356
1339
1312
1305
1303
1293
1292
1306
1319
1335
1351
1373
1381
1388
1386
1382
1380
1360
1350
1339
1332
1342
1357
1378
1403
1429
1464
1495
1518
1535
1532
1531
1526
1513
1508
1509
1496
1500
1504
1520
1526
1540
1553
1565
1581
1572
1588
1584
1591
1605
1626
1638
1668
1697
1729
1749
1784
1807
1837
1842
1846
1844
1840
1847
1850
1859
1871
1902
1931
1957
1993
2029
2065
2104
2126
2134
2148
2145
2155
2146
2143
2147
2151
2168
2167
2185
2187
2196
2204
2210
2203
2183
2162
2153
2128
2121
2104
2099
2106
2111
2119
2130
2152
2168
2177
2176
2172
2155
2140
2118
2096
2083
2059
2047
2040
2036
2036
2033
2039
2049
2047
2056
2044
2041
2032
2011
2004
1994
1987
1986
1985
1985
1993
1983
1992
1998
2008
1999
1981
1969
1963
1954
1953
1948
1955
1962
1986
2004
2018
2027
2033
2028
2010
1992
1975
1946
1940
1933
1930
1941
1960
1988
2015
2045
2095
2120
2159
2179
2204
2215
2223
2236
2242
2256
2279
2300
2323
2355
2391
2432
2456
2493
2514
2536
2552
2572
2588
2611
2641
2674
2715
2764
2799
2827
2840
2847
2839
2821
2786
2734
2687
2630
2588
2538
2504
2476
2442
2414
2384
2366
2340
2308
2279
2222
2169
2119
2060
2006
1949
1910
1871
1847
1830
1802
1802
1789
1778
1768
1744
1707
1685
1631
1586
1546
1522
1506
1502
1516
1544
1585
1642
1705
1766
1828
1876
1918
1947
1981
2005
2028
2039
2064
2077
2093
2105
2123
2141
2154
2157
2159
2141
2128
2110
2086
2078
2056
2049
2049
2059
2055
2058
2067
2075
2070
2070
2058
2039
2016
1989
1967
1963
1947
1934
1934
1936
1943
1955
1961
1975
1968
1964
1949
1940
1918
1905
1898
1885
1884
1879
1891
1904
1904
1913
1915
1923
1926
1908
1891
1871
1848
1831
1828
1812
1805
1807
1809
1820
1833
1840
1845
1855
1843
1836
1827
1816
1805
1800
1807
1819
1830
1846
1861
1881
1896
1914
1922
1924
1913
1906
1888
1867
1865
1855
1846
1842
1844
1855
1855
1867
1878
1879
1871
1861
1851
1830
1818
1803
1791
1783
1785
1786
1796
1811
1825
1834
1839
1860
1863
1850
1838
1832
1829
1821
1819
1825
1828
1838
1854
1870
1883
1899
1910
1909
1895
1893
1871
1873
1864
1852
1856
1856
1861
1875
1894
1906
1920
1932
1940
1930
1930
1919
1895
1900
1899
1899
1908
1912
1924
1950
1962
1972
1983
1988
1988
1979
1966
1954
1939
1927
1924
1927
1922
1933
1949
1959
1976
1987
2004
2008
2001
1996
1981
1972
1964
1960
1958
1965
1974
1979
1992
2005
2024
2034
2031
2028
2019
2006
1996
1980
1968
1964
1969
1967
1969
1983
1994
2003
2013
2028
2017
2004
1992
1985
1964
1949
1944
1946
1943
1949
1959
1967
1981
1981
1990
1987
1987
1966
1947
1941
1931
1919
1914
1916
1926
1933
1956
1973
2000
2009
2023
2025
2028
2014
1996
1980
1979
1976
1978
1988
1998
2008
2028
2039
2053
2063
2060
2062
2056
2050
2042
2040
2045
2043
2047
2055
2071
2092
2102
2103
2125
2124
2109
2101
2077
2056
2036
2026
2015
2022
2022
2015
2023
2038
2046
2054
2057
2051
2043
2028
2016
1996
1986
1978
1975
1984
1977
1981
1987
2000
2014
2019
2036
2029
2032
2021
2009
2006
2008
2001
2007
2024
2032
2049
2055
2063
2071
2063
2048
2032
2019
2004
2001
1999
2002
2016
2036
2068
2104
2142
2184
2223
2264
2295
2319
2329
2349
2351
2376
2392
2409
2431
2447
2480
2484
2504
2512
2516
2529
2538
2552
2583
2623
2671
2731
2820
2921
3048
3196
3347
3529
3715
3885
3985
3991
3996
4001
3996
3996
3994
4000
3997
3999
4007
4004
4004
3999
3999
4007
3998
4001
3993
3990
3936
3707
3367
2959
2555
2149
1794
1505
1288
1122
1023
975
973
997
1040
1082
1141
1183
1240
1276
1320
1356
1376
1399
1429
1454
1464
1471
1477
1490
1489
1496
1521
1541
1570
1605
1639
1687
1716
1753
1791
1809
1815
1819
1810
1800
1800
1791
1804
1805
1827
1844
1868
1895
1926
1958
1981
1987
1999
2003
1996
1984
1977
1971
1975
1980
1987
2001
2013
2020
2045
2044
2045
2043
2032
2014
1999
1988
1965
1960
1945
1948
1947
1953
1959
1972
1978
1982
1978
1969
1942
1931
1907
1895
1883
1878
1872
1879
1892
1889
1902
1904
1908
1911
1895
1887
1872
1853
1841
1835
1844
1840
1844
1860
1871
1888
1912
1924
1932
1942
1935
1935
1917
1910
1911
1906
1913
1923
1936
1951
1969
1995
2016
2023
2040
2042
2034
2033
2029
2022
2029
2031
2042
2055
2074
2088
2120
2139
2160
2173
2175
2174
2177
2169
2176
2174
2175
2183
2204
2216
2235
2248
2272
2296
2305
2315
2314
2311
2303
2300
2292
2298
2288
2289
2291
2310
2313
2323
2335
2348
2342
2336
2322
2297
2282
2269
2259
2244
2244
2247
2242
2251
2262
2262
2272
2260
2249
2228
2208
2192
2165
2152
2133
2138
2121
2122
2124
2132
2140
2138
2134
2133
Amount of Readings: 
10000
