=~=~=~=~=~=~=~=~=~=~=~= PuTTY log 2024.02.21 10:02:33 =~=~=~=~=~=~=~=~=~=~=~=
Printing 3.3v list of readings: 
510
507
506
510
512
517
523
532
536
542
546
547
547
545
542
540
539
543
545
550
556
563
568
573
577
579
581
577
574
571
566
563
559
560
561
566
568
570
574
575
575
575
572
566
561
553
548
542
540
538
540
542
542
544
543
543
540
535
528
521
513
505
496
491
489
486
487
488
488
491
491
491
490
494
494
496
498
501
509
521
533
548
566
584
600
620
634
647
659
668
677
683
691
695
703
711
724
733
741
748
753
755
752
749
735
723
708
691
673
659
645
634
624
612
605
595
588
574
565
552
542
527
514
503
496
486
484
479
481
484
484
486
482
482
479
476
469
464
458
452
449
453
452
458
462
466
470
472
474
473
470
466
460
454
450
447
447
447
453
458
466
473
481
486
494
497
498
498
499
496
500
502
507
512
521
528
534
541
544
548
547
548
543
538
532
529
527
525
526
530
532
535
537
539
540
537
533
527
519
515
506
501
499
498
502
504
507
512
512
512
514
511
507
502
492
484
477
470
464
463
457
459
462
467
470
479
488
495
504
514
529
548
569
599
633
671
719
766
820
869
915
961
993
997
997
996
998
997
1000
999
999
998
997
999
999
998
997
987
948
878
798
705
616
531
464
416
378
359
351
357
370
384
401
416
428
439
445
448
448
449
451
452
451
455
457
458
458
460
458
456
454
451
448
448
448
450
456
463
475
483
488
494
499
504
505
504
502
499
496
497
495
497
499
506
510
513
518
521
520
519
517
514
508
503
500
500
501
504
510
514
520
527
530
536
537
539
537
538
535
535
536
540
546
555
562
570
582
588
596
597
602
602
601
601
599
598
602
608
613
621
630
639
646
655
659
664
665
665
663
661
660
660
661
667
675
681
686
690
694
695
696
692
689
682
676
673
666
663
663
666
670
675
680
685
689
689
690
688
688
684
683
681
682
687
691
699
709
715
727
732
738
741
743
746
744
741
735
733
733
736
739
742
743
749
749
747
746
742
737
734
724
715
711
706
707
706
712
712
715
721
724
726
726
724
721
717
711
708
706
709
712
716
721
726
733
738
740
742
739
735
729
721
715
712
708
707
706
706
708
705
707
702
698
689
679
669
654
640
626
615
606
600
593
590
587
579
573
567
560
551
543
532
520
509
502
497
494
493
495
498
500
503
505
507
507
504
503
499
497
497
497
503
512
519
528
538
546
555
562
566
571
570
571
571
569
573
581
587
597
608
618
630
640
648
655
660
666
671
674
683
691
705
723
735
753
773
790
805
819
831
841
843
848
848
845
845
841
841
846
848
852
851
854
851
846
833
821
806
786
764
743
722
700
683
668
654
638
627
613
602
588
574
565
548
535
523
515
511
508
511
515
518
528
534
539
543
547
550
547
548
547
545
547
551
558
567
573
582
592
600
608
614
618
618
619
619
619
619
617
623
627
631
639
641
644
645
644
638
636
625
616
607
598
590
587
584
585
588
588
589
591
590
590
585
581
575
570
565
561
558
559
559
563
568
572
575
575
578
574
571
569
560
557
554
551
551
557
558
563
571
573
578
579
580
578
570
566
561
555
551
551
549
553
555
561
563
565
566
567
567
562
555
552
546
542
540
538
538
540
544
543
547
544
546
541
536
529
519
511
504
500
495
496
495
495
499
500
503
505
503
500
495
491
486
480
475
473
474
478
479
485
490
494
497
499
497
495
494
487
481
476
476
477
478
483
488
495
498
502
503
504
504
500
494
490
483
480
477
480
481
483
488
492
495
496
497
494
489
483
478
471
464
466
465
467
471
475
481
485
489
489
489
487
484
478
472
469
468
469
468
470
475
480
485
486
490
489
489
486
481
476
470
465
464
466
466
467
469
474
478
481
479
479
477
472
465
462
455
451
451
452
457
461
467
471
475
477
479
478
476
472
470
465
464
465
467
472
479
486
491
499
503
505
507
507
505
502
498
497
494
495
499
503
508
515
520
521
526
524
523
520
518
514
509
509
506
509
510
508
506
503
498
490
483
479
472
464
459
452
448
446
450
455
464
473
484
494
504
511
519
527
534
536
542
545
551
553
559
566
569
572
575
576
576
576
573
568
559
550
541
531
523
516
513
510
511
509
512
510
512
512
511
507
505
503
501
509
511
520
525
533
544
551
555
560
561
561
558
552
549
543
541
540
541
544
551
552
557
561
561
562
560
558
549
541
532
524
516
510
504
497
494
487
479
471
465
462
455
452
449
447
451
461
477
494
520
548
584
623
665
708
752
795
834
872
907
934
953
972
983
992
993
995
995
996
996
992
985
954
903
839
755
668
574
489
413
351
304
277
259
254
258
268
285
302
320
336
352
364
374
386
393
400
406
410
410
411
412
409
404
401
397
395
395
396
401
409
420
428
439
447
456
462
465
461
464
457
453
448
443
442
440
441
444
443
443
443
439
437
433
424
415
408
400
391
387
387
384
388
394
398
403
406
409
409
412
410
409
411
409
412
421
429
443
453
467
481
492
504
514
521
525
528
532
534
538
542
547
552
561
566
573
575
580
579
575
572
564
557
548
539
532
530
526
525
525
522
521
519
517
514
510
503
494
486
477
471
468
467
468
471
476
479
481
485
485
488
490
486
483
483
484
488
494
504
513
525
537
546
556
565
570
575
576
578
574
573
575
576
581
585
591
594
599
602
604
601
599
594
587
577
570
565
560
558
559
562
564
566
568
571
573
572
569
566
562
558
555
553
556
560
567
574
583
591
597
603
607
611
610
609
608
607
609
608
614
617
623
627
633
636
636
638
632
630
618
609
598
587
579
573
569
564
561
558
555
549
544
534
527
517
503
491
481
472
466
465
463
463
467
468
470
469
470
468
464
458
452
450
448
446
452
453
458
466
472
477
482
483
484
485
483
479
475
475
472
474
477
480
487
494
496
500
504
506
503
502
498
492
489
487
488
487
493
497
503
508
511
516
516
514
513
507
503
496
491
489
486
489
491
496
501
505
510
510
510
510
508
503
497
493
487
487
487
489
491
493
496
498
497
495
491
486
478
471
463
458
455
454
456
459
463
467
472
473
474
474
472
467
462
453
451
446
446
447
449
453
457
462
468
467
469
468
466
461
455
451
449
447
450
450
452
456
461
464
467
464
463
460
455
448
445
439
433
435
438
439
445
451
455
458
461
463
462
461
456
453
449
450
446
447
449
452
459
463
467
467
470
468
467
460
455
451
448
444
447
453
455
460
464
469
470
473
475
473
470
464
459
456
452
452
454
458
464
470
476
480
485
490
489
489
488
485
483
479
480
482
487
491
497
502
507
509
513
510
509
505
499
494
488
485
485
484
488
487
495
495
500
500
499
496
492
484
480
474
470
469
467
472
475
478
484
490
492
493
492
493
488
484
481
479
477
479
481
488
493
498
503
507
510
510
510
507
503
499
495
491
492
493
498
500
506
510
514
515
513
513
511
504
497
491
487
484
483
482
487
490
492
495
495
496
492
490
483
476
471
464
460
457
461
462
464
472
475
475
478
480
477
473
471
463
459
458
456
456
460
465
471
476
482
483
487
486
485
481
476
472
468
466
466
468
472
475
476
483
486
486
486
483
480
477
469
464
460
459
461
467
473
476
481
485
488
490
493
490
486
483
478
477
474
477
481
484
488
493
495
498
498
499
498
492
485
478
474
470
470
472
476
483
487
492
497
499
499
501
498
492
486
479
476
473
473
474
476
479
483
487
490
491
492
489
487
484
481
478
477
479
483
487
493
500
505
511
513
515
514
514
508
504
502
500
501
502
507
511
516
522
525
528
531
530
528
523
517
515
509
506
507
508
510
513
518
520
523
522
519
517
510
500
493
483
475
468
464
462
459
458
454
453
456
456
457
459
463
469
478
491
512
536
564
596
635
677
721
765
815
856
895
931
961
983
993
994
995
994
998
999
996
995
999
996
992
970
924
854
773
683
595
510
443
386
350
331
324
328
338
353
375
393
411
426
440
452
461
469
474
482
484
488
490
490
490
489
487
481
476
474
472
473
475
482
489
499
510
519
531
537
545
550
552
552
550
550
550
551
553
558
563
569
573
579
581
582
583
579
576
568
562
555
550
547
548
547
552
555
556
559
560
560
559
558
555
551
549
552
553
558
569
578
589
600
612
621
633
641
649
652
655
662
664
671
681
692
703
714
727
735
746
753
759
764
762
759
759
755
751
751
752
757
756
760
760
763
763
760
755
747
741
729
719
709
700
696
693
690
686
688
688
682
685
678
674
667
660
653
645
643
643
643
650
654
661
669
678
681
687
688
691
691
692
691
691
694
698
705
708
717
723
729
733
737
739
739
738
732
730
723
726
726
728
733
739
746
750
756
759
762
762
761
755
751
743
741
737
741
742
743
748
752
757
759
760
763
758
756
752
748
742
741
739
738
743
744
744
744
744
744
739
728
722
708
696
684
672
663
658
651
647
642
639
634
627
620
611
598
588
572
558
545
537
529
523
520
519
516
515
512
509
508
505
498
489
485
481
479
482
485
490
498
505
517
521
529
534
540
545
547
550
553
557
564
574
585
597
613
625
638
650
659
667
669
675
673
676
678
680
687
691
697
704
713
717
720
719
718
716
707
696
686
677
666
660
655
652
647
647
646
646
644
650
650
648
649
645
641
636
632
628
625
625
618
617
614
607
598
593
586
577
568
558
552
549
545
546
548
551
557
559
565
567
571
571
570
567
565
561
560
558
558
558
559
560
559
559
559
553
547
541
532
523
511
501
493
486
481
479
476
475
476
477
475
475
472
467
461
456
451
449
450
448
452
456
462
467
472
475
477
474
473
467
463
458
453
453
451
455
458
461
465
470
471
472
470
465
463
456
447
441
437
436
435
440
441
445
447
452
455
455
454
447
443
436
430
424
421
418
419
422
423
427
429
432
436
436
438
435
434
429
427
427
427
431
438
443
447
456
458
462
465
466
464
460
453
448
442
441
440
439
442
446
447
447
452
449
448
446
443
438
430
425
424
423
427
428
433
440
443
448
451
451
451
448
440
434
429
424
424
423
425
426
430
433
436
436
433
433
432
426
419
413
409
408
408
410
414
418
423
429
432
436
434
432
431
426
420
415
412
412
415
418
420
424
427
428
430
428
426
421
416
412
408
404
404
404
410
414
423
427
436
439
445
445
443
441
435
429
425
422
422
422
425
428
432
434
437
440
440
439
434
431
427
424
424
420
425
427
434
439
444
449
454
456
456
452
448
442
437
433
432
435
439
444
449
457
461
465
470
471
470
468
466
461
453
451
449
451
451
455
457
457
460
462
463
461
458
454
449
442
440
439
440
445
448
451
455
458
463
463
465
462
458
455
450
445
444
444
444
450
451
454
456
457
457
452
447
438
430
421
410
399
395
394
398
404
414
425
439
452
467
484
500
517
533
553
577
604
635
674
713
755
798
834
868
896
912
927
932
933
931
924
923
913
906
888
862
815
760
689
603
516
428
347
275
218
173
149
140
142
156
180
204
235
266
293
318
335
350
359
362
362
358
357
355
358
356
358
359
361
364
368
369
368
368
366
361
352
349
344
344
342
344
345
345
345
342
337
330
322
312
302
292
283
277
274
272
276
277
283
285
290
293
297
300
302
301
302
305
306
312
321
332
344
352
365
375
381
386
390
392
392
391
389
388
390
389
397
403
407
416
422
426
429
430
427
423
418
412
408
404
400
404
401
401
399
402
400
397
393
387
380
373
366
361
356
357
362
368
377
386
397
408
417
426
431
436
438
440
443
445
447
452
458
466
475
489
498
506
514
520
526
528
529
530
531
531
534
538
543
550
557
565
571
578
585
588
591
592
591
592
590
591
597
601
606
613
618
622
626
629
629
627
621
619
612
607
605
604
604
607
610
613
617
620
619
621
620
619
613
607
607
607
607
608
614
615
622
626
632
632
633
631
628
620
612
600
591
580
569
564
554
547
539
532
521
511
504
494
482
467
457
448
439
432
432
429
433
434
437
440
441
442
443
441
436
431
426
417
412
408
405
399
396
391
387
384
382
376
372
365
359
353
348
348
351
356
366
374
385
395
405
415
423
430
436
439
442
444
445
449
451
455
459
463
467
472
472
476
478
472
470
465
458
454
449
450
451
456
463
466
471
473
476
478
478
476
473
468
464
459
459
458
460
468
473
478
483
484
485
483
480
472
464
455
447
440
438
438
438
441
445
446
451
454
456
456
457
456
453
451
452
452
456
461
464
469
471
472
471
470
462
455
446
434
424
416
410
406
406
404
406
411
413
419
419
424
424
425
422
420
417
417
420
424
429
434
438
445
448
451
449
448
442
434
425
418
409
403
398
396
396
396
395
398
396
397
393
389
382
376
367
360
354
353
350
351
353
353
356
357
356
354
354
350
348
344
342
337
338
335
333
335
334
337
335
332
328
323
314
306
295
285
274
267
263
261
260
260
260
261
263
261
255
251
244
236
229
223
217
214
215
215
221
221
222
223
224
223
219
213
208
200
193
187
184
184
183
184
187
188
191
194
195
195
196
191
191
190
187
189
188
194
197
204
211
218
222
227
229
233
231
234
231
231
232
236
237
243
251
257
263
269
274
277
280
280
278
276
275
271
270
271
273
278
282
286
291
294
297
294
295
289
284
277
271
262
261
256
253
251
251
247
247
241
240
235
229
222
215
209
205
204
202
203
205
208
211
215
216
217
214
211
204
197
189
183
179
177
178
180
184
184
189
189
192
192
188
188
186
183
177
175
173
172
173
174
179
179
183
182
183
180
173
165
162
150
143
141
134
133
137
139
142
145
145
147
147
148
147
146
149
154
167
176
192
213
230
252
274
295
321
347
375
405
434
460
487
514
537
561
580
591
599
603
608
609
606
602
592
579
551
512
465
408
348
282
217
157
104
64
31
10
2
0
0
8
19
36
56
76
96
119
138
156
169
179
191
193
195
190
180
166
152
136
119
103
90
78
63
53
41
31
17
5
0
2
0
2
1
1
0
0
0
1
1
0
0
0
0
0
0
1
0
0
1
0
0
0
1
1
0
0
2
0
0
0
0
2
0
0
0
0
0
0
0
1
0
0
0
0
7
12
23
33
47
59
79
100
125
151
179
205
234
260
283
304
321
337
350
357
367
375
381
390
398
403
409
413
416
418
416
413
407
398
385
373
364
352
343
337
334
332
332
332
331
331
328
326
318
311
305
295
288
286
288
295
302
316
327
343
356
371
385
396
407
417
430
442
458
472
491
510
532
544
560
576
587
592
597
597
592
585
577
565
559
550
540
534
528
525
521
517
511
507
502
495
488
479
473
469
464
461
457
457
457
456
457
460
461
459
457
453
449
446
443
442
443
443
446
443
443
440
433
425
418
404
390
379
367
354
344
336
330
324
321
316
316
312
310
306
304
299
296
292
292
291
292
298
302
307
308
312
314
316
312
312
312
306
302
299
295
297
301
305
311
315
323
330
337
342
345
347
348
343
342
340
338
342
345
350
354
361
364
368
373
372
369
365
360
353
351
349
349
351
356
361
369
374
382
387
391
395
397
394
390
387
386
384
385
388
388
394
397
402
408
409
411
415
414
417
416
417
416
421
427
434
442
449
455
465
469
472
475
476
475
472
467
462
458
456
453
447
443
437
431
425
419
410
403
393
385
375
369
364
364
365
367
374
379
388
396
399
405
407
407
405
405
403
405
406
412
418
428
435
444
452
461
463
468
471
470
471
471
475
480
488
498
506
517
529
537
545
549
553
554
554
551
547
541
540
538
537
536
534
534
533
533
530
528
524
518
509
502
494
488
482
480
478
479
481
484
489
492
490
493
493
491
485
482
477
473
475
478
480
486
493
499
507
510
518
520
521
519
515
513
511
515
520
523
531
540
549
557
563
570
569
567
563
561
558
557
554
554
559
562
565
570
572
572
569
567
562
556
551
543
531
526
522
521
523
525
529
534
537
542
544
548
549
546
545
543
542
544
547
551
555
559
567
572
575
578
578
577
577
572
568
562
558
555
556
557
559
561
562
566
564
565
563
560
553
550
547
543
541
540
543
546
547
550
551
551
549
547
545
541
536
530
528
529
526
528
531
534
539
544
549
552
552
555
551
549
547
544
543
544
545
553
560
563
568
571
569
570
565
558
551
544
542
540
548
559
569
587
602
622
639
660
680
703
722
748
768
793
815
839
864
886
904
916
923
922
920
915
908
898
887
876
860
836
805
767
719
668
607
548
496
447
408
382
368
364
368
378
398
415
437
462
486
510
530
549
562
572
579
581
579
575
565
556
550
547
542
543
547
550
555
557
555
559
556
554
551
546
542
538
535
534
538
546
548
555
562
571
580
586
591
596
597
599
600
600
601
602
607
611
620
623
628
632
630
628
621
615
611
600
591
584
576
567
562
557
554
548
543
541
537
533
532
529
532
535
539
551
563
577
598
619
641
664
688
708
723
735
747
757
763
767
770
777
782
789
793
798
803
804
806
804
801
796
787
779
768
760
753
750
746
745
744
743
739
735
730
724
718
712
708
695
692
686
674
668
663
657
650
643
633
625
613
602
590
577
565
559
554
553
560
571
585
602
622
644
668
691
711
737
752
766
779
793
809
823
839
854
872
887
904
918
931
944
955
964
971
979
984
990
993
995
994
996
998
997
996
999
998
999
997
998
999
998
1000
1000
999
999
1000
999
999
999
997
998
996
998
995
993
986
973
949
925
899
874
851
828
811
793
781
766
755
745
739
733
730
728
729
732
742
751
759
771
776
783
788
791
793
792
788
785
785
784
784
789
795
799
806
809
814
811
809
804
800
793
783
775
765
762
759
756
758
755
756
757
753
746
741
732
726
711
699
688
682
676
673
669
672
675
677
680
686
688
691
690
690
690
688
684
681
680
678
678
674
673
669
666
659
651
642
634
620
611
596
589
584
582
584
584
583
585
589
593
598
598
596
597
596
592
594
592
600
609
617
622
627
633
638
641
640
640
635
630
626
626
628
629
636
637
640
642
645
648
651
652
649
647
640
636
635
632
633
637
641
647
650
648
647
643
638
634
628
622
614
606
600
594
592
593
596
597
601
602
600
600
600
602
597
594
591
589
586
584
584
585
587
587
587
587
586
586
585
581
579
576
574
572
571
570
571
573
577
583
590
594
594
594
594
589
588
581
579
577
581
587
591
593
596
595
593
590
589
583
580
571
560
554
549
545
543
546
551
553
558
563
564
566
566
564
560
553
550
547
546
550
548
550
551
548
550
555
556
555
557
556
553
552
550
550
553
556
562
567
572
577
582
585
588
586
585
586
587
585
585
586
592
599
604
609
614
618
620
622
620
615
614
608
604
596
592
589
591
591
590
589
590
589
586
584
581
573
568
561
553
547
545
544
544
544
546
549
550
546
543
537
533
527
520
520
519
525
535
547
560
575
588
604
615
627
640
651
665
675
692
705
716
727
734
740
739
735
728
717
705
688
671
652
631
605
570
530
483
432
376
318
262
209
164
131
107
97
93
97
106
121
137
157
178
201
222
244
263
279
290
300
304
308
305
303
299
295
292
291
293
297
302
305
313
315
320
326
328
329
329
325
322
322
320
319
325
329
337
342
349
350
350
352
349
348
341
337
332
327
325
327
325
325
327
330
328
328
321
319
311
307
300
298
290
290
291
294
300
306
313
319
329
336
344
349
354
357
363
369
375
385
395
406
415
426
438
450
462
470
475
478
482
483
483
484
486
490
497
499
506
511
514
519
516
519
515
510
505
499
494
489
491
488
491
492
497
501
509
513
515
518
519
516
513
513
517
521
528
536
544
550
559
564
573
578
582
585
591
587
587
589
589
591
598
601
608
614
616
619
621
622
619
615
611
610
605
602
603
604
607
610
614
619
620
622
623
622
617
614
608
603
600
602
603
608
614
621
630
633
636
643
639
639
638
629
625
617
613
611
609
607
605
604
601
598
590
579
570
557
540
524
507
495
480
469
459
449
442
435
429
422
415
405
394
382
372
359
353
346
346
348
345
347
348
351
351
351
346
344
336
330
324
317
312
309
311
315
318
321
328
331
335
335
337
339
339
337
339
340
341
348
355
362
375
383
391
400
407
411
415
415
414
412
410
412
415
419
423
429
432
436
439
442
442
441
439
436
431
425
423
422
426
429
434
437
443
448
453
453
456
456
452
449
447
447
447
448
453
457
462
468
470
476
478
479
480
478
473
471
471
467
470
471
474
478
482
485
487
489
488
485
479
473
465
455
447
441
438
433
430
429
427
428
429
428
426
424
420
418
414
409
410
413
414
419
424
434
441
447
451
454
455
455
455
453
450
447
448
451
454
460
464
468
475
479
482
490
490
494
495
494
494
497
501
503
511
518
524
529
534
540
546
547
548
544
541
541
540
542
541
545
549
550
552
550
552
548
542
535
526
517
509
504
497
496
497
500
500
504
507
509
513
514
517
518
517
514
515
513
517
522
524
529
534
537
535
536
535
529
523
515
508
502
494
489
487
489
490
491
494
494
496
496
494
487
482
476
470
466
464
464
467
469
474
478
483
488
492
494
495
494
489
487
482
481
478
478
479
480
484
484
486
485
483
483
476
471
465
457
453
445
445
448
450
454
457
460
463
462
462
458
454
448
441
435
432
435
442
453
469
487
502
521
539
555
575
595
616
638
665
696
730
763
804
832
862
885
899
909
910
908
899
887
871
860
844
825
803
773
735
687
630
568
507
445
389
339
298
269
250
238
236
242
256
273
295
313
333
352
364
378
381
387
389
389
390
389
394
399
406
416
422
434
444
452
460
469
472
476
480
481
484
487
494
503
512
520
533
546
555
564
570
574
578
576
579
577
575
577
579
581
585
588
591
592
593
592
590
582
573
565
554
543
530
522
515
508
500
494
487
481
469
456
445
428
412
396
380
366
353
343
337
332
327
323
321
316
312
305
301
287
280
272
268
266
267
270
278
287
295
308
316
328
336
345
350
355
361
364
368
377
383
395
406
417
428
438
446
452
453
455
453
452
448
443
441
439
439
439
440
442
444
444
442
443
440
435
427
424
421
422
425
433
444
456
471
486
501
514
528
540
550
559
565
572
581
588
597
608
617
628
636
647
651
655
657
660
654
652
651
648
646
646
647
654
655
660
662
665
666
666
663
659
653
648
642
636
633
627
628
627
624
622
622
616
612
607
596
588
577
565
555
549
542
541
539
540
540
540
541
541
539
534
535
525
520
516
511
511
512
514
518
524
527
531
530
532
534
528
526
519
513
511
507
508
511
513
514
519
523
523
528
527
524
522
515
511
507
503
505
508
512
513
518
522
525
527
527
525
526
520
517
511
509
508
508
512
517
518
523
528
529
529
527
527
524
517
513
508
508
507
509
513
518
522
527
535
538
541
545
546
545
547
544
545
551
556
564
570
581
589
599
607
615
617
621
623
624
630
628
629
633
641
648
658
666
673
678
683
684
682
679
675
671
666
665
662
662
665
666
671
670
673
675
675
674
674
673
670
667
666
668
670
677
681
690
696
703
705
708
709
708
705
704
699
695
694
692
696
702
702
704
710
712
714
713
711
711
704
698
691
689
686
686
684
685
686
687
686
684
683
676
676
665
658
650
643
639
635
635
638
641
643
646
646
644
643
639
635
631
626
624
622
624
630
635
643
652
660
667
674
680
684
683
684
682
679
677
675
673
677
676
679
684
687
686
687
685
684
681
676
675
671
673
677
677
684
693
698
704
711
719
721
724
722
720
717
713
708
708
710
713
714
716
722
722
722
723
720
716
713
705
700
695
690
688
689
688
688
691
690
692
686
685
678
670
661
653
647
640
636
635
638
642
642
647
650
651
652
652
653
650
641
638
637
637
636
642
645
651
654
659
666
668
670
669
665
660
655
650
645
645
640
638
633
635
631
630
630
633
634
637
641
644
648
658
670
687
708
735
767
801
842
881
923
964
991
997
998
996
996
995
998
999
999
998
998
997
998
996
996
992
974
934
871
795
720
650
587
534
496
473
463
465
474
487
503
521
536
548
559
567
571
579
586
587
591
592
593
592
588
585
577
569
561
555
546
542
540
537
541
542
545
550
552
555
555
556
554
552
551
546
546
545
546
550
556
561
566
571
573
576
575
571
568
563
558
554
551
554
555
558
563
567
569
573
575
578
575
570
565
562
554
547
543
541
544
545
549
551
558
564
571
576
579
581
583
585
585
589
593
598
604
612
617
625
627
633
633
631
630
624
619
613
611
609
610
612
616
619
622
624
626
625
625
619
615
608
600
595
593
588
588
589
589
590
593
595
593
593
590
586
581
575
572
567
567
569
571
573
581
582
587
594
595
597
597
598
595
597
595
599
604
611
619
628
637
646
654
659
663
665
666
668
665
663
661
664
665
669
673
678
680
683
682
682
678
675
668
660
655
652
650
653
652
660
662
662
665
669
670
667
664
660
659
651
647
643
640
639
641
642
644
643
644
644
639
632
625
617
609
601
596
594
595
599
599
604
610
616
624
628
640
643
648
650
653
656
658
663
665
669
670
668
669
667
666
663
659
655
654
653
654
660
665
676
688
698
707
719
728
736
739
742
742
741
738
735
730
729
728
727
727
727
727
720
719
713
708
698
688
677
664
652
642
636
632
628
624
619
619
616
612
609
600
593
584
577
565
558
552
552
548
547
550
550
551
551
552
550
549
543
539
535
533
532
533
534
537
542
544
548
549
550
549
546
541
536
530
522
518
517
514
516
517
516
516
516
514
512
510
507
499
497
493
488
488
489
492
495
502
508
513
516
522
521
520
518
515
511
510
509
508
511
514
515
520
523
526
527
527
525
520
516
509
502
498
495
494
494
495
496
496
498
495
494
489
482
473
465
457
448
441
437
437
434
435
435
435
437
433
431
428
421
415
410
407
400
400
405
404
411
414
417
423
425
427
425
421
418
412
408
406
406
402
405
408
408
413
418
421
421
419
416
413
409
402
397
396
394
396
398
401
405
411
415
416
418
419
420
416
412
408
407
406
409
413
415
420
423
425
429
431
432
426
425
423
416
415
414
417
423
428
434
440
447
453
455
456
455
452
447
440
434
429
427
424
425
426
430
430
431
432
428
425
423
417
409
401
396
394
392
394
395
397
400
403
402
403
403
400
395
387
384
379
377
377
378
383
388
393
399
404
405
406
404
404
398
393
389
385
382
383
385
390
396
397
400
404
405
405
402
395
389
381
374
368
368
364
364
361
364
363
364
366
370
377
380
386
395
402
418
433
457
482
512
544
582
622
667
710
750
790
820
847
868
880
891
896
903
904
909
903
900
887
867
827
774
708
631
546
460
378
308
252
208
184
171
174
183
198
221
246
269
291
307
321
333
343
350
357
361
367
370
372
369
366
361
355
348
340
332
329
328
324
329
333
337
343
350
353
359
358
358
357
353
350
346
343
342
344
345
349
356
359
364
366
368
369
366
365
363
362
359
361
364
371
379
386
395
403
411
417
423
426
426
427
426
423
423
426
429
433
438
443
447
453
456
456
455
455
450
443
439
435
437
437
440
443
449
456
459
464
469
471
470
469
467
463
465
464
466
466
471
477
484
486
488
489
490
489
490
484
481
476
475
474
475
480
484
490
497
502
504
508
508
508
504
499
495
492
490
490
492
497
500
506
508
511
516
520
524
525
523
525
527
530
536
544
557
567
577
589
596
605
611
614
616
616
613
609
611
609
611
618
620
629
634
641
645
649
650
653
649
646
641
639
634
634
634
635
637
638
636
638
634
632
626
617
606
597
585
577
569
563
560
554
556
551
550
546
540
534
524
516
504
496
485
476
472
470
467
467
467
468
468
467
467
465
461
457
455
453
450
453
457
466
473
484
495
504
511
516
520
527
527
530
531
531
535
540
549
555
562
568
575
576
582
585
581
580
575
572
568
566
566
568
574
576
580
586
585
588
586
581
575
568
561
550
545
539
535
537
535
534
535
537
534
534
532
527
523
516
511
508
506
503
506
507
512
516
519
520
521
520
516
512
505
499
494
487
483
482
484
486
485
487
488
488
487
486
483
480
475
470
468
466
465
470
473
477
483
486
491
493
494
491
488
483
478
473
469
468
471
473
477
480
483
486
489
490
490
486
486
479
476
473
472
475
479
481
486
491
494
496
498
499
500
494
489
488
484
481
482
483
486
492
494
496
501
502
500
500
498
493
486
480
477
473
471
473
473
476
476
480
480
481
480
474
468
466
459
456
453
453
454
460
461
464
469
473
476
479
477
474
473
466
465
462
461
464
465
468
471
475
475
478
477
474
471
467
461
453
447
443
443
444
446
447
452
453
454
455
454
450
448
443
438
432
428
428
429
432
437
441
447
452
455
457
457
459
457
452
450
448
447
449
454
458
463
468
469
472
474
477
476
470
468
465
462
462
463
466
470
476
481
487
489
493
491
489
485
480
473
466
459
457
458
459
464
466
470
474
474
474
472
469
466
460
457
452
445
447
446
449
452
455
459
461
463
466
463
460
455
450
445
445
444
446
446
452
456
460
462
464
463
462
459
455
451
443
440
439
439
440
443
446
450
453
453
449
447
443
434
423
413
403
395
388
382
383
388
392
402
414
425
438
451
468
485
506
527
555
589
628
671
717
768
818
863
908
943
967
982
991
990
990
990
988
986
982
977
956
918
866
800
724
638
548
462
383
320
269
238
222
219
227
244
271
295
322
348
367
380
390
396
395
391
388
384
381
379
375
375
376
377
379
380
382
382
382
379
381
381
381
387
392
399
407
415
423
431
436
439
440
439
436
429
424
418
415
416
415
421
423
429
433
437
441
446
450
454
457
461
467
477
488
501
511
523
539
550
559
567
572
577
578
577
580
575
573
575
575
577
582
584
587
588
590
589
585
584
581
571
568
562
559
558
557
558
558
559
561
562
560
560
557
555
549
546
541
542
540
546
548
553
557
565
569
574
575
577
576
575
571
569
569
571
570
579
583
585
591
599
596
598
598
596
590
581
574
568
563
560
561
560
563
562
565
566
566
566
562
557
554
551
546
542
541
541
545
549
552
555
558
562
560
562
558
556
552
547
543
543
543
547
553
559
563
569
572
576
579
579
577
574
573
570
566
566
566
569
572
575
578
577
579
576
572
567
559
549
541
536
525
522
520
521
519
517
517
515
512
508
497
488
479
468
460
450
444
441
439
438
437
437
438
435
434
430
426
419
416
411
408
406
407
413
417
424
428
434
438
441
442
441
440
435
431
427
425
427
431
433
436
441
443
448
449
453
454
452
450
446
444
443
445
450
455
459
463
466
471
472
472
472
467
462
455
449
445
442
439
439
446
447
450
453
458
458
458
455
450
443
437
432
428
425
426
428
432
437
441
446
451
451
454
456
457
458
460
462
469
475
484
492
503
508
515
520
522
524
523
521
515
510
504
500
497
498
499
500
501
502
500
501
495
492
485
477
470
462
456
450
449
451
452
451
453
455
454
455
454
450
444
441
439
435
432
433
436
439
445
447
455
461
464
464
465
463
459
458
455
450
451
453
455
459
463
468
470
472
471
469
464
458
454
449
445
442
441
443
445
447
449
452
453
454
455
451
447
443
438
435
433
432
434
439
444
447
453
458
460
463
464
462
459
455
453
452
451
452
456
459
465
468
471
473
473
471
468
463
457
450
446
441
439
440
440
443
446
448
447
449
449
445
442
438
432
429
425
428
427
431
437
442
448
453
459
461
460
458
457
449
446
443
443
444
444
449
453
459
461
463
465
465
467
462
458
453
454
450
450
451
454
460
462
465
467
467
466
463
462
451
445
440
434
431
431
433
438
440
445
447
448
451
450
450
444
441
437
433
433
431
433
438
444
448
451
456
458
461
460
458
456
451
447
445
447
446
448
453
457
462
468
470
472
473
472
468
463
461
457
456
460
461
465
469
475
476
478
479
478
472
467
459
450
440
433
428
425
427
431
438
449
459
471
485
499
515
531
551
575
601
632
670
712
755
804
850
899
944
978
994
996
994
995
996
997
997
995
997
994
993
973
928
865
787
697
597
504
417
342
282
240
219
213
221
236
260
290
321
349
375
393
405
416
417
416
415
412
408
405
406
406
404
404
408
404
405
405
402
400
394
393
393
396
401
405
411
420
424
430
436
438
439
438
433
429
421
416
411
410
411
409
410
413
414
412
410
409
404
399
392
387
380
377
376
374
378
381
385
389
391
394
394
394
393
389
388
384
384
384
390
396
403
410
419
428
435
441
444
448
449
447
448
446
448
452
455
462
469
475
481
487
491
494
496
495
491
491
490
488
487
490
494
497
501
505
505
508
509
506
503
500
493
488
484
483
483
486
488
493
497
501
501
502
503
500
494
487
483
478
476
474
473
476
480
485
490
497
503
505
505
508
509
506
507
506
508
513
518
523
530
534
537
542
543
542
539
537
532
528
520
517
513
513
517
520
520
523
523
526
525
523
520
514
509
501
495
492
490
489
486
487
489
488
485
481
478
471
463
456
447
440
433
432
431
430
432
435
438
438
438
438
437
434
432
428
423
424
421
424
427
431
433
438
444
445
448
445
443
440
435
433
431
430
431
436
439
444
452
457
463
467
471
469
467
465
464
465
463
465
468
474
478
481
487
491
494
494
496
494
493
491
490
492
492
497
504
510
517
525
532
537
541
543
542
543
537
534
530
527
529
530
533
533
537
540
542
541
540
536
533
527
521
514
511
509
508
511
511
516
518
520
526
527
525
523
521
517
513
510
509
511
512
517
522
528
531
535
535
536
533
532
527
523
520
518
518
520
525
530
532
539
543
544
545
543
541
535
529
524
518
515
512
515
517
520
523
525
526
526
527
519
516
511
505
500
496
496
497
496
501
503
507
510
508
508
505
501
497
491
483
481
478
477
478
480
481
483
487
485
485
482
478
473
470
464
457
457
458
460
462
466
469
471
474
476
475
474
472
466
464
457
454
451
451
456
459
464
464
467
469
470
469
466
462
457
452
451
448
449
450
454
458
460
464
468
468
468
466
465
462
455
453
451
451
451
454
459
463
468
468
468
470
468
466
463
460
455
453
453
457
459
463
468
475
479
482
485
488
485
484
481
478
476
473
475
476
480
484
485
491
492
495
495
494
491
486
483
480
479
477
479
485
487
489
496
498
500
499
495
490
483
478
471
466
462
463
464
466
468
473
475
479
478
476
475
470
464
460
455
451
451
451
457
459
464
466
471
473
473
470
470
466
461
456
455
453
454
455
460
463
466
471
475
477
478
478
476
473
470
469
469
471
475
478
484
489
494
497
499
498
497
493
486
479
470
464
457
455
455
455
460
467
476
484
497
508
524
539
558
579
607
636
672
712
756
805
851
901
945
983
994
998
997
998
999
998
997
999
999
999
999
999
995
979
932
866
777
679
584
491
410
346
301
273
263
265
280
299
325
354
381
404
423
435
443
449
450
449
451
449
449
450
448
451
451
450
448
444
443
440
437
437
436
439
441
448
455
461
468
474
477
480
482
480
475
468
463
459
454
452
450
454
456
455
455
456
454
452
452
448
443
440
437
434
432
433
432
433
433
430
429
426
421
419
412
409
404
402
404
407
413
424
432
445
457
465
476
486
492
495
497
501
502
502
506
511
518
525
533
539
550
556
564
569
570
574
571
571
568
566
567
569
572
574
581
581
582
583
581
580
576
571
566
562
555
553
552
551
555
559
560
562
562
561
562
560
556
553
547
544
546
544
550
559
568
575
586
593
604
612
617
623
627
627
628
633
634
642
647
655
662
669
673
680
682
683
678
678
675
669
665
660
660
658
658
659
659
661
661
658
657
652
649
642
637
628
621
616
613
612
611
613
611
612
613
614
609
608
606
599
596
594
590
590
592
592
597
600
602
602
599
598
591
586
578
570
559
556
547
543
543
541
539
539
536
532
527
523
516
508
498
490
482
477
476
473
475
476
480
482
485
485
488
487
485
483
479
478
476
476
478
484
488
491
495
499
501
499
498
495
493
489
486
484
483
486
490
496
502
506
514
518
521
523
522
518
517
514
513
513
513
517
517
523
526
529
533
534
537
534
534
530
526
523
523
524
528
532
535
538
543
545
550
550
549
545
540
535
529
522
517
518
518
517
520
520
519
519
520
514
511
508
500
493
489
485
482
482
483
486
488
492
494
496
497
498
497
494
491
488
487
487
490
495
503
508
514
519
525
529
530
530
531
528
526
524
525
528
532
537
543
547
550
555
557
558
560
557
555
551
549
547
546
547
549
554
556
553
556
554
550
546
539
534
529
519
513
508
508
508
508
509
510
511
510
510
506
502
499
492
489
483
477
478
478
480
482
483
487
491
491
492
493
492
488
485
485
483
482
483
490
495
499
503
506
507
510
509
508
503
503
496
492
493
494
497
499
504
506
510
516
517
518
518
516
516
515
513
509
508
511
515
516
517
522
523
524
524
521
519
514
510
502
499
500
497
498
500
502
505
508
508
507
505
504
499
493
488
479
475
471
468
469
469
469
472
471
472
473
468
467
462
457
453
451
449
449
452
455
458
458
459
461
461
460
458
452
450
444
443
440
440
445
445
449
453
455
459
460
458
458
454
453
447
443
440
436
438
438
440
442
446
445
447
447
446
443
436
433
427
421
418
413
413
412
410
409
404
400
395
392
393
392
393
400
407
417
432
453
479
511
543
580
614
655
699
746
788
829
869
909
945
970
984
993
995
995
995
994
996
993
991
971
932
866
790
700
604
509
421
346
289
245
219
204
202
209
223
243
265
289
312
329
350
364
378
388
397
403
404
405
403
399
397
394
390
388
386
387
390
399
405
415
423
434
444
447
453
456
458
457
456
458
457
459
462
465
468
468
473
473
473
472
468
466
459
454
450
445
444
442
441
443
444
447
448
449
447
445
442
441
437
433
430
429
429
431
436
443
449
459
464
471
477
483
487
489
492
496
500
507
515
523
533
541
549
556
560
566
567
567
564
564
560
557
556
556
558
558
562
563
563
561
560
559
555
553
550
547
545
541
540
544
547
552
560
562
570
573
575
578
580
580
580
579
582
583
588
593
600
607
616
626
631
635
638
641
641
643
639
641
641
643
643
646
649
653
655
656
656
654
651
645
639
635
630
627
623
624
627
632
633
634
637
637
639
639
638
633
628
623
620
616
615
616
618
617
618
617
615
611
608
604
596
587
580
570
564
560
556
556
554
555
554
552
552
546
541
538
531
524
515
511
507
503
502
501
503
502
502
500
499
494
490
486
482
477
474
471
475
478
481
488
496
503
510
516
521
525
527
527
526
522
519
518
517
521
521
524
527
530
529
530
526
526
520
516
510
511
509
508
511
515
521
526
526
532
534
534
534
534
528
524
520
515
515
514
515
514
516
516
517
515
512
509
499
493
485
478
470
466
463
462
461
461
465
464
466
465
464
461
459
454
450
446
443
440
440
443
446
449
449
450
449
449
448
445
441
436
433
428
428
429
431
434
438
439
442
446
448
443
441
440
437
431
424
423
422
422
426
430
431
436
441
441
442
442
442
438
432
429
424
421
416
419
418
418
419
416
417
416
413
409
406
403
401
401
403
407
416
423
431
441
448
456
461
463
464
464
463
459
455
448
448
447
448
450
450
451
449
449
446
443
440
435
429
426
423
420
420
424
426
429
433
435
438
439
440
440
441
437
439
434
433
435
440
444
450
455
457
460
461
461
458
457
450
445
440
435
431
429
428
430
431
432
435
436
436
434
434
434
432
430
428
429
430
434
435
439
443
448
444
444
443
441
439
432
428
422
420
420
420
423
427
432
436
441
442
444
444
442
439
434
431
426
422
421
422
419
422
420
423
423
422
420
419
415
410
405
402
398
397
398
399
403
407
410
411
413
415
415
412
411
405
404
400
400
399
404
410
414
417
423
425
426
428
427
425
425
424
422
424
423
424
427
432
436
437
441
444
443
444
441
440
437
433
429
431
431
432
434
433
433
432
431
422
418
413
408
406
405
405
413
425
440
462
485
511
541
572
601
637
674
713
754
798
843
881
921
958
985
994
997
994
996
996
996
996
998
995
991
970
924
862
781
699
606
520
442
378
326
292
275
266
273
283
299
321
344
369
394
415
432
450
458
461
460
453
448
436
422
406
395
381
373
365
362
362
364
371
377
383
390
397
404
415
423
429
438
447
456
466
476
484
489
492
492
491
490
482
475
468
462
454
447
445
443
447
446
452
456
461
466
470
472
476
479
480
481
483
488
496
504
512
522
532
537
546
553
560
559
562
565
563
559
561
559
563
567
568
570
571
572
569
566
560
556
551
543
538
534
531
532
533
538
539
544
548
551
548
550
547
543
540
534
531
529
528
530
531
534
537
538
539
541
541
536
535
532
527
526
524
524
527
532
539
546
551
559
561
564
568
568
570
569
569
570
571
576
581
592
599
606
616
624
628
634
637
638
636
635
633
631
629
633
632
636
635
638
636
635
636
634
627
625
619
614
612
608
611
612
616
616
617
619
620
617
613
608
599
592
583
575
570
564
561
559
557
556
552
553
549
543
537
529
521
515
507
501
497
495
493
494
494
494
494
493
494
489
486
481
474
469
465
460
458
457
458
459
460
462
464
465
465
464
462
459
457
455
455
455
456
462
468
478
484
490
495
498
503
506
506
505
505
505
504
505
507
512
517
524
528
534
537
542
543
542
540
539
533
529
530
531
532
534
540
543
547
546
548
547
545
540
530
516
498
479
456
438
421
402
386
373
365
356
352
351
351
358
363
374
387
404
425
445
465
487
504
520
532
537
542
542
539
536
528
520
510
506
501
493
489
488
484
483
482
479
477
474
470
466
467
467
467
473
481
486
491
498
501
503
506
508
509
505
504
502
503
504
509
511
516
523
526
526
528
527
524
520
517
511
508
502
499
500
504
505
509
512
516
520
521
525
523
521
520
521
518
517
517
519
524
525
524
524
523
520
516
510
504
495
485
473
459
443
430
414
398
379
360
345
327
309
297
284
275
273
274
279
291
307
328
352
376
399
425
446
457
470
476
479
476
470
463
455
447
442
436
433
429
431
428
428
426
427
430
431
432
436
440
446
452
459
468
478
485
489
494
499
499
503
498
496
493
489
487
491
493
497
503
508
513
516
517
518
520
515
513
508
506
502
502
503
506
508
514
517
520
522
525
525
522
519
515
512
508
506
502
503
503
506
507
507
507
510
504
503
502
495
490
489
483
485
485
487
489
490
491
493
490
488
485
479
475
468
462
457
454
455
455
456
455
455
455
453
450
445
444
440
434
428
422
419
419
417
418
420
421
423
423
420
418
417
420
419
427
432
441
454
469
489
511
539
563
591
625
661
696
730
768
801
832
860
880
900
912
920
921
924
927
929
922
913
897
867
821
760
688
608
522
432
353
286
232
193
168
156
157
166
182
204
225
251
274
300
322
342
360
374
386
393
398
400
399
397
394
390
385
382
378
377
379
382
389
394
398
401
402
401
400
398
396
391
386
382
380
377
377
379
382
383
388
389
390
393
395
395
393
396
398
401
406
414
423
431
439
445
451
456
459
458
459
455
454
452
450
450
453
456
459
465
467
470
468
470
467
464
464
459
454
450
451
451
453
457
463
467
469
475
477
477
474
476
470
468
464
461
458
459
460
462
462
464
463
465
463
462
458
458
454
451
453
454
457
462
469
476
485
491
494
502
504
509
510
511
511
511
508
509
512
514
515
517
518
520
521
521
519
519
519
519
519
520
526
531
540
548
556
565
573
581
585
590
589
590
586
583
583
581
578
578
579
582
584
579
579
580
575
573
569
564
557
554
548
548
546
545
545
546
551
549
549
545
540
535
527
520
511
503
501
495
492
492
491
489
490
488
484
481
474
468
464
454
447
442
437
435
435
435
434
432
430
430
426
420
415
407
401
394
387
385
379
379
380
382
382
381
384
384
380
378
374
370
361
360
354
352
351
354
357
359
359
362
363
364
364
364
360
361
360
360
360
364
369
373
380
382
388
391
390
388
387
383
379
377
373
372
371
374
376
382
385
389
388
388
388
387
383
379
376
370
367
365
369
373
375
384
389
395
398
402
403
408
409
408
408
409
410
415
418
424
427
431
433
435
435
434
429
424
419
411
403
400
396
395
396
397
399
399
400
403
402
399
400
399
398
395
393
393
395
399
405
408
414
419
423
423
426
426
425
424
422
420
419
421
427
432
436
442
447
450
450
451
449
446
441
437
428
427
430
428
432
435
437
437
437
435
433
431
427
424
421
418
415
418
420
420
423
424
428
428
427
424
419
418
410
407
403
400
402
403
406
408
411
412
414
414
412
412
408
406
398
396
394
396
395
396
399
402
404
405
407
408
409
406
403
401
400
399
401
405
411
418
423
431
436
441
448
449
450
452
452
449
449
450
451
454
459
464
469
474
478
479
481
483
482
482
480
480
479
480
482
485
488
491
495
496
497
495
492
487
483
477
471
467
465
464
465
467
474
476
477
477
478
476
476
469
467
463
460
458
460
465
472
481
486
494
499
502
502
503
502
499
495
493
488
488
487
491
493
497
499
502
503
503
503
500
497
495
489
487
482
482
481
483
484
485
489
486
483
481
475
472
464
456
448
442
434
428
425
423
423
424
430
433
440
449
464
479
494
515
540
572
604
642
685
731
785
832
880
927
961
990
994
996
995
996
995
993
996
995
994
993
992
981
947
898
832
753
Amount of Readings: 
10000
