=~=~=~=~=~=~=~=~=~=~=~= PuTTY log 2024.02.21 09:59:09 =~=~=~=~=~=~=~=~=~=~=~=
Printing 5v list of readings: 
2047
2040
2043
2032
2026
2017
2018
2019
2020
2018
2023
2020
2033
2035
2032
2030
2042
2039
2040
2033
2040
2042
2044
2055
2059
2076
2084
2082
2089
2081
2092
2090
2100
2095
2098
2091
2092
2084
2085
2081
2084
2083
2084
2088
2075
2073
2073
2075
2066
2065
2063
2059
2063
2059
2072
2072
2074
2077
2080
2079
2084
2091
2101
2091
2095
2096
2088
2079
2080
2081
2078
2080
2071
2067
2069
2071
2062
2059
2059
2044
2046
2039
2029
2022
2029
2032
2039
2047
2049
2052
2049
2036
2028
2017
1990
1975
1964
1949
1946
1935
1927
1925
1924
1931
1936
1939
1948
1957
1972
1988
2002
2011
2022
2034
2059
2073
2090
2111
2121
2128
2126
2121
2120
2111
2107
2087
2081
2072
2060
2050
2044
2042
2045
2047
2057
2053
2066
2077
2080
2087
2103
2095
2104
2100
2100
2103
2111
2114
2115
2127
2136
2146
2144
2150
2167
2159
2172
2152
2150
2145
2127
2120
2115
2104
2091
2084
2076
2064
2058
2044
2043
2039
2028
2028
2031
2030
2027
2040
2044
2049
2048
2050
2047
2051
2062
2064
2068
2067
2064
2066
2072
2065
2057
2066
2056
2051
2049
2045
2036
2046
2046
2048
2051
2055
2056
2052
2052
2059
2068
2071
2084
2081
2082
2081
2092
2091
2097
2090
2080
2074
2072
2066
2067
2071
2059
2062
2071
2077
2076
2086
2095
2103
2107
2105
2110
2101
2103
2088
2082
2067
2050
2037
2028
2022
2015
2023
2062
2091
2142
2194
2264
2333
2413
2497
2582
2690
2788
2899
3024
3143
3267
3410
3533
3656
3759
3840
3904
3932
3950
3948
3932
3925
3916
3881
3862
3802
3719
3583
3410
3184
2916
2614
2297
1999
1719
1497
1328
1208
1151
1146
1177
1248
1337
1436
1533
1646
1721
1799
1874
1925
1970
1999
2014
2013
2022
2012
1997
1998
1986
1980
1979
1971
1979
1982
1988
1990
1997
2011
2003
2013
2013
2014
2014
2012
2027
2026
2024
2019
2020
2020
2019
2016
2016
2011
2004
2004
1993
1993
1992
1990
1998
1994
1988
1986
1987
1995
1992
1998
2011
2009
2014
2022
2025
2030
2044
2061
2062
2074
2073
2086
2092
2100
2103
2108
2115
2116
2115
2123
2123
2127
2127
2127
2131
2135
2132
2133
2132
2141
2134
2136
2132
2137
2125
2131
2138
2140
2151
2144
2140
2140
2138
2149
2155
2151
2157
2163
2172
2173
2174
2176
2187
2194
2199
2199
2220
2203
2212
2213
2219
2214
2224
2218
2222
2229
2226
2229
2242
2255
2270
2284
2292
2311
2330
2344
2360
2369
2377
2383
2394
2408
2416
2436
2438
2451
2457
2464
2481
2479
2489
2498
2496
2503
2496
2496
2493
2502
2495
2506
2501
2501
2513
2514
2517
2519
2537
2541
2555
2553
2543
2545
2543
2537
2540
2541
2529
2525
2522
2516
2515
2510
2508
2497
2496
2485
2483
2472
2467
2470
2463
2459
2453
2459
2450
2464
2456
2454
2450
2449
2437
2421
2403
2388
2380
2363
2352
2338
2325
2317
2301
2304
2293
2283
2271
2262
2236
2215
2201
2179
2157
2139
2120
2099
2087
2064
2059
2048
2029
2016
1997
1993
1967
1955
1950
1936
1920
1916
1899
1896
1880
1879
1884
1880
1875
1871
1861
1860
1852
1844
1844
1850
1840
1839
1843
1843
1847
1854
1855
1865
1867
1876
1874
1863
1867
1866
1866
1875
1874
1878
1881
1880
1891
1905
1921
1919
1930
1927
1923
1936
1930
1932
1940
1944
1945
1951
1951
1963
1964
1963
1973
1969
1968
1958
1956
1953
1950
1944
1939
1945
1945
1949
1955
1964
1967
1971
1975
1976
1958
1955
1962
1959
1959
1962
1962
1963
1955
1961
1961
1959
1971
1967
1963
1967
1958
1958
1956
1961
1955
1959
1956
1955
1958
1951
1961
1951
1957
1953
1955
1952
1951
1950
1953
1952
1955
1949
1944
1947
1953
1953
1960
1960
1962
1961
1961
1952
1950
1948
1944
1952
1948
1940
1931
1937
1936
1947
1943
1951
1945
1939
1927
1922
1917
1924
1919
1920
1915
1911
1913
1920
1920
1923
1928
1933
1929
1931
1913
1907
1905
1902
1895
1893
1890
1894
1895
1900
1908
1912
1920
1918
1913
1909
1907
1904
1905
1906
1900
1899
1905
1908
1908
1914
1919
1923
1921
1916
1908
1905
1899
1898
1899
1898
1904
1902
1899
1912
1914
1908
1909
1903
1899
1904
1896
1876
1876
1875
1871
1871
1864
1870
1878
1880
1892
1900
1906
1916
1917
1926
1931
1935
1949
1961
1965
1971
1983
1985
1999
1991
2005
2006
2000
2004
1993
1985
1992
1983
1975
1975
1980
1991
1985
2000
1999
2009
2026
2019
2025
2028
2022
2024
2019
2019
2012
1999
1998
1991
1972
1966
1960
1951
1949
1939
1936
1923
1919
1922
1923
1925
1929
1929
1934
1928
1923
1926
1926
1931
1933
1920
1918
1911
1917
1911
1921
1928
1937
1935
1937
1943
1938
1949
1952
1948
1948
1953
1947
1952
1948
1948
1952
1955
1948
1947
1943
1950
1957
1957
1957
1955
1960
1957
1954
1958
1961
1971
1976
1970
1975
1970
1964
1957
1949
1952
1938
1921
1906
1893
1866
1845
1844
1830
1830
1845
1861
1888
1919
1968
2013
2075
2154
2243
2335
2443
2575
2709
2872
3034
3212
3381
3536
3685
3796
3880
3928
3958
3966
3959
3965
3967
3972
3969
3954
3912
3805
3633
3417
3156
2860
2531
2208
1906
1633
1440
1288
1199
1169
1181
1217
1284
1374
1463
1555
1632
1692
1751
1791
1813
1828
1835
1839
1839
1840
1830
1827
1827
1815
1824
1821
1820
1823
1832
1831
1832
1830
1836
1845
1848
1846
1848
1853
1844
1854
1851
1853
1859
1860
1864
1863
1862
1864
1864
1881
1885
1889
1893
1900
1905
1916
1920
1924
1932
1929
1936
1932
1945
1952
1964
1976
1979
1990
1987
1991
2009
2011
2015
2020
2015
2016
2017
2018
2015
2019
2032
2031
2035
2038
2030
2032
2034
2037
2031
2029
2023
2021
2017
2014
2019
2015
2032
2033
2037
2037
2033
2042
2039
2045
2043
2040
2037
2037
2037
2037
2043
2049
2054
2054
2055
2061
2055
2068
2066
2065
2073
2075
2074
2079
2089
2092
2102
2119
2124
2123
2134
2139
2148
2152
2155
2176
2169
2180
2180
2196
2202
2217
2231
2249
2265
2271
2283
2288
2294
2304
2314
2319
2330
2332
2326
2334
2339
2352
2364
2363
2360
2363
2373
2366
2367
2370
2366
2364
2355
2359
2361
2363
2368
2367
2366
2372
2366
2368
2363
2361
2360
2353
2344
2335
2332
2313
2305
2292
2288
2276
2260
2243
2236
2222
2209
2194
2189
2171
2153
2151
2136
2130
2130
2129
2133
2129
2122
2125
2119
2121
2115
2115
2102
2092
2081
2076
2058
2052
2048
2046
2045
2038
2025
2025
2019
2020
2002
1997
1980
1983
1980
1969
1968
1968
1965
1967
1964
1963
1968
1964
1964
1950
1944
1943
1944
1927
1929
1915
1921
1922
1927
1926
1923
1927
1916
1924
1922
1919
1921
1916
1922
1916
1924
1926
1923
1939
1944
1950
1949
1951
1951
1959
1957
1955
1953
1946
1950
1947
1945
1953
1958
1965
1972
1974
1968
1972
1975
1977
1978
1972
1975
1972
1970
1976
1973
1977
1979
1977
1979
1975
1971
1974
1972
1968
1969
1961
1955
1959
1945
1949
1955
1963
1953
1958
1956
1962
1959
1959
1976
1965
1970
1964
1957
1960
1965
1966
1982
1992
1982
1988
1991
1989
1987
1990
1998
1994
1993
1989
1984
1985
1983
1978
1992
1979
1978
1979
1978
1980
1980
1984
1982
1984
1978
1973
1977
1980
1979
1988
1994
1997
2008
2003
2018
2016
2015
2025
2015
2020
2019
2019
2018
2020
2032
2032
2039
2037
2028
2027
2039
2026
2023
2025
2016
2016
2004
2012
2007
2020
2027
2025
2034
2033
2038
2033
2035
2035
2027
2028
2011
2005
2000
1992
1989
1995
1992
1987
1990
1984
1981
1985
1975
1973
1971
1968
1961
1953
1964
1963
1971
1972
1968
1970
1976
1965
1966
1972
1961
1957
1959
1955
1951
1953
1957
1972
1971
1977
1983
1985
1990
1999
2000
1996
1994
1993
1996
1997
1996
1995
1999
2008
2008
2004
2014
2008
2011
2010
2012
2010
2007
2002
1991
1986
1986
1978
1985
1992
1997
1995
2001
1996
2001
2001
2011
2005
2012
2018
2017
2028
2029
2042
2048
2051
2057
2054
2060
2056
2056
2055
2055
2051
2051
2048
2043
2031
2027
2033
2023
2028
2017
2015
2011
2006
2015
2016
2006
2017
2007
2010
2004
2001
2001
2000
1990
1987
1980
1984
1968
1968
1962
1959
1962
1957
1951
1952
1955
1970
1975
1986
1992
1996
1995
1999
2003
2002
1996
1998
1993
1992
1991
1996
1998
2001
2004
2004
2008
2010
2015
2025
2025
2027
2027
2033
2036
2031
2039
2038
2042
2044
2053
2047
2060
2049
2049
2045
2042
2047
2038
2046
2044
2039
2051
2052
2059
2060
2055
2054
2051
2036
2027
2010
1999
1984
1954
1923
1908
1885
1883
1890
1904
1922
1954
1992
2033
2087
2155
2248
2345
2445
2564
2691
2843
3005
3196
3374
3545
3708
3863
3967
3975
3990
3992
3985
3986
3987
3987
3989
3988
3982
3984
3957
3855
3667
3412
3099
2771
2414
2080
1782
1549
1375
1268
1216
1216
1249
1333
1415
1510
1601
1687
1761
1818
1863
1899
1908
1917
1918
1904
1898
1901
1900
1888
1884
1874
1875
1872
1887
1889
1891
1892
1897
1896
1906
1907
1918
1928
1930
1931
1934
1933
1934
1936
1927
1941
1933
1926
1917
1926
1914
1921
1931
1934
1946
1943
1953
1953
1963
1966
1972
1979
1982
1999
1995
1998
2003
2015
2021
2021
2031
2032
2033
2040
2037
2043
2049
2048
2045
2045
2045
2050
2054
2058
2067
2076
2082
2077
2081
2083
2095
2090
2094
2081
2089
2080
2087
2077
2089
2086
2094
2089
2098
2091
2101
2100
2098
2097
2097
2097
2095
2097
2104
2106
2115
2120
2116
2133
2131
2129
2129
2140
2140
2139
2139
2142
2145
2152
2154
2167
2180
2192
2195
2206
2214
2215
2218
2224
2228
2234
2239
2243
2245
2251
2262
2284
2293
2300
2310
2314
2327
2330
2338
2347
2352
2352
2354
2357
2370
2374
2383
2394
2394
2394
2397
2395
2404
2400
2395
2399
2388
2387
2387
2380
2383
2389
2379
2378
2383
2367
2369
2357
2353
2350
2339
2336
2327
2311
2302
2296
2291
2287
2289
2280
2274
2271
2260
2248
2240
2224
2221
2208
2191
2187
2174
2167
2168
2159
2152
2141
2133
2115
2118
2096
2084
2072
2053
2044
2025
2009
1999
2002
1988
1984
1976
1962
1953
1934
1926
1909
1898
1876
1862
1844
1833
1819
1821
1812
1802
1803
1795
1792
1786
1775
1775
1764
1759
1751
1741
1740
1736
1737
1743
1737
1738
1747
1748
1740
1750
1744
1743
1741
1739
1744
1735
1738
1745
1751
1763
1771
1770
1771
1776
1780
1785
1775
1788
1774
1777
1786
1792
1795
1801
1806
1819
1821
1818
1818
1828
1830
1836
1838
1839
1840
1843
1852
1844
1847
1860
1864
1869
1877
1878
1885
1881
1885
1885
1885
1883
1886
1883
1881
1882
1884
1899
1898
1889
1898
1893
1895
1899
1904
1894
1894
1895
1885
1881
1888
1885
1893
1897
1901
1902
1904
1909
1903
1908
1899
1902
1903
1905
1894
1900
1909
1915
1919
1925
1928
1936
1932
1934
1931
1936
1936
1928
1930
1919
1920
1922
1925
1928
1927
1940
1929
1931
1931
1938
1938
1929
1928
1922
1922
1919
1923
1927
1931
1935
1941
1938
1941
1946
1948
1948
1946
1952
1937
1929
1934
1925
1928
1936
1937
1937
1940
1936
1935
1935
1937
1933
1933
1932
1930
1932
1926
1935
1939
1948
1947
1950
1950
1956
1955
1951
1949
1951
1952
1951
1944
1944
1939
1945
1948
1951
1956
1951
1952
1940
1951
1951
1953
1952
1947
1942
1947
1939
1948
1952
1950
1952
1964
1960
1964
1963
1969
1972
1962
1968
1961
1960
1951
1960
1964
1968
1967
1973
1970
1972
1976
1976
1974
1976
1969
1967
1957
1946
1955
1960
1956
1964
1954
1953
1955
1954
1955
1951
1952
1936
1939
1922
1913
1912
1912
1913
1914
1914
1917
1919
1916
1915
1915
1914
1905
1908
1897
1886
1887
1886
1889
1891
1897
1900
1903
1910
1909
1915
1925
1926
1927
1936
1934
1936
1939
1957
1963
1971
1971
1975
1984
1980
1976
1987
1986
1968
1975
1973
1968
1972
1972
1983
1997
2012
2013
2025
2031
2036
2031
2042
2037
2032
2036
2028
2015
2011
2008
2001
2008
1996
1998
1990
1994
1992
1992
1994
1991
1989
1986
1988
1982
1983
1991
1999
1996
1994
1996
1994
1993
1996
2000
1993
1990
1996
1996
1991
1992
1996
2006
2011
2013
2016
2017
2021
2017
2018
2011
2012
2007
2007
2000
2003
2003
2013
2013
2022
2016
2005
1997
1997
1988
1990
1984
1976
1973
1961
1960
1966
1963
1957
1959
1949
1944
1935
1910
1894
1869
1854
1819
1818
1808
1820
1844
1871
1908
1964
2017
2077
2159
2249
2348
2467
2595
2733
2902
3062
3249
3413
3583
3756
3894
3971
3982
3989
3983
3986
3988
3985
3986
3984
3989
3976
3951
3845
3651
3400
3086
2732
2362
2032
1731
1496
1315
1198
1135
1122
1148
1208
1292
1375
1480
1578
1657
1724
1766
1804
1827
1840
1843
1835
1823
1818
1795
1792
1792
1793
1795
1807
1807
1816
1824
1833
1836
1844
1846
1848
1849
1847
1847
1851
1858
1868
1871
1885
1880
1894
1897
1902
1911
1907
1910
1912
1908
1912
1913
1915
1930
1942
1941
1945
1953
1956
1952
1953
1950
1943
1947
1937
1943
1939
1936
1955
1946
1961
1971
1972
1984
1980
1987
1996
1992
1994
2000
2002
2003
2010
2026
2040
2050
2053
2062
2060
2063
2074
2080
2077
2077
2079
2075
2073
2077
2084
2098
2107
2119
2119
2126
2132
2140
2141
2142
2135
2139
2136
2137
2135
2142
2156
2160
2172
2176
2182
2188
2198
2198
2203
2203
2207
2207
2199
2210
2216
2221
2236
2243
2257
2264
2278
2283
2293
2299
2300
2306
2316
2316
2323
2327
2336
2357
2361
2378
2390
2395
2404
2409
2414
2422
2420
2423
2429
2434
2433
2442
2450
2463
2471
2472
2481
2475
2483
2479
2481
2478
2475
2472
2464
2459
2461
2455
2458
2461
2456
2462
2463
2446
2443
2439
2419
2407
2403
2396
2388
2382
2373
2368
2366
2353
2359
2342
2337
2335
2332
2327
2311
2306
2297
2285
2271
2269
2261
2257
2253
2251
2231
2223
2220
2214
2205
2194
2176
2170
2163
2146
2142
2136
2125
2118
2109
2094
2086
2075
2059
2046
2031
2021
1998
1984
1976
1971
1959
1959
1956
1947
1959
1951
1952
1953
1945
1946
1939
1939
1933
1932
1923
1928
1937
1938
1945
1944
1950
1950
1951
1958
1958
1957
1957
1959
1952
1954
1946
1956
1957
1976
1977
1977
1987
1992
1999
2004
2010
2008
2001
2008
2012
2013
2027
2031
2041
2048
2053
2056
2067
2072
2070
2074
2070
2073
2077
2080
2079
2071
2087
2096
2105
2110
2112
2120
2126
2119
2119
2124
2122
2118
2109
2117
2119
2120
2122
2137
2135
2135
2146
2142
2145
2142
2140
2138
2130
2128
2129
2128
2127
2134
2131
2143
2143
2145
2152
2150
2149
2147
2142
2141
2138
2128
2126
2124
2124
2128
2132
2136
2127
2128
2129
2124
2126
2126
2117
2112
2120
2111
2117
2119
2128
2142
2139
2148
2143
2147
2149
2150
2146
2141
2148
2138
2133
2139
2143
2146
2151
2157
2168
2172
2165
2168
2175
2167
2162
2156
2151
2145
2140
2140
2148
2146
2148
2148
2145
2135
2134
2129
2123
2116
2106
2099
2090
2083
2079
2088
2082
2089
2088
2088
2092
2094
2082
2081
2078
2080
2080
2056
2043
2039
2039
2028
2033
2038
2040
2038
2033
2029
2034
2021
2018
2011
2007
2008
1994
1997
1992
1995
1995
1996
1990
1995
1996
1999
1995
1989
1984
1975
1966
1961
1957
1960
1956
1960
1960
1964
1967
1955
1965
1955
1952
1950
1945
1943
1938
1936
1938
1951
1959
1960
1964
1960
1958
1959
1958
1960
1953
1955
1943
1944
1941
1937
1941
1948
1953
1951
1968
1960
1963
1960
1964
1967
1968
1965
1969
1959
1950
1958
1951
1965
1951
1956
1955
1957
1960
1956
1949
1941
1940
1934
1926
1921
1923
1932
1940
1939
1952
1946
1949
1955
1959
1960
1968
1967
1964
1972
1965
1962
1970
1969
1979
1980
1981
1982
1994
1988
1987
1991
1982
1980
1976
1970
1965
1967
1972
1970
1989
1981
1997
2006
2007
2008
2017
2022
2015
2013
1999
1991
1977
1957
1951
1936
1926
1924
1907
1910
1901
1904
1903
1908
1900
1907
1901
1895
1916
1916
1927
1923
1931
1935
1931
1935
1930
1922
1926
1919
1911
1912
1912
1906
1917
1928
1929
1935
1939
1943
1950
1954
1956
1964
1967
1957
1966
1956
1953
1961
1971
1971
1977
1984
1992
1984
1996
1992
1993
1995
1980
1980
1974
1974
1975
1974
1970
1958
1939
1928
1913
1898
1873
1853
1820
1801
1778
1772
1776
1782
1801
1840
1887
1933
1987
2062
2158
2245
2356
2461
2587
2725
2878
3016
3182
3343
3488
3634
3756
3847
3905
3938
3951
3960
3960
3956
3940
3925
3871
3768
3609
3390
3120
2806
2463
2115
1803
1519
1288
1119
1014
955
953
988
1058
1135
1229
1334
1436
1524
1594
1655
1704
1733
1746
1760
1746
1742
1727
1703
1712
1694
1695
1688
1693
1704
1711
1719
1731
1746
1754
1767
1777
1783
1787
1786
1792
1803
1810
1810
1820
1818
1819
1814
1826
1821
1818
1820
1814
1820
1826
1826
1836
1846
1856
1870
1872
1883
1889
1900
1904
1897
1906
1909
1904
1907
1908
1915
1931
1939
1953
1960
1967
1981
1992
1998
1995
2004
1999
2004
1985
1986
1984
1977
1977
1984
1989
1990
1988
1998
1996
1995
1987
1985
1975
1976
1975
1964
1966
1975
1964
1967
1968
1972
1968
1982
1984
1981
1984
1983
1977
1984
1984
1994
2006
2020
2028
2031
2043
2060
2080
2075
2088
2095
2095
2099
2114
2116
2127
2146
2168
2173
2183
2208
2210
2234
2240
2254
2257
2269
2280
2287
2301
2309
2325
2341
2359
2368
2385
2396
2401
2413
2411
2407
2410
2413
2402
2403
2404
2406
2424
2442
2436
2446
2453
2451
2462
2468
2478
2488
2493
2490
2488
2490
2491
2497
2489
2494
2495
2500
2497
2489
2491
2490
2490
2479
2493
2478
2461
2463
2452
2450
2444
2431
2419
2416
2414
2408
2408
2403
2383
2384
2372
2363
2343
2336
2325
2313
2308
2298
2294
2282
2273
2270
2264
2259
2244
2223
2209
2202
2183
2177
2175
2168
2162
2156
2158
2146
2141
2136
2129
2120
2106
2094
2075
2066
2050
2042
2040
2025
2012
2012
2000
2007
2006
1995
1995
1989
1989
1977
1968
1955
1960
1953
1956
1956
1961
1951
1955
1957
1962
1959
1950
1944
1927
1934
1928
1927
1919
1926
1928
1926
1937
1960
1963
1971
1983
2000
2003
2009
2010
2016
2011
2020
2016
2022
2016
2011
2030
2020
2022
2026
2033
2033
2036
2031
2036
2040
2044
2043
2050
2049
2062
2062
2068
2077
2078
2079
2084
2082
2081
2080
2080
2085
2086
2092
2096
2102
2109
2118
2129
2143
2151
2148
2160
2151
2148
2147
2146
2144
2142
2139
2144
2142
2151
2151
2156
2153
2143
2143
2134
2127
2117
2118
2115
2112
2103
2108
2103
2107
2108
2112
2111
2097
2092
2079
2071
2058
2051
2047
2045
2047
2040
2039
2041
2047
2043
2043
2044
2031
2018
2005
1984
1974
1967
1959
1952
1946
1928
1920
1906
1897
1894
1885
1873
1859
1850
1836
1823
1825
1815
1823
1827
1829
1843
1864
1880
1897
1915
1921
1924
1931
1935
1927
1927
1928
1942
1953
1961
1978
1990
2009
2023
2046
2050
2064
2073
2090
2093
2101
2107
2119
2129
2144
2154
2157
2158
2168
2169
2168
2168
2165
2158
2144
2128
2103
2087
2065
2047
2008
1981
1951
1927
1900
1871
1854
1842
1832
1821
1828
1832
1854
1863
1905
1927
1970
1999
2044
2082
2110
2137
2160
2168
2179
2185
2186
2191
2194
2198
2197
2192
2184
2177
2169
2143
2144
2116
2102
2084
2066
2048
2030
2036
2027
2028
2030
2034
2046
2045
2063
2062
2065
2066
2068
2051
2042
2030
2019
2015
2012
2001
1998
1989
1979
1976
1965
1960
1952
1943
1933
1919
1908
1895
1883
1877
1862
1862
1859
1859
1867
1867
1871
1865
1857
1853
1843
1840
1836
1841
1846
1856
1875
1887
1917
1946
1980
2014
2044
2072
2089
2118
2119
2127
2134
2146
2141
2140
2139
2144
2129
2117
2096
2062
2023
1984
1933
1884
1836
1794
1762
1725
1709
1682
1672
1663
1664
1663
1664
1657
1644
1633
1628
1621
1618
1617
1625
1628
1633
1643
1649
1665
1690
1699
1716
1720
1729
1733
1730
1740
1730
1735
1747
1733
1726
1728
1720
1706
1695
1678
1660
1644
1649
1667
1708
1750
1816
1883
1966
2051
2152
2264
2375
2514
2651
2811
2965
3146
3343
3512
3666
3834
3953
3982
3983
3986
3974
3983
3975
3980
3980
3969
3943
3853
3683
3448
3150
2803
2429
2048
1702
1369
1144
990
891
851
860
917
981
1068
1174
1269
1370
1467
1544
1611
1678
1715
1750
1774
1791
1798
1799
1791
1779
1775
1782
1790
1808
1828
1843
1859
1882
1895
1901
1906
1904
1887
1877
1857
1836
1820
1799
1785
1772
1764
1751
1735
1720
1712
1693
1678
1663
1639
1620
1595
1592
1580
1582
1594
1604
1612
1632
1655
1683
1712
1729
1760
1757
1770
1784
1791
1816
1845
1868
1906
1934
1957
1999
2027
2059
2078
2092
2102
2108
2112
2112
2108
2112
2119
2125
2140
2155
2172
2197
2220
2241
2266
2294
2310
2328
2330
2342
2354
2362
2376
2385
2396
2391
2384
2390
2380
2364
2344
2318
2305
2287
2279
2283
2293
2314
2327
2358
2365
2389
2410
2438
2473
2481
2502
2503
2509
2507
2511
2515
2530
2538
2542
2545
2549
2557
2555
2564
2566
2569
2563
2572
2570
2555
2548
2557
2552
2557
2559
2579
2581
2597
2607
2609
2620
2631
2615
2603
2595
2576
2569
2558
2536
2521
2512
2500
2479
2464
2449
2424
2396
2380
2351
2325
2296
2277
2267
2257
2257
2240
2244
2243
2252
2247
2267
2272
2279
2282
2303
2301
2314
2331
2353
2366
2376
2376
2369
2363
2361
2342
2322
2298
2263
2227
2201
2171
2146
2133
2135
2135
2148
2154
2175
2198
2222
2236
2248
2255
2263
2267
2267
2267
2284
2301
2314
2320
2338
2365
2383
2388
2387
2388
2379
2364
2354
2327
2312
2307
2299
2296
2295
2289
2296
2305
2302
2305
2306
2297
2294
2261
2243
2228
2212
2195
2172
2152
2129
2103
2081
2060
2043
2010
1974
1934
1890
1846
1797
1762
1741
1720
1699
1685
1684
1679
1685
1694
1708
1714
1721
1736
1735
1746
1755
1759
1780
1783
1792
1791
1786
1786
1785
1776
1766
1760
1744
1727
1712
1701
1701
1687
1675
1688
1674
1677
1674
1680
1686
1691
1702
1714
1715
1720
1729
1725
1743
1744
1741
1744
1744
1747
1764
1763
1767
1772
1767
1771
1771
1777
1787
1791
1804
1815
1825
1841
1856
1873
1891
1908
1928
1939
1948
1967
1975
1983
1989
2000
2009
2027
2039
2039
2048
2067
2075
2088
2082
2086
2077
2073
2067
2055
2053
2053
2055
2059
2051
2056
2060
2058
2052
2052
2049
2044
2035
2030
2019
2023
2020
2014
2022
2015
2025
2022
2031
2031
2038
2044
2031
2036
2032
2029
2024
2034
2034
2047
2053
2056
2059
2072
2083
2089
2092
2080
2075
2073
2064
2061
2054
2041
2035
2038
2019
2019
2007
2024
2013
2010
2012
2008
2013
1999
1999
2000
1995
2004
2005
2003
2013
2028
2030
2047
2055
2060
2057
2059
2051
2051
2041
2037
2035
2035
2044
2036
2039
2047
2044
2040
2044
2039
2035
2029
2022
2014
2008
2007
1998
1997
1992
1985
1991
1977
1973
1967
1958
1939
1925
1904
1904
1889
1882
1883
1875
1872
1867
1872
1858
1855
1848
1835
1821
1812
1791
1774
1758
1736
1719
1718
1703
1699
1687
1690
1696
1708
1718
1729
1735
1758
1759
1766
1775
1783
1800
1804
1791
1804
1800
1801
1816
1819
1828
1835
1840
1839
1841
1827
1835
1838
1838
1832
1840
1828
1822
1825
1809
1799
1783
1768
1746
1730
1710
1697
1689
1678
1652
1639
1631
1618
1607
1583
1571
1548
1523
1507
1487
1483
1466
1461
1453
1459
1463
1476
1485
1503
1520
1548
1547
1568
1583
1590
1599
1615
1631
1654
1673
1693
1714
1729
1761
1776
1787
1798
1797
1793
1791
1783
1775
1774
1767
1776
1769
1759
1768
1772
1780
1781
1777
1779
1774
1765
1748
1737
1723
1713
1704
1694
1678
1667
1680
1680
1713
1747
1788
1839
1900
1951
2016
2091
2178
2284
2384
2494
2619
2766
2934
3087
3248
3391
3517
3648
3716
3767
3791
3798
3796
3788
3756
3722
3700
3652
3583
3477
3317
3102
2830
2538
2217
1867
1555
1271
1055
887
779
737
725
760
829
916
1019
1120
1222
1315
1391
1452
1503
1535
1565
1586
1587
1596
1590
1586
1576
1559
1550
1541
1530
1509
1506
1508
1516
1520
1533
1544
1566
1588
1605
1631
1643
1659
1671
1686
1695
1701
1712
1722
1742
1756
1768
1777
1791
1812
1830
1839
1858
1860
1867
1865
1864
1870
1874
1875
1879
1882
1887
1885
1903
1912
1928
1948
1964
1968
1970
1988
1996
1999
2020
2036
2052
2071
2085
2113
2136
2159
2172
2196
2214
2227
2239
2260
2267
2294
2312
2340
2340
2343
2347
2356
2352
2348
2325
2305
2284
2259
2225
2202
2178
2148
2118
2086
2055
2028
2000
1979
1965
1945
1928
1918
1902
1892
1888
1869
1876
1877
1886
1897
1916
1937
1957
1989
2024
2052
2077
2103
2135
2159
2190
2207
2230
2251
2264
2290
2313
2327
2356
2381
2417
2444
2469
2492
2519
2532
2558
2598
2611
2634
2650
2668
2692
2688
2715
2725
2735
2725
2719
2703
2693
2671
2660
2657
2646
2635
2625
2619
2617
2623
2624
2620
2632
2620
2606
2609
2599
2605
2606
2604
2614
2611
2610
2603
2601
2598
2586
2574
2556
2541
2503
2483
2465
2452
2441
2420
2409
2414
2411
2403
2402
2406
2392
2387
2376
2351
2336
2311
2301
2283
2256
2240
2212
2200
2180
2153
2131
2094
2048
2011
1968
1927
1894
1855
1816
1784
1751
1729
1695
1678
1658
1635
1617
1599
1588
1578
1564
1561
1551
1541
1526
1516
1500
1506
1505
1516
1552
1570
1591
1619
1656
1687
1710
1721
1752
1759
1768
1774
1778
1775
1790
1785
1788
1781
1780
1768
1769
1756
1764
1756
1764
1769
1788
1789
1812
1832
1843
1867
1883
1896
1908
1914
1923
1927
1936
1949
1943
1945
1956
1957
1964
1956
1950
1940
1934
1915
1901
1886
1878
1860
1856
1843
1836
1825
1811
1801
1798
1790
1773
1760
1750
1727
1717
1702
1684
1673
1664
1651
1635
1631
1621
1613
1604
1600
1588
1579
1568
1557
1551
1536
1511
1511
1506
1489
1483
1477
1464
1454
1440
1430
1406
1398
1368
1345
1328
1317
1312
1301
1298
1291
1286
1288
1283
1288
1283
1282
1280
1288
1270
1274
1278
1283
1295
1303
1322
1332
1348
1365
1377
1405
1414
1420
1440
1447
1446
1457
1463
1478
1484
1491
1490
1499
1500
1507
1517
1524
1539
1560
1570
1586
1596
1614
1631
1660
1679
1696
1719
1727
1748
1763
1771
1780
1781
1784
1795
1794
1795
1800
1799
1806
1816
1823
1835
1840
1856
1867
1867
1884
1885
1889
1894
1906
1910
1915
1934
1940
1938
1944
1953
1953
1961
1967
1964
1968
1960
1956
1950
1940
1942
1943
1942
1945
1938
1941
1937
1952
1931
1935
1934
1922
1915
1902
1893
1891
1881
1888
1876
1868
1861
1872
1868
1864
1859
1851
1848
1847
1843
1842
1841
1842
1849
1848
1855
1865
1856
1864
1873
1878
1866
1878
1878
1881
1889
1891
1895
1905
1916
1915
1925
1934
1941
1957
1970
1978
1984
1990
1982
1984
1974
1964
1959
1948
1939
1924
1918
1898
1887
1877
1865
1854
1831
1794
1763
1744
1727
1716
1728
1723
1734
1751
1767
1781
1808
1826
1850
1879
1888
1902
1916
1916
1931
1935
1951
1963
1972
1987
2005
2026
2045
2068
2077
2094
2114
2141
2160
2175
2203
2223
2251
2268
2275
2285
2290
2297
2305
2312
2308
2308
2294
2289
2300
2299
2306
2302
2305
2312
2313
2321
2323
2332
2331
2343
2339
2334
2336
2336
2340
2343
2345
2342
2345
2344
2337
2332
2324
2319
2302
2292
2273
2260
2232
2224
2207
2196
2192
2195
2207
2234
2259
2295
2341
2394
2465
2530
2612
2714
2822
2941
3097
3237
3397
3563
3732
3877
3982
3983
3986
3983
3984
3986
3986
3976
3987
3992
3990
3982
3967
3900
3737
3490
3170
2786
2404
2016
1668
1375
1144
990
907
893
911
971
1082
1191
1332
1456
1563
1671
1754
1801
1842
1863
1873
1867
1863
1852
1831
1812
1794
1772
1748
1731
1711
1690
1680
1668
1660
1648
1658
1659
1655
1664
1653
1638
1612
1578
1527
1467
1419
1367
1351
1343
1357
1401
1451
1513
1577
1641
1705
1767
1827
1878
1922
1959
1986
2005
2036
2060
2097
2113
2139
2149
2151
2161
2147
2142
2124
2096
2065
2039
2012
1983
1951
1932
1905
1906
1885
1882
1882
1897
1902
1923
1947
1974
2007
2038
2053
2070
2084
2079
2087
2080
2063
2030
2002
1962
1920
1873
1829
1776
1727
1687
1646
1616
1587
1571
1564
1552
1534
1528
1515
1495
1477
1459
1440
1405
1362
1326
1281
1239
1192
1145
1097
1031
975
921
869
817
768
715
658
599
541
484
435
406
379
345
327
315
318
311
346
377
445
500
587
682
782
895
1007
1119
1236
1359
1480
1593
1709
1815
1924
2032
2144
2249
2351
2451
2558
2664
2777
2885
3008
3108
3218
3319
3425
3523
3620
3734
3811
3919
3976
3989
3984
3990
3998
3991
3993
3999
3993
4001
3999
3995
3998
4000
3994
3998
3991
3986
3994
3995
3988
3985
3975
3972
3956
3933
3884
3813
3760
3689
3628
3578
3527
3486
3449
3407
3361
3328
3279
3229
3187
3150
3089
3029
2975
2922
2871
2830
2783
2752
2714
2696
2673
2657
2637
2616
2599
2576
2559
2526
2494
2455
2411
2367
2318
2272
2223
2178
2135
2091
2047
2010
1975
1938
1909
1875
1839
1802
1761
1724
1700
1661
1632
1602
1569
1541
1507
1482
1464
1446
1428
1413
1396
1400
1384
1392
1391
1403
1414
1420
1439
1458
1485
1505
1523
1534
1540
1544
1535
1520
1497
1474
1469
1441
1423
1412
1401
1395
1406
1416
1429
1446
1465
1477
1494
1523
1532
1557
1584
1595
1620
1632
1647
1680
1684
1706
1713
1718
1711
1715
1720
1716
1696
1695
1696
1692
1688
1678
1666
1660
1645
1633
1612
1586
1565
1542
1512
1487
1470
1455
1450
1443
1436
1443
1449
1451
1466
1467
1470
1469
1474
1467
1464
1464
1456
1439
1439
1431
1415
1409
1400
1387
1384
1371
1361
1348
1329
1305
1291
1279
1269
1261
1237
1236
1231
1219
1227
1220
1220
1229
1219
1230
1229
1240
1256
1276
1295
1323
1342
1367
1409
1443
1480
1508
1537
1563
1585
1598
1621
1649
1674
1710
1738
1774
1803
1843
1882
1912
1947
1967
1999
2014
2027
2046
2071
2098
2119
2134
2163
2182
2194
2202
2197
2200
2193
2182
2175
2179
2175
2175
2188
2199
2203
2210
2218
2227
2229
2236
2250
2252
2260
2250
2248
2237
2237
2245
2256
2263
2270
2271
2279
2285
2297
2319
2328
2343
2363
2380
2391
2386
2406
2421
2432
2435
2447
2454
2457
2458
2463
2466
2468
2445
2440
2425
2415
2392
2386
2375
2353
2344
2336
2327
2320
2312
2306
2300
2279
2272
2266
2256
2244
2235
2227
2223
2215
2217
2218
2213
2228
2231
2240
2243
2256
2251
2259
2259
2271
2280
2295
2294
2300
2305
2321
2334
2348
2346
2352
2362
2355
2364
2363
2366
2382
2395
2417
2428
2453
2463
2493
2520
2535
2559
2573
2589
2594
2592
2604
2600
2612
2603
2593
2587
2579
2573
2565
2566
2556
2538
2530
2521
2504
2484
2465
2463
2447
2435
2413
2400
2390
2376
2368
2350
2332
2318
2289
2271
2250
2227
2213
2195
2180
2168
2145
2136
2128
2120
2106
2105
2100
2098
2095
2094
2101
2108
2125
2134
2138
2142
2159
2168
2166
2183
2197
2209
2215
2244
2243
2255
2263
2273
2265
2273
2270
2270
2259
2266
2249
2232
2227
2229
2226
2232
2257
2276
2315
2368
2421
2489
2575
2666
2766
2887
3005
3147
3305
3469
3631
3810
3960
3983
3987
3996
3991
3997
3990
3999
3994
3999
3999
4001
3998
4000
4000
3997
3981
3935
3758
3472
3121
2759
2406
2091
1840
1652
1517
1452
1435
1472
1518
1606
1693
1777
1859
1930
1988
2023
2039
2043
2045
2025
2002
1947
1915
1903
1887
1894
1922
1944
1966
1999
2036
2073
2092
2107
2107
2102
2092
2072
2039
2019
1989
1974
1955
1948
1944
1954
1968
2004
2046
2094
2152
2206
2270
2338
2397
2459
2508
2547
2576
2594
2601
2622
2623
2632
2640
2662
2679
2687
2710
2732
2741
2751
2757
2760
2749
2736
2707
2684
2649
2623
2607
2578
2563
2545
2536
2506
2452
2404
2343
2295
2242
2210
2206
2212
2257
2311
2394
2480
2563
2644
2713
2751
2775
2767
2735
2688
2607
2513
2408
2302
2166
2038
1899
1753
1616
1483
1367
1253
1158
1073
1015
955
927
933
928
956
995
1037
1076
1111
1134
1147
1165
1186
1205
1232
1254
1271
1300
1354
1393
1447
1505
1571
1637
1700
1764
1826
1882
1942
1985
2015
2048
2064
2071
2084
2078
2086
2080
2087
2092
2096
2091
2099
2098
2092
2079
2063
2059
2056
2055
2064
2078
2108
2125
2152
2186
2223
2269
2313
2361
2426
2492
2570
2676
2796
2935
3084
3230
3384
3527
3662
3772
3860
3931
3961
3958
3960
3942
3932
3893
3846
3784
3689
3582
3459
3336
3200
3080
2962
2864
2783
2708
2655
2611
2594
2589
2609
2652
2716
2792
2891
2971
3040
3096
3131
3139
3121
3086
3041
2992
2934
2858
2793
2704
2630
2554
2465
2378
2288
2214
2129
2048
1961
1892
1829
1768
1722
1679
1644
1607
1596
1578
1567
1564
1560
1570
1581
1585
1606
1632
1667
1718
1779
1843
1907
1973
2056
2143
2250
2362
2485
2622
2758
2890
3043
3190
3343
3486
3617
3728
3759
3757
3704
3612
3500
3352
3167
2972
2758
2522
2255
2020
1809
1624
1486
1371
1298
1269
1263
1283
1328
1384
1433
1488
1525
1569
1596
1633
1660
1692
1716
1742
1757
1776
1784
1786
1792
1799
1817
1835
1865
1910
1963
2031
2097
2173
2251
2311
2375
2442
2502
2568
2625
2688
2722
2778
2824
2878
2925
2987
3052
3110
3200
3264
3336
3405
3433
3448
3448
3391
3327
3233
3125
3011
2887
2779
2668
2575
2486
2416
2351
2297
2251
2211
2170
2145
2095
2063
2040
2010
2000
1983
1976
1973
1973
1963
1959
1951
1927
1905
1872
1830
1788
1750
1708
1669
1645
1631
1606
1593
1583
1574
1561
1545
1526
1500
1474
1445
1419
1398
1400
1403
1436
1467
1519
1572
1639
1719
1808
1892
1980
2057
2146
2231
2311
2399
2488
2584
2661
2761
2832
2912
2976
3050
3104
3140
3192
3214
3239
3240
3254
3268
3270
3274
3252
3213
3192
3151
3114
3071
3015
2966
2898
2847
2784
2737
2703
2669
2651
2633
2622
2618
2616
2617
2620
2611
2599
2582
2554
2527
2516
2474
2447
2431
2414
2402
2386
2390
2382
2388
2385
2396
2398
2399
2416
2424
2446
2470
2496
2537
2579
2639
2687
2741
2793
2836
2869
2894
2920
2924
2928
2944
2935
2944
2952
2938
2940
2947
2943
2940
2923
2917
2900
2880
2855
2841
2821
2825
2823
2863
2893
2959
3044
3112
3193
3265
3329
3354
3361
3348
3307
3251
3188
3105
3024
2941
2848
2758
2656
2547
2424
2303
2167
2036
1896
1769
1660
1562
1486
1442
1424
1433
1470
1530
1610
1694
1799
1900
1989
2081
2171
2240
2328
2385
2460
2520
2596
2646
2709
2755
2813
2856
2884
2899
2919
2922
2922
2923
2936
2935
2957
3000
3024
3078
3149
3214
3291
3374
3458
3543
3632
3722
3803
3903
3973
3981
3992
3994
3993
3995
3998
3993
3999
4004
4000
3999
4007
4002
4001
4004
4003
4004
4003
4003
4007
4008
4002
4008
4008
4003
4008
4008
4014
4008
4012
4008
4010
4007
4007
4009
4009
4007
4006
4008
4003
4010
4014
4008
4007
4007
3996
4008
4012
4009
4012
4005
4011
4005
4012
4012
4011
4013
4009
4015
4013
4014
3997
4012
4007
4015
4015
4007
4016
4014
4011
4007
4016
4013
4016
4016
4007
4011
4011
4009
4010
4010
4012
4016
4012
4011
4016
4007
4007
4005
3999
4005
4002
3995
3999
3988
3908
3721
3433
3121
2792
2460
2140
1852
1576
1346
1147
978
841
716
605
507
411
328
241
136
50
2
7
4
2
0
3
2
0
0
1
4
6
4
0
0
0
2
3
0
0
7
3
3
5
0
4
1
0
1
0
2
3
1
2
1
1
0
0
6
4
0
0
5
3
0
0
4
0
3
0
3
0
0
0
4
0
8
2
0
1
35
87
121
168
222
245
266
284
313
317
319
346
356
368
391
399
428
450
470
492
509
525
554
586
628
690
734
795
851
926
996
1068
1137
1203
1263
1320
1379
1419
1467
1516
1560
1594
1631
1664
1681
1704
1713
1725
1731
1736
1723
1717
1714
1703
1704
1703
1706
1707
1702
1700
1692
1667
1623
1594
1534
1463
1373
1291
1183
1094
992
902
803
706
617
519
435
351
277
201
134
88
44
7
3
0
0
7
31
79
122
176
228
299
354
409
454
508
551
611
668
710
765
807
865
931
988
1047
1103
1167
1223
1278
1337
1388
1439
1486
1550
1603
1658
1720
1770
1828
1876
1931
1988
2046
2088
2128
2158
2171
2186
2171
2157
2120
2084
2036
1986
1920
1851
1787
1719
1639
1569
1491
1425
1340
1276
1207
1139
1101
1039
1008
976
948
935
935
923
915
896
880
871
855
844
823
802
779
757
741
718
700
681
652
623
601
566
537
505
488
469
457
453
437
440
446
458
460
478
494
506
522
535
561
579
606
634
668
698
725
745
763
780
784
786
776
768
733
712
671
641
623
600
580
571
560
551
545
551
545
549
544
535
527
513
507
509
504
514
523
533
562
562
586
616
638
654
674
704
737
762
791
839
876
932
975
1019
1069
1120
1171
1225
1256
1295
1329
1362
1403
1436
1467
1490
1533
1560
1600
1620
1651
1678
1704
1736
1754
1776
1792
1806
1805
1809
1810
1816
1826
1844
1876
1902
1947
2008
2075
2147
2236
2311
2393
2471
2534
2600
2637
2673
2703
2714
2702
2697
2680
2651
2614
2569
2512
2455
2404
2343
2300
2245
2196
2147
2101
2038
1990
1933
1875
1816
1747
1676
1599
1520
1443
1363
1283
1201
1127
1072
995
947
895
858
825
804
777
764
767
773
791
824
863
913
974
1059
1140
1240
1340
1450
1543
1620
1657
1668
1660
1622
1581
1528
1475
1418
1370
1320
1279
1247
1236
1221
1225
1221
1244
1251
1269
1285
1305
1325
1334
1344
1351
1368
1374
1375
1378
1362
1346
1319
1285
1249
1216
1186
1153
1136
1130
1116
1134
1128
1142
1146
1156
1163
1159
1170
1173
1183
1184
1192
1202
1210
1227
1218
1227
1231
1238
1229
1228
1219
1195
1180
1166
1161
1154
1157
1161
1178
1188
1195
1211
1226
1234
1231
1218
1199
1192
1167
1156
1142
1127
1108
1089
1071
1051
1042
1031
1014
988
965
932
906
883
864
864
867
876
902
933
978
1015
1068
1121
1183
1235
1292
1329
1376
1407
1451
1485
1517
1560
1580
1601
1628
1650
1664
1682
1692
1692
1686
1692
1688
1703
1711
1727
1757
1793
1839
1882
1922
1964
1996
2014
2017
2008
1999
1980
1956
1931
1901
1878
1859
1831
1807
1786
1756
1719
1686
1654
1624
1584
1551
1523
1499
1479
1468
1463
1460
1463
1476
1478
1494
1512
1517
1522
1528
1529
1549
1582
1630
1700
1781
1873
1979
2095
2239
2367
2520
2663
2811
2979
3132
3309
3471
3646
3795
3943
3983
3991
3993
3991
3988
3991
3998
3996
3995
4001
3997
3997
3993
3985
3969
3854
3635
3355
3050
2746
2451
2222
2043
1910
1837
1810
1825
1880
1938
2037
2127
2239
2329
2417
2494
2561
2622
2660
2681
2702
2700
2689
2700
2692
2695
2692
2703
2711
2719
2732
2733
2739
2739
2732
2704
2678
2633
2596
2572
2529
2503
2477
2449
2437
2427
2417
2407
2418
2421
2416
2418
2416
2407
2415
2419
2426
2444
2453
2488
2514
2539
2574
2608
2631
2656
2670
2681
2696
2693
2706
2712
2710
2713
2718
2723
2710
2699
2696
2687
2665
2635
2607
2567
2538
2508
2482
2449
2431
2416
2410
2404
2386
2390
2386
2370
2351
2333
2299
2272
2249
2236
2195
2183
2169
2151
2135
2128
2103
2081
2050
2023
1976
1928
1880
1819
1771
1711
1663
1613
1569
1513
1465
1423
1379
1331
1286
1239
1201
1148
1103
1069
1036
1015
1004
987
986
992
980
980
967
959
950
938
920
899
899
896
895
906
921
934
943
946
951
954
945
928
911
879
852
827
800
790
783
776
777
776
784
787
791
799
795
783
787
775
774
774
785
798
817
845
870
902
940
968
992
1020
1039
1055
1075
1095
1114
1138
1167
1200
1230
1259
1291
1318
1327
1344
1353
1363
1367
1351
1349
1340
1344
1350
1360
1375
1392
1408
1421
1425
1432
1440
1425
1400
1382
1347
1319
1292
1265
1239
1225
1210
1202
1199
1188
1175
1174
1155
1133
1093
1067
1019
984
953
914
879
857
824
804
791
760
748
734
719
703
688
673
667
663
657
679
684
696
714
738
748
759
766
763
769
745
720
710
673
651
640
631
643
637
647
652
669
683
704
703
709
715
710
703
708
725
725
743
761
783
800
819
849
862
874
886
892
889
884
897
899
913
927
943
968
1008
1039
1084
1128
1161
1198
1233
1252
1272
1287
1311
1338
1369
1408
1434
1472
1497
1528
1551
1573
1592
1603
1599
1604
1621
1622
1629
1642
1670
1691
1717
1744
1770
1804
1821
1838
1857
1855
1855
1855
1862
1855
1859
1871
1880
1905
1923
1939
1963
1984
1997
2009
2010
2001
1982
1964
1947
1930
1918
1908
1903
1900
1895
1898
1891
1896
1881
1871
1843
1821
1804
1780
1766
1763
1751
1748
1756
1752
1752
1761
1759
1761
1755
1743
1738
1717
1710
1697
1688
1688
1691
1702
1708
1714
1722
1730
1736
1732
1726
1730
1725
1723
1730
1740
1752
1774
1805
1838
1864
1888
1919
1955
1970
1986
1996
2005
2020
2034
2050
2062
2100
2144
2183
2238
2288
2334
2381
2420
2445
2453
2451
2447
2440
2436
2424
2414
2415
2408
2411
2407
2420
2429
2416
2416
2414
2410
2398
2397
2394
2404
2405
2428
2444
2452
2473
2475
2491
2499
2503
2496
2488
2482
2463
2465
2466
2476
2482
2504
2527
2559
2575
2618
2633
2663
2677
2683
2680
2682
2679
2674
2677
2691
2694
2715
2728
2744
2764
2774
2782
2782
2785
2774
2752
2732
2713
2695
2690
2679
2672
2676
2674
2677
2672
2674
2649
2624
2576
2521
2462
2386
2303
2217
2087
1938
1776
1609
1476
1353
1272
1213
1179
1159
1158
1174
1196
1238
1286
1344
1407
1457
1524
1581
1630
1680
1712
1735
1751
1752
1749
1746
1744
1735
1743
1752
1761
1793
1816
1853
1871
1911
1952
1970
1983
1990
2001
2017
2045
2057
2092
2115
2153
2175
2208
2237
2260
2288
2312
2330
2338
2349
2355
2367
2381
2394
2407
2419
2442
2449
2463
2479
2496
2496
2494
2487
2480
2474
2464
2468
2460
2468
2463
2479
2486
2498
2509
2516
2524
2527
2524
2508
2489
2484
2477
2475
2470
2474
2490
2491
2501
2511
2518
2534
2529
2516
2505
2490
2472
2460
2459
2437
2435
2436
2436
2439
2439
2446
2449
2440
2419
2395
2370
2346
2319
2294
2284
2263
2256
2246
2235
2233
2224
2216
2208
2176
2142
2111
2072
2033
1991
1950
1916
1892
1884
1886
1901
1918
1963
2001
2057
2114
2188
2262
2358
2463
2575
2706
2865
3036
3244
3417
3608
3779
3922
3986
3985
3984
3990
3986
3988
3994
3994
3991
3997
3992
3991
3981
3928
3774
3535
3203
2836
2422
2057
1744
1481
1292
1175
1112
1103
1141
1209
1305
1413
1503
1593
1664
1713
1745
1763
1781
1800
1790
1802
1798
1820
1832
1842
1854
1872
1879
1888
1895
1893
1890
1904
1903
1915
1928
1940
1954
1986
1997
2019
2041
2049
2059
2068
2062
2059
2067
2058
2067
2076
2077
2099
2107
2127
2137
2149
2170
2173
2181
2182
2173
2175
2186
2188
2196
2222
2233
2255
2273
2295
2328
2341
2363
2375
2374
2376
2381
2379
2367
2373
2375
2380
2398
2402
2413
2432
2441
2457
2464
2456
2454
2438
2421
2410
2396
2384
2368
2366
2368
2375
2392
2391
2404
2411
2407
2403
2396
2394
2391
2393
2394
2399
2419
2425
2445
2459
2482
2507
2528
2532
2544
2547
2543
2545
2556
2557
2572
2584
2612
2631
2652
2666
2683
2706
2712
2722
2723
2719
2698
2694
2686
2682
2686
2697
2704
2727
2737
2760
2777
2790
2800
2815
2806
2813
2811
2812
2808
2814
2825
2828
2833
2838
2843
2856
2861
2872
2870
2853
2846
2845
2845
2836
2839
2843
2863
2864
2872
2892
2904
2910
2911
2914
2902
2885
2888
2866
2856
2856
2857
2869
2884
2885
2898
2906
2924
2936
2937
2936
2925
2926
2920
2925
2930
2927
2936
2949
2964
2962
2970
2963
2969
2978
2945
2925
2895
2852
2810
2753
2703
2664
2630
2613
2598
2574
2551
2547
2529
2517
2494
2473
2461
2433
2419
2411
2414
2407
2409
2406
2416
2418
2411
2409
2401
2386
2363
2343
2337
2329
2327
2330
2341
2364
2376
2400
2420
2440
2460
2479
2471
2473
2471
2460
2460
2458
2463
2476
2487
2511
2529
2552
2569
2584
2603
2591
2590
2575
2568
2565
2556
2561
2556
2572
2574
2595
2591
2609
2628
2655
2661
2660
2650
2648
2643
2640
2642
2644
2636
2641
2655
2650
2647
2654
2664
2644
2630
2593
2561
2536
2512
2478
2456
2448
2446
2435
2434
2438
2443
2434
2449
2435
2432
2415
2400
2394
2393
2386
2389
2388
2400
2406
2411
2407
2416
2409
2400
2392
2373
2353
2333
2311
2295
2286
2282
2283
2279
2276
2277
2285
2291
2285
2280
2254
2242
2220
2206
2195
2192
2176
2177
2180
2175
2167
2167
2178
2176
2167
2152
2131
2115
2091
2088
2074
2070
2067
2063
2068
2063
2070
2066
2071
2053
2045
2025
2008
1991
1976
1972
1956
1948
1943
1940
1933
1923
1931
1930
1928
1932
1919
1912
1904
1900
1895
1885
1892
1892
1899
1913
1922
1928
1935
1935
1933
1930
1918
1909
1900
1893
1885
1882
1888
1891
1902
1917
1926
1944
1951
1949
1941
1931
1919
1910
1898
1888
1886
1885
1886
1896
1908
1912
1917
1928
1935
1929
1917
1915
1909
1904
1903
1899
1900
1902
1899
1910
1917
1932
1940
1943
1944
1942
1931
1931
1918
1906
1905
1903
1913
1920
1932
1941
1944
1956
1970
1959
1938
1907
1889
1871
1849
1840
1839
1834
1845
1859
1864
1886
1902
1916
1921
1918
1919
1920
1921
1920
1920
1932
1941
1948
1966
1980
1987
1998
2008
2004
2008
1999
1995
1993
1990
1993
1997
2010
2017
2029
2045
2057
2065
2077
2094
2103
2100
2092
2087
2081
2080
2075
2081
2087
2096
2115
2132
2128
2154
2166
2172
2180
2161
2162
2146
2150
2142
2143
2141
2148
2163
2163
2174
2178
2187
2185
2174
2176
2156
2143
2139
2135
2146
2150
2165
2182
2199
2223
2240
2260
2271
2271
2273
2263
2254
2240
2241
2230
2230
2219
2221
2230
2226
2215
2222
2218
2217
2208
2202
2191
2185
2177
2192
2198
2204
2220
2244
2261
2275
2294
2313
2325
2334
2323
2304
2295
2274
2263
2259
2242
2248
2256
2254
2263
2267
2270
2276
2278
2273
2257
2239
2230
2222
2220
2222
2221
2227
2238
2248
2266
2277
2294
2308
2310
2304
2297
2289
2286
2277
2281
2289
2289
2296
2309
2323
2336
2353
2365
2367
2368
2355
2346
2324
2317
2325
2318
2332
2340
2352
2367
2383
2392
2416
2416
2417
2408
2387
2375
2363
2343
2334
2319
2312
2301
2287
2283
2263
2241
2215
2200
2178
2164
2169
2180
2203
2241
2295
2359
2451
2545
2653
2774
2898
3027
3171
3324
3483
3643
3803
3954
3982
3997
4000
3996
3999
4000
3998
4007
4005
4001
3997
3993
3995
3998
4000
3977
3944
3764
3480
3143
2799
2466
2173
1931
1755
1623
1553
1533
1545
1589
1665
1748
1836
1923
2001
2067
2132
2170
2207
2231
2231
2221
2205
2169
2148
2128
2111
2108
2089
2102
2111
2110
2123
2133
2150
2166
2166
2147
2141
2136
2119
2110
2109
2104
2103
2112
2120
2122
2142
2144
2157
2160
2157
2146
2142
2136
2133
2128
2142
2152
2157
2169
2194
2209
2222
2237
2241
2238
2219
2218
2204
2190
2183
2186
2179
2179
2197
2201
2195
2202
2206
2193
2190
2178
2153
2141
2123
2103
2085
2071
2069
2068
2071
2080
2086
2096
2093
2094
2084
2063
2062
2035
2022
2018
2014
2016
2026
2046
2055
2081
2102
2111
2108
2119
2111
2098
2081
2082
2076
2086
2086
2099
2120
2135
2148
2163
2172
2188
2178
2183
2161
2161
2158
2159
2164
2170
2181
2196
2217
2240
2256
2274
2293
2292
2290
2279
2269
2270
2257
2257
2264
2283
2299
2322
2351
2380
2396
2420
2438
2440
2443
2445
2443
2442
2431
2427
2440
2443
2450
2461
2474
2471
2486
2495
2487
2485
2462
2455
2447
2434
2427
2430
2435
2431
2432
2433
2444
2449
2440
2431
2425
2416
2395
2385
2386
2375
2361
2363
2366
2365
2364
2370
2375
2380
2360
2343
2336
2313
2292
2265
2238
2216
2206
2182
2173
2145
2136
2118
2102
2077
2056
2032
2009
1975
1963
1944
1935
1930
1932
1934
1929
1927
1920
1920
1909
1890
1876
1847
1825
1812
1787
1777
1766
1763
1766
1773
1785
1784
1795
1797
1806
1798
1786
1782
1778
1759
1756
1750
1744
1747
1755
1756
1772
1789
1801
1811
1823
1816
1811
1808
1795
1792
1792
1790
1798
1806
1819
1832
1831
1841
1849
1860
1855
1853
1835
1830
1828
1836
1831
1848
1859
1876
1889
1918
1922
1942
1944
1932
1921
1904
1897
1888
1885
1886
1895
1902
1914
1930
1936
1950
1964
1970
1966
1962
1959
1950
1938
1931
1927
1908
1911
1916
1920
1922
1928
1937
1952
1951
1947
1944
1937
1934
1928
1932
1927
1945
1939
1945
1958
1962
1954
1968
1947
1935
1933
1918
1913
1896
1898
1892
1898
1907
1927
1944
1960
1974
1991
1997
1987
1977
1972
1963
1958
1953
1953
1959
1961
1972
1983
1999
2020
2034
2044
2051
2048
2040
2032
2029
2032
2019
2033
2032
2050
2047
2058
2063
2063
2074
2072
2060
2046
2032
2018
2001
1994
2002
2004
2015
2028
2030
2047
2054
2072
2069
2068
2060
2051
2044
2035
2031
2039
2033
2043
2048
2049
2061
2070
2073
2081
2082
2081
2068
2058
2041
2040
2042
2039
2042
2044
2060
2063
2076
2083
2086
2084
2072
2063
2049
2027
2028
2019
2017
2008
2016
2020
2014
2030
2039
2049
2060
2053
2051
2042
2024
2013
2008
1993
1991
1994
1991
2001
2012
2015
2024
2020
2019
1995
1991
1975
1965
1975
1975
1984
1996
2015
2027
2043
2047
2059
2062
2067
2048
2035
2018
1994
1981
1976
1975
1976
1990
2006
2022
2040
2056
2060
2062
2051
2038
2016
2000
1986
1976
1972
1979
1990
1998
2018
2032
2035
2046
2051
2048
2028
2015
1994
1976
1960
1934
1926
1921
1916
1921
1924
1927
1942
1953
1956
1941
1944
1932
1927
1918
1923
1920
1923
1924
1929
1936
1938
1950
1969
1970
1969
1966
1952
1923
1922
1907
1906
1881
1886
1885
1884
1888
1886
1888
1891
1898
1888
1872
1857
1852
1838
1839
1844
1836
1845
1851
1855
1871
1873
1872
1872
1857
1842
1819
1807
1792
1773
1763
1752
1751
1748
1762
1767
1779
1782
1789
1792
1779
1767
1763
1759
1772
1760
1770
1778
1778
1792
1804
1815
1830
1830
1832
1832
1823
1819
1803
1813
1802
1809
1816
1832
1845
1854
1863
1872
1879
1877
1880
1872
1862
1860
1848
1844
1847
1856
1871
1883
1901
1911
1925
1938
1937
1937
1922
1915
1896
1880
1864
1856
1849
1852
1863
1879
1892
1905
1913
1905
1904
1872
1852
1827
1818
1826
1840
1872
1920
1983
2060
2161
2257
2359
2475
2585
2706
2826
2955
3091
3222
3357
3465
3579
3662
3717
3741
3770
3760
3756
3756
3727
3705
3655
3588
3477
3324
3133
2889
2632
2345
2070
1795
1565
1367
1238
1146
1100
1101
1119
1180
1247
1342
1444
1541
1630
1731
1796
1856
1891
1920
1924
1928
1912
1894
1886
1865
1853
1848
1844
1855
1863
1874
1888
1902
1911
1925
1925
1916
1904
1898
1897
1891
1888
1895
1907
1909
1916
1923
1939
1941
1948
1950
1932
1919
1909
1896
1896
1898
1905
1917
1919
1939
1943
1960
1967
1965
1954
1936
1918
1888
1867
1840
1832
1824
1821
1813
1826
1831
1835
1843
1852
1854
1844
1822
1804
1795
1780
1777
1765
1778
1777
1781
1786
1798
1808
1823
1844
1848
1850
1851
1856
1854
1859
1864
1859
1864
1870
1886
1890
1900
1911
1924
1948
1948
1954
1955
1954
1955
1972
1975
1990
1996
2012
2023
2047
2047
2067
2086
2083
2079
2084
2079
2079
2095
2109
2119
2136
2150
2166
2183
2189
2196
2208
2212
2217
2207
2212
2213
2214
2210
2217
2227
2239
2255
2266
2280
2294
2297
2301
2297
2292
2291
2291
2284
2285
2296
2300
2316
2337
2364
2381
2400
2421
2441
2443
2450
2455
2462
2461
2471
2475
2492
2485
2503
2513
2528
2531
2541
2550
2545
2527
2513
2498
2485
2478
2468
2462
2459
2451
2459
2463
2460
2466
2474
2455
2435
2419
2397
2378
2357
2348
2337
2328
2317
2322
2319
2315
2314
2316
2311
2295
2285
2273
2243
2218
2204
2181
2177
2166
2178
2173
2172
2169
2169
2168
2155
2142
2124
2098
2076
2069
2047
2034
2021
2018
2026
2038
2037
2038
2037
2031
2023
2008
1988
1965
1937
1927
1912
1906
1912
1897
1898
1892
1898
1904
1909
1898
1897
1892
1894
1891
1888
1894
1900
1905
1920
1926
1946
1967
1975
1988
1997
1993
1986
1977
1984
1992
1992
1998
2015
2022
2040
2049
2067
2077
2082
2090
2087
2079
2080
2065
2047
2045
2038
2031
2025
2023
2034
2040
2045
2056
2058
2067
2054
2036
2031
2018
2013
2018
2022
2032
2035
2044
2060
2061
2072
2083
2080
2074
2058
2060
2047
2048
2046
2051
2055
2069
2095
2102
2127
2140
2154
2151
2140
2126
2109
2086
2080
2069
2054
2043
2052
2062
2068
2080
2094
2103
2106
2102
2095
2084
2063
2053
2052
2033
2031
2028
2029
2031
2040
2043
2051
2061
2054
2043
2036
2020
1998
1997
1992
1983
2001
2005
2015
2021
2036
2045
2058
2069
2055
2060
2039
2025
2015
2001
1996
2004
2006
2009
2029
2027
2042
2050
2046
2059
2052
2045
2036
2024
2011
1992
1984
1978
1979
1990
1992
1990
2005
2007
2019
2010
2005
1991
1992
1984
1983
1983
1998
2008
2024
2026
2043
2042
2053
2053
2045
2035
2025
2007
1998
1979
1986
1980
1992
1993
2007
2019
2033
2044
2049
2048
2040
2020
1999
1995
1975
1976
1976
1974
1984
1987
2003
2003
2032
2026
2017
2006
1990
1982
1964
1958
1950
1952
1957
1955
1963
1973
1987
2007
2007
2023
2021
2012
2000
1988
1967
1953
1950
1938
1941
1940
1951
1953
1968
1982
1996
2006
2011
2010
2004
2004
1998
1998
1996
1995
2007
2014
2027
2031
2041
2044
2060
2055
2063
2060
2060
2049
2063
2064
2081
2091
2111
2139
2164
2187
2216
2223
2241
2242
2237
2220
2210
2207
2192
2183
2181
2185
2194
2200
2201
2215
2227
2234
2244
2233
2232
2226
2232
2226
2220
2234
2239
2253
2263
2273
2273
2282
2280
2267
2249
2226
2207
2189
2177
2174
2171
2184
2198
2206
2218
2234
2247
2257
2257
2258
2250
2243
2238
2215
2217
2213
2217
2214
2215
2223
2228
2235
2248
2247
2246
2239
2227
2224
2212
2200
2198
2187
2194
2193
2199
2207
2211
2215
2217
2208
2203
2189
2183
2175
2174
2166
2167
2169
2175
2176
2186
2204
2216
2224
2231
2223
2212
2200
2191
2171
2167
2157
2149
2146
2138
2120
2107
2097
2102
2092
2102
2109
2125
2150
2184
2224
2266
2328
2405
2487
2569
2675
2797
2922
3074
3200
3338
3461
3585
3676
3751
3796
3822
3826
3835
3815
3797
3781
3777
3755
3711
3636
3507
3330
3102
2864
2594
2315
2051
1799
1600
1440
1338
1282
1277
1285
1327
1368
1429
1484
1552
1613
1662
1709
1753
1782
1810
1825
1831
1841
1836
1819
1799
1782
1760
1745
1739
1734
1725
1730
1744
1753
1770
1781
1794
1803
1797
1789
1784
1762
1748
1748
1728
1726
1723
1729
1733
1742
1743
1760
1763
1761
1758
1744
1732
1716
1709
1697
1702
1704
1708
1714
1714
1707
1710
1713
1710
1695
1689
1668
1662
1645
1655
1649
1652
1663
1679
1699
1724
1744
1761
1788
1793
1805
1806
1812
1813
1824
1825
1834
1847
1858
1874
1888
1900
1920
1932
1945
1952
1948
1938
1943
1938
1938
1939
1952
1947
1967
1976
1981
1985
1980
1984
1976
1963
1955
1938
1930
1913
1920
1918
1923
1930
1944
1955
1963
1981
1984
1987
1984
1983
1986
1981
1980
1983
1998
2011
2019
2040
2056
2079
2086
2114
2113
2123
2124
2118
2119
2116
2128
2123
2137
2159
2181
2200
2224
2238
2266
2275
2282
2287
2292
2287
2287
2286
2296
2288
2298
2312
2307
2313
2326
2328
2327
2323
2325
2320
2308
2306
2292
2300
2294
2297
2296
2293
2296
2291
2297
2296
2287
2285
2266
2252
2229
2212
2194
2184
2182
2176
2176
2178
2170
2171
2176
2166
2165
2137
2118
2102
2077
2064
2052
2038
2037
2030
2032
2028
2027
2028
2033
2034
2032
2019
1998
1992
1977
1959
1957
1939
1944
1947
1949
1952
1953
1957
1950
1939
1927
1903
1879
1865
1848
1832
1822
1819
1820
1822
1818
1819
1828
1830
1827
1815
1811
1806
1799
1796
1799
1799
1805
1798
1816
1823
1836
1846
1845
1846
1841
1831
1820
1804
1799
1802
1795
1800
1807
1799
1799
1808
1818
1828
1832
1831
1822
1818
1812
1807
1808
1812
1807
1813
1830
1844
1850
1869
1883
1889
1895
1891
1891
1887
1891
1875
1880
1882
1884
1889
1897
1912
1910
1915
1927
1930
1914
1904
1882
1872
1856
1840
1828
1825
1820
1814
1819
1824
1827
1834
1831
1834
1825
1817
1800
1800
1780
1784
1779
1779
1787
1799
1811
1824
1842
1856
1868
1863
1865
1859
1869
1869
1873
1873
1882
1894
1902
1918
1926
1942
1952
1957
1949
1948
1942
1934
1928
1927
1915
1920
1922
1928
1927
1934
1945
1951
1951
1958
1949
1946
1933
1920
1911
1910
1914
1898
1911
1916
1917
1927
1940
1942
1940
1939
1933
1911
1902
1898
1891
1889
1886
1891
1906
1915
1928
1949
1956
1964
1961
1969
1953
1944
1934
1929
1925
1927
1935
1941
1951
1964
1968
1981
1983
1982
1973
1962
1947
1940
1941
1934
1937
1936
1943
1954
1959
1961
1966
1973
1967
1961
1957
1943
1933
1926
1914
1914
1923
1927
1937
1941
1959
1979
1993
1999
2012
2014
2016
2011
2011
2013
2015
2028
2030
2039
2050
2055
2068
2084
2092
2095
2087
2076
2064
2059
2048
2044
2041
2040
2044
2051
2063
2065
2079
Amount of Readings: 
10000
