=~=~=~=~=~=~=~=~=~=~=~= PuTTY log 2024.02.21 10:04:44 =~=~=~=~=~=~=~=~=~=~=~=
Printing 3.3v list of readings: 
536
531
528
527
530
533
542
550
558
565
571
572
572
567
557
551
537
527
517
510
507
510
515
526
536
551
567
579
593
608
625
646
669
696
727
767
812
864
915
967
997
996
998
998
999
999
997
1001
999
999
997
1001
1001
1000
999
998
995
985
940
864
773
677
581
494
423
374
340
325
326
338
362
388
415
439
459
471
481
484
487
486
484
485
488
494
497
506
511
516
519
518
518
513
508
500
495
491
491
494
499
505
514
523
530
535
538
536
531
524
517
510
502
502
500
503
512
519
530
536
542
548
547
543
540
531
521
517
514
511
514
519
528
536
545
555
562
561
561
557
548
540
533
531
527
526
531
536
545
552
561
566
567
567
563
553
545
541
531
528
524
527
530
539
544
551
560
562
562
558
553
542
534
530
523
521
520
526
531
539
548
557
563
564
564
557
549
541
536
527
528
526
532
535
547
558
568
571
577
578
576
570
564
559
553
551
553
559
566
576
585
595
605
613
619
615
612
607
598
592
589
587
588
594
600
610
617
626
630
634
629
626
617
607
594
587
579
575
576
580
588
593
602
604
609
605
603
593
581
569
561
553
548
546
548
554
560
565
572
575
572
569
558
551
539
527
517
513
501
504
506
512
518
523
526
530
523
515
504
492
480
468
461
453
453
457
459
466
474
479
481
482
478
470
462
449
437
430
425
423
425
431
438
446
453
458
460
458
452
445
437
429
420
418
418
421
428
440
450
459
470
477
479
474
468
462
454
443
436
434
433
436
441
446
454
462
465
464
461
456
447
434
423
415
410
407
410
418
427
436
446
453
461
459
455
449
441
431
423
419
417
417
423
433
440
448
457
463
464
460
454
444
433
424
417
414
413
416
426
433
444
455
463
466
468
464
456
448
439
429
426
423
424
431
439
446
457
466
472
471
470
463
455
446
436
433
428
429
434
442
450
459
469
474
478
475
469
459
451
442
432
428
426
428
434
441
451
459
466
473
473
466
459
450
442
432
427
424
425
429
438
448
458
467
476
477
474
468
460
449
439
433
426
426
427
434
443
454
460
469
472
472
468
460
447
439
430
426
423
424
432
441
450
461
467
477
477
474
468
459
448
440
430
427
425
428
437
442
453
463
471
474
473
468
458
450
441
434
431
429
435
442
453
462
477
484
491
493
489
483
473
462
456
448
444
442
447
457
467
480
490
499
504
504
497
491
480
474
465
458
457
459
467
474
483
492
497
504
500
494
487
477
465
456
450
449
449
455
466
474
488
495
502
504
501
495
486
471
464
455
453
451
453
462
471
483
495
503
505
506
499
493
481
471
462
457
454
456
463
470
482
490
501
506
506
504
495
485
473
462
456
450
449
455
460
470
476
484
489
487
479
472
458
439
423
409
396
389
389
395
405
421
438
455
473
489
501
515
531
549
571
598
633
678
730
782
843
902
956
992
998
997
998
997
995
996
995
994
995
995
994
988
959
917
855
775
682
581
483
396
320
262
223
206
202
216
241
272
306
339
371
394
410
417
418
414
409
403
398
397
398
405
414
424
433
440
444
443
435
427
415
408
400
393
391
394
403
412
422
434
442
447
448
441
435
423
414
403
397
395
395
400
409
418
431
440
447
453
450
443
437
427
418
414
408
409
414
423
434
445
457
465
471
470
464
455
446
436
425
420
413
415
419
427
437
447
455
462
464
462
451
445
434
423
413
410
408
412
419
429
441
452
459
464
465
459
449
441
430
423
417
415
418
427
438
448
460
471
477
479
476
470
463
454
448
444
443
446
454
464
478
494
505
515
522
521
518
513
503
495
491
485
487
491
500
510
521
537
547
555
558
555
550
544
535
529
521
520
521
528
535
547
556
564
571
570
565
559
544
532
520
510
503
502
503
508
516
527
535
541
546
542
536
527
511
500
489
479
476
476
480
485
493
504
511
514
514
508
499
484
470
460
448
439
435
438
441
448
454
460
466
464
459
447
437
425
411
400
392
391
391
397
404
413
423
432
436
435
431
421
409
398
385
378
372
369
372
379
389
398
406
410
413
411
401
396
383
371
362
355
355
358
363
372
384
395
403
408
408
403
395
385
373
364
358
357
358
366
375
386
399
410
419
421
416
410
400
389
379
372
367
369
373
383
395
405
419
429
435
435
431
421
411
400
390
383
381
383
390
395
404
417
426
433
434
427
419
408
398
388
378
376
377
384
394
407
419
430
440
444
442
434
425
416
404
394
390
389
393
401
412
423
433
443
446
447
442
432
418
408
395
388
384
384
388
394
401
413
422
427
430
425
417
406
395
381
373
366
365
367
373
380
391
399
405
411
406
402
393
380
368
358
352
350
354
361
371
385
397
408
415
415
414
406
395
385
375
366
363
361
365
373
382
395
406
415
418
417
411
403
392
384
375
370
368
372
380
389
401
414
423
425
426
422
412
403
391
381
372
369
372
376
388
400
413
425
436
442
442
437
426
416
401
391
387
383
388
394
403
416
423
432
436
432
425
419
391
385
381
388
393
404
416
429
440
448
451
451
443
433
422
409
400
396
396
399
405
414
424
439
444
450
447
444
435
423
415
404
394
391
391
396
405
415
425
435
442
445
443
436
429
417
408
401
396
397
402
409
417
429
441
448
455
455
448
441
434
422
418
410
408
412
420
429
442
453
462
469
470
467
461
450
435
425
416
410
407
409
415
419
425
431
432
433
428
421
413
407
403
404
408
421
440
468
501
536
578
617
662
703
744
773
810
838
864
889
908
927
943
954
970
980
986
989
988
981
959
918
859
788
707
616
527
445
373
314
273
243
230
225
227
236
246
257
268
289
304
323
340
359
380
398
414
425
434
438
432
426
414
403
390
383
379
378
383
395
406
422
435
447
453
455
452
441
430
418
409
403
400
401
407
416
427
436
448
455
457
453
447
438
428
419
416
412
414
419
431
446
457
471
482
487
487
484
476
465
457
451
450
452
457
468
480
493
505
515
518
519
516
508
494
483
475
471
465
466
471
481
491
501
511
520
523
520
517
509
500
491
484
477
476
480
488
499
509
522
529
534
537
530
523
515
504
495
490
488
489
492
497
506
515
522
527
531
529
520
513
505
499
496
498
502
514
531
548
566
581
597
605
609
605
600
592
585
581
575
578
581
592
604
618
633
642
651
654
648
639
629
617
605
598
591
591
595
602
612
624
630
639
639
636
628
618
608
592
583
575
571
573
579
588
599
604
611
615
613
607
597
582
571
562
550
546
545
548
554
561
569
571
574
571
566
555
542
529
515
504
496
493
495
501
507
513
521
526
525
523
516
506
493
480
470
463
458
459
465
472
484
495
502
507
507
503
494
481
469
457
451
444
446
448
457
469
482
493
499
505
502
500
489
479
466
456
451
445
450
457
466
473
487
494
498
499
494
487
476
465
457
451
449
450
459
468
479
492
504
511
514
512
507
496
485
476
468
463
465
470
477
489
504
515
527
531
531
526
518
507
495
484
480
477
478
487
496
509
521
531
539
540
535
528
515
504
491
483
479
478
480
487
493
502
508
515
518
514
508
497
486
476
469
461
462
467
474
484
493
508
517
522
525
519
514
503
493
484
477
472
473
478
488
498
509
521
530
536
535
530
522
509
499
491
487
484
490
495
503
511
518
527
525
520
512
503
488
477
466
462
459
462
470
480
489
499
512
518
519
520
511
505
495
487
478
472
470
473
480
487
498
510
516
521
519
513
503
494
484
476
471
469
473
483
493
504
515
527
535
537
535
528
519
507
499
490
485
488
493
502
511
524
536
541
544
543
538
531
519
509
503
500
499
503
510
520
529
539
543
548
542
537
523
510
495
483
476
470
471
477
487
497
510
518
526
530
530
522
512
500
490
480
475
474
478
485
492
501
511
519
524
521
517
508
498
487
481
476
474
480
488
497
508
517
524
530
533
526
517
510
500
490
486
482
487
490
499
509
521
532
538
541
538
531
518
502
489
477
468
464
465
466
472
482
492
500
508
511
516
517
516
520
527
537
554
580
612
651
691
736
782
824
867
900
929
951
965
971
976
975
974
976
978
984
985
985
984
974
943
894
827
741
650
558
469
390
329
286
261
253
261
275
297
318
339
357
371
383
394
403
412
422
433
444
458
469
478
483
487
483
477
467
457
446
439
435
436
443
451
463
477
488
496
503
504
500
492
484
474
467
460
457
458
462
471
480
491
501
508
510
510
505
496
489
480
475
473
476
483
497
510
524
542
553
560
564
561
553
547
536
528
524
524
525
532
541
551
560
568
573
572
568
558
547
535
520
514
510
508
512
520
527
540
548
555
557
556
548
538
526
514
507
501
499
503
510
521
531
543
552
560
561
560
553
544
533
528
521
521
524
535
546
559
573
585
598
601
605
597
593
586
579
575
577
580
588
599
611
628
640
653
660
664
662
658
648
640
634
629
627
631
638
648
660
673
681
688
689
686
679
668
656
643
633
625
622
626
630
639
645
655
661
663
659
652
640
626
613
603
593
587
587
593
600
606
613
619
620
617
610
599
584
567
553
542
532
524
527
527
531
539
546
549
550
544
537
526
511
506
496
486
482
483
488
495
503
511
518
523
520
518
508
496
483
474
464
458
457
461
469
478
485
497
499
502
497
490
480
469
459
450
448
448
450
459
471
482
496
505
510
512
507
500
489
480
471
465
463
466
470
479
490
501
513
519
518
518
512
506
498
489
484
482
485
490
499
509
520
528
538
541
538
533
522
510
500
491
486
486
487
494
500
505
503
501
487
467
445
419
389
361
335
315
304
301
305
314
330
346
364
378
390
396
397
395
394
394
392
396
404
417
434
452
472
487
505
516
519
519
513
504
492
482
472
468
466
468
474
482
489
498
504
507
504
498
491
481
475
470
466
470
475
486
502
515
530
542
550
551
546
537
528
514
504
496
491
495
497
504
513
519
528
533
533
526
519
511
501
494
489
485
485
491
502
513
526
539
548
552
553
549
539
529
519
510
502
499
496
502
506
514
522
526
529
528
522
512
501
490
480
472
469
468
474
486
498
510
522
532
537
534
532
524
517
507
500
498
496
500
507
520
531
540
547
551
550
546
537
528
520
511
509
510
514
522
533
545
557
567
572
573
568
559
544
530
515
505
498
496
499
506
514
527
536
544
548
546
539
531
519
511
500
492
491
491
496
503
512
520
530
535
537
535
528
520
512
504
500
495
497
502
511
520
530
539
545
549
543
539
529
521
511
505
501
499
502
507
516
524
536
543
551
550
550
539
528
518
509
499
494
492
491
494
498
503
508
509
511
509
507
505
505
506
513
526
543
565
596
632
665
704
746
788
826
861
893
919
937
954
968
973
978
985
982
987
988
987
984
975
956
917
861
798
723
643
564
488
424
373
338
319
313
318
323
334
346
357
370
381
391
401
415
429
441
455
466
477
483
491
491
485
480
470
461
454
445
444
446
452
462
473
485
495
499
504
501
494
482
471
462
452
447
447
446
453
459
472
480
486
492
491
486
479
472
467
460
458
458
464
470
483
494
506
519
525
531
529
527
518
510
501
495
492
492
499
505
516
524
535
542
544
543
539
530
519
510
501
492
490
489
492
498
505
514
518
524
524
523
514
505
496
487
480
479
480
485
492
499
505
513
520
521
519
515
507
500
493
490
486
488
492
498
509
520
531
541
549
550
549
543
534
527
521
519
520
526
532
542
556
568
582
591
594
592
587
581
574
567
561
556
561
564
572
584
596
605
613
620
621
614
609
599
587
577
570
566
565
570
577
583
593
600
604
604
599
591
581
571
559
552
548
547
549
556
563
572
579
582
585
582
573
562
550
538
525
518
514
512
514
518
525
530
531
533
531
522
515
501
489
476
467
462
458
461
465
471
476
482
485
483
478
467
455
441
429
421
411
408
408
412
418
423
431
440
442
441
435
425
417
406
398
389
386
388
391
401
406
417
424
429
431
427
420
412
399
394
385
383
383
389
399
407
419
429
439
443
444
443
436
431
423
418
414
414
419
424
432
444
451
460
466
465
462
454
444
435
429
422
420
423
427
434
444
453
465
473
473
469
465
457
445
438
430
425
424
431
438
447
458
468
475
485
484
485
476
466
455
447
441
437
439
444
454
460
472
478
486
487
486
480
473
465
456
452
448
448
452
457
465
476
483
491
495
496
491
481
474
463
455
448
445
447
453
462
472
479
487
492
492
489
479
470
460
452
445
439
438
441
447
455
460
471
477
481
481
474
465
456
445
437
431
429
431
437
444
454
459
469
472
474
468
461
449
437
429
422
418
419
420
426
435
445
453
461
465
461
457
450
443
436
429
429
431
435
442
453
462
471
478
482
481
476
473
463
455
447
442
440
445
451
460
469
481
490
494
496
494
490
478
468
459
452
447
447
451
458
463
471
477
483
485
482
474
463
455
445
436
430
428
431
435
442
451
461
467
471
472
469
462
453
443
437
431
427
427
433
438
446
456
464
472
473
470
465
456
447
438
434
427
427
433
437
449
462
472
479
483
486
481
474
467
458
452
446
444
443
448
458
464
469
476
481
480
472
460
447
433
421
416
416
423
436
452
471
496
518
543
566
587
607
629
653
681
712
745
781
818
855
892
917
944
956
963
964
960
945
931
918
898
874
840
796
744
687
625
555
487
426
366
320
281
252
234
229
230
244
261
288
318
347
375
401
419
435
443
441
435
427
418
409
402
398
401
406
413
423
434
444
451
455
453
449
441
434
424
420
417
417
421
430
436
446
456
462
465
464
459
452
442
434
427
423
422
426
434
442
452
462
472
479
478
475
471
461
455
445
442
440
441
445
455
466
474
486
495
498
498
492
485
474
467
460
456
454
457
462
473
484
492
502
505
506
503
497
489
479
474
471
470
474
479
487
495
506
513
519
521
519
512
503
494
489
482
477
479
483
494
501
514
524
532
539
540
538
530
522
517
510
508
509
513
521
535
545
558
567
575
579
578
575
568
563
558
556
556
558
567
578
589
603
614
622
630
630
624
620
611
604
596
595
593
598
603
614
621
631
639
643
641
636
626
616
603
592
583
578
579
579
584
592
599
606
610
612
606
596
585
574
566
552
546
543
541
546
550
555
562
566
564
563
555
542
529
516
505
497
492
493
495
499
504
512
518
520
522
514
504
492
482
471
462
456
456
456
461
468
477
483
490
490
486
478
467
457
447
439
433
429
435
438
447
456
467
475
479
478
474
464
456
447
438
432
431
432
439
446
454
466
475
480
485
483
479
469
460
452
448
444
443
447
451
462
471
482
489
494
493
489
481
474
467
462
460
456
460
467
475
487
496
505
512
513
511
505
498
488
481
476
472
474
479
487
497
506
515
521
524
528
522
514
505
499
491
489
486
489
495
505
512
523
530
535
535
530
524
515
506
495
490
486
485
490
496
502
512
518
525
528
527
520
512
504
496
491
483
483
486
489
498
506
514
521
523
522
515
508
498
488
478
472
470
470
474
481
491
498
506
510
511
507
497
491
481
472
467
460
460
462
469
479
487
498
504
507
506
500
493
481
473
463
459
457
460
465
475
482
492
499
505
505
502
494
485
477
470
459
457
457
462
467
478
484
493
496
501
500
491
484
477
468
459
455
454
455
462
471
479
490
497
501
503
500
493
485
478
469
463
461
464
469
478
485
496
505
514
515
515
511
503
496
488
483
481
481
484
491
503
509
518
521
525
520
514
502
490
479
466
459
455
456
462
470
479
488
497
504
506
501
496
487
477
470
465
463
463
465
472
482
489
498
503
506
506
504
494
485
478
471
467
468
471
477
487
495
506
514
518
519
517
509
499
489
482
476
474
473
479
489
497
508
517
525
528
525
518
508
498
486
477
473
464
463
465
466
469
473
480
483
485
486
483
482
484
488
498
515
540
567
604
644
694
743
792
839
875
908
932
951
959
965
966
971
974
979
984
985
988
987
972
937
885
819
747
664
577
494
424
365
326
300
292
295
307
323
342
357
371
381
390
398
404
408
416
422
433
444
453
461
467
470
467
462
455
446
439
435
432
431
437
445
455
461
472
478
484
481
476
467
460
449
439
433
429
429
436
442
451
459
469
473
475
471
467
457
446
439
431
428
429
433
440
451
462
476
483
488
491
486
481
473
467
461
457
456
460
468
476
485
495
504
508
511
506
497
490
478
471
466
462
466
473
487
503
521
540
561
573
578
582
577
571
561
552
545
541
539
538
542
542
544
543
539
531
518
503
488
472
461
453
450
449
456
467
476
492
504
511
519
522
515
515
508
502
501
500
502
509
520
531
543
554
561
566
568
562
557
550
541
534
531
532
534
543
553
565
578
592
598
603
603
600
594
587
580
575
575
575
577
586
593
599
608
612
610
606
594
580
565
551
536
527
520
517
518
521
525
531
536
535
532
528
520
505
495
486
481
477
478
482
489
498
506
517
521
521
515
507
496
486
475
465
458
459
459
464
474
481
487
493
474
463
454
447
442
443
446
455
466
480
488
496
501
501
499
493
486
478
471
464
463
465
471
479
487
496
500
504
504
499
488
477
464
451
442
439
436
439
445
453
462
469
475
478
476
472
465
456
445
441
438
436
441
449
461
473
483
494
501
506
501
498
491
481
474
468
466
468
472
480
489
500
506
511
512
508
500
490
482
471
464
459
459
462
470
481
492
501
509
518
517
513
506
498
489
481
476
473
477
482
491
497
505
513
515
517
512
504
492
482
471
463
457
457
460
465
475
484
492
499
502
500
494
484
476
469
462
458
456
460
466
472
483
493
502
504
506
502
495
485
475
467
463
457
460
465
472
483
493
502
510
511
509
503
496
487
482
475
473
473
477
486
495
506
514
525
530
528
523
517
506
496
486
480
476
477
480
487
497
503
511
514
515
511
503
494
482
471
465
460
461
463
473
479
490
500
505
512
511
504
497
490
485
475
470
472
475
481
489
500
507
517
520
521
517
510
501
492
482
477
474
475
480
487
497
506
516
523
527
525
519
511
502
489
483
477
476
477
481
487
495
503
507
508
507
502
494
484
476
465
459
458
461
463
475
485
493
502
508
510
508
501
493
484
476
467
466
466
472
478
488
501
510
519
523
521
519
511
501
492
486
481
478
480
484
493
502
509
515
518
517
512
502
492
480
470
467
461
460
463
469
475
483
490
492
490
485
474
460
446
435
426
422
425
435
451
468
491
515
539
566
590
613
631
657
687
723
765
804
853
899
939
977
994
996
996
998
996
997
995
995
994
994
984
958
916
860
794
715
635
552
476
408
351
308
278
259
255
260
278
303
332
361
392
416
436
450
459
458
454
447
437
428
421
419
418
424
435
441
454
464
472
477
476
473
467
455
449
443
441
438
444
450
460
468
479
486
489
490
488
478
468
461
454
448
447
450
457
468
479
490
501
509
512
508
504
497
492
481
477
473
474
478
487
497
506
516
522
526
523
519
510
502
492
485
478
477
477
485
494
503
513
519
525
528
524
516
508
500
491
487
484
484
491
496
507
515
524
531
537
532
527
519
511
503
498
492
493
498
505
512
525
535
542
547
547
545
538
530
523
515
511
509
511
520
527
539
550
558
568
568
567
561
553
546
539
535
534
536
540
548
560
571
580
589
595
594
593
585
575
566
560
555
555
557
563
571
580
592
598
604
602
599
590
579
568
557
549
544
543
545
548
557
564
569
572
573
569
560
551
537
525
516
511
508
510
511
519
525
534
539
542
542
535
524
514
503
494
485
479
479
482
488
494
502
508
511
512
507
498
487
473
462
456
449
445
450
453
461
471
476
484
485
481
476
467
455
449
437
432
431
432
439
448
457
468
479
484
486
481
476
467
458
450
444
445
444
447
455
464
477
486
492
494
493
488
481
471
463
455
450
451
454
460
469
479
490
498
502
504
499
491
485
474
469
463
462
465
471
480
491
504
511
521
520
520
514
503
495
486
480
476
475
480
486
495
506
514
524
527
525
520
515
506
497
489
485
486
492
497
505
517
524
534
536
541
535
528
520
509
502
496
493
491
496
503
511
520
528
534
536
534
526
518
507
498
492
488
485
488
494
503
511
520
528
531
532
528
519
512
500
493
488
486
487
494
503
511
523
533
538
543
541
536
527
518
510
504
502
500
506
508
518
527
534
542
547
543
538
530
521
510
500
495
493
495
500
508
518
525
530
536
537
532
523
515
510
499
493
489
491
495
502
510
521
526
535
534
531
522
516
508
498
494
491
493
500
513
525
536
544
551
553
553
546
541
528
517
511
505
503
504
510
517
528
536
548
554
558
556
549
540
529
519
510
503
500
503
509
515
524
534
535
539
535
529
519
509
501
494
486
484
486
491
499
508
519
527
530
530
524
516
506
497
488
477
474
471
477
484
493
502
510
514
519
519
514
507
496
487
481
477
477
482
487
497
508
516
525
529
529
526
520
512
503
498
492
490
494
496
503
512
522
530
539
538
537
529
518
507
498
487
478
472
470
471
473
480
486
493
499
503
504
505
507
509
517
532
553
583
617
657
704
754
806
859
904
947
983
995
994
993
998
997
997
998
998
997
998
998
999
993
990
960
896
804
707
611
515
433
373
328
304
294
300
314
333
355
372
391
406
415
423
432
438
445
454
464
472
479
486
491
491
490
483
476
465
459
452
450
450
457
463
472
482
492
501
504
505
500
495
486
473
466
460
456
457
462
469
478
487
495
500
503
500
496
488
481
473
468
464
465
468
477
487
496
506
514
521
520
515
510
503
493
490
487
484
488
495
504
511
523
530
537
537
535
528
517
510
499
494
491
492
496
502
511
524
529
536
539
539
533
527
518
510
505
500
503
505
512
519
529
539
547
553
554
552
546
538
531
524
520
518
521
529
539
551
561
571
579
581
584
578
570
562
557
551
551
553
556
564
576
586
597
606
612
613
609
606
597
589
586
581
581
585
590
598
608
618
627
635
636
632
624
618
606
598
593
590
587
589
597
602
610
617
620
621
618
612
601
591
579
571
564
561
560
564
569
577
583
591
593
594
590
578
570
558
551
541
537
535
539
541
546
553
559
561
559
555
547
534
522
512
502
495
491
491
494
502
508
516
521
521
521
516
505
493
482
471
464
462
461
464
470
475
482
489
494
492
489
481
473
464
456
451
446
445
449
455
463
472
480
487
487
486
481
474
466
459
453
450
450
452
458
466
477
485
493
498
499
495
487
480
472
465
460
457
459
468
474
483
492
501
509
511
507
503
495
487
477
471
468
467
470
478
484
494
501
507
511
510
506
497
488
480
473
470
469
470
477
485
492
502
509
513
516
510
505
495
485
479
470
469
470
473
480
488
496
504
510
510
509
502
496
486
475
468
464
462
463
470
477
485
495
501
503
504
499
494
482
473
465
459
455
457
463
471
481
494
499
507
511
510
505
499
491
481
478
472
471
471
479
488
496
504
509
511
507
503
492
485
474
465
460
458
458
463
471
478
485
491
496
494
489
482
473
464
456
451
448
448
455
459
468
476
485
490
495
492
487
481
472
465
459
458
457
459
466
474
483
494
501
504
509
503
499
488
480
472
466
463
465
470
479
485
497
505
511
516
511
507
499
489
478
472
463
460
460
463
468
476
481
486
490
487
482
475
464
454
445
442
439
440
445
453
461
469
479
482
483
480
474
466
457
451
444
442
443
450
455
466
472
480
488
489
488
480
470
456
446
431
423
416
415
419
427
437
446
456
463
464
461
456
448
439
430
421
412
410
408
406
405
403
401
395
390
379
367
358
350
346
346
355
366
385
411
447
483
523
565
611
652
692
733
774
812
854
889
925
957
983
994
996
997
997
997
996
995
994
980
943
881
801
713
619
532
454
390
345
317
300
295
301
311
326
344
368
391
418
443
465
487
508
524
539
545
549
547
537
524
511
498
483
473
467
461
463
464
467
471
472
475
469
463
454
441
429
415
405
398
394
394
398
405
412
422
425
428
429
423
420
415
407
405
399
401
406
416
430
441
455
467
477
484
484
483
483
480
478
479
485
493
502
519
533
550
564
579
589
595
596
592
592
590
588
587
586
590
595
600
608
612
616
612
609
598
584
568
556
545
534
525
524
523
528
536
543
548
552
554
554
548
541
536
531
526
526
527
533
543
554
564
575
584
589
589
588
582
573
568
565
559
558
560
566
575
585
597
609
613
617
614
608
602
594
588
585
582
586
588
594
606
617
626
631
635
635
631
624
615
609
601
600
598
600
607
609
619
625
633
632
632
625
614
603
592
580
571
564
563
563
568
573
579
584
588
587
584
574
566
555
544
537
530
527
530
534
539
544
552
556
556
553
544
533
521
511
500
492
487
483
487
488
494
496
501
501
501
494
484
471
460
449
439
432
428
429
435
439
448
454
457
459
458
451
443
434
427
419
414
414
415
421
428
437
444
451
456
455
451
445
436
429
422
416
412
414
421
428
437
448
456
463
467
464
458
453
443
437
432
432
431
433
438
448
456
467
474
478
477
473
466
458
453
444
440
438
440
447
451
462
470
478
484
485
482
478
468
458
451
444
442
441
444
449
457
465
473
479
483
483
477
469
462
454
445
442
442
445
449
458
464
473
480
486
486
482
476
469
458
451
447
441
443
446
451
459
467
475
481
485
479
475
468
458
449
443
439
436
440
446
451
461
467
475
479
478
474
467
457
449
442
436
432
435
441
448
455
464
472
476
479
478
470
462
450
444
433
432
432
434
440
448
457
467
475
478
476
472
465
455
450
442
442
439
440
448
453
466
473
482
485
487
484
477
468
459
451
445
442
443
448
453
462
473
481
489
492
492
490
480
472
463
456
449
446
444
447
452
458
463
468
472
472
468
461
450
442
435
429
425
428
430
438
448
454
462
467
469
466
461
453
443
434
428
426
425
431
438
447
457
469
478
483
482
478
471
464
455
448
446
441
445
448
455
466
474
481
485
487
481
477
469
459
450
443
438
435
437
440
445
449
454
454
448
441
432
419
408
397
394
393
399
410
427
448
475
502
533
565
596
626
654
687
718
751
787
825
867
903
935
961
984
993
995
994
991
991
985
973
943
893
831
755
675
580
496
417
352
296
255
228
210
203
200
212
227
247
274
302
329
357
382
404
422
431
438
434
426
415
405
394
387
382
381
386
396
405
418
428
437
442
445
439
433
425
416
411
406
402
407
410
418
427
435
441
443
443
441
430
419
409
403
394
391
391
399
406
417
429
438
446
450
452
448
443
437
429
427
423
426
434
439
452
466
480
488
495
497
495
491
483
474
468
463
459
459
464
470
477
486
493
497
498
496
487
480
472
463
455
453
449
451
459
467
475
483
490
493
493
486
478
470
459
451
446
444
443
448
456
463
472
479
486
484
481
475
467
460
455
452
452
456
466
476
491
506
519
529
539
544
543
539
537
531
529
530
532
540
549
562
575
586
595
601
602
600
593
583
574
566
559
555
554
556
561
566
571
576
576
574
567
555
545
527
517
508
499
494
494
497
505
512
524
529
534
535
532
527
516
510
501
498
495
497
504
510
517
524
529
531
529
524
513
505
493
480
471
463
460
460
464
470
475
478
482
482
477
469
460
447
434
424
415
413
411
413
420
426
431
436
437
437
430
421
413
400
394
387
383
386
390
398
408
418
424
430
428
426
418
409
396
387
378
373
371
374
378
386
395
405
411
419
418
417
410
406
400
397
396
399
406
417
428
441
457
469
478
483
482
476
468
456
446
440
436
435
437
444
451
460
465
472
474
472
464
454
445
433
426
421
419
424
430
437
446
456
461
467
467
463
455
448
439
433
428
427
427
432
441
451
459
471
476
477
474
469
459
451
441
432
428
428
432
437
446
458
465
474
479
478
469
462
453
443
435
430
430
427
434
441
449
459
467
471
471
467
462
454
444
434
428
425
424
429
434
446
454
465
474
479
478
473
469
460
449
442
438
435
439
447
454
464
472
481
486
487
481
474
464
454
442
435
432
431
437
443
455
464
476
480
486
482
479
470
460
448
441
436
431
434
438
444
451
457
462
464
464
457
449
442
429
421
415
414
416
421
428
439
448
455
462
465
461
456
447
438
430
423
421
421
424
431
439
447
461
467
472
471
468
462
454
443
439
435
432
436
442
447
455
465
472
476
478
474
469
462
454
449
441
435
437
440
444
454
460
466
468
468
461
453
445
439
430
431
432
440
454
472
495
518
547
575
601
626
654
679
703
729
755
783
809
841
864
886
904
923
929
938
942
935
928
909
882
839
789
725
658
584
511
442
380
328
292
263
248
238
238
243
256
269
293
318
347
376
403
429
451
466
476
480
475
469
457
445
436
428
423
421
426
433
441
451
463
471
476
476
475
471
460
452
443
438
434
437
440
447
455
462
468
471
472
467
462
452
441
433
427
423
426
432
442
454
463
475
484
490
491
490
485
480
477
476
474
480
483
494
507
520
529
538
542
543
540
529
522
512
503
498
495
495
498
508
517
525
534
539
541
537
530
517
506
496
489
483
483
487
493
504
511
523
530
535
536
531
527
520
515
509
508
507
511
518
527
536
546
554
561
561
556
552
547
540
533
533
533
536
545
554
569
584
595
608
613
619
618
613
610
602
598
596
595
600
609
618
626
638
648
654
655
649
646
636
627
617
610
605
605
610
617
622
631
634
642
641
642
633
624
611
604
592
585
584
585
591
593
603
607
612
612
609
600
589
578
565
556
545
540
539
543
548
555
561
565
567
564
558
551
536
525
515
505
498
494
496
499
506
512
519
522
521
520
512
501
494
483
474
468
466
468
469
476
485
492
494
497
498
492
483
473
465
455
447
445
444
448
455
462
470
479
485
489
487
481
474
466
458
452
451
452
457
466
477
488
499
507
515
515
509
503
491
481
473
466
460
460
465
471
481
490
498
507
510
509
504
496
484
476
467
463
461
467
473
481
488
498
505
510
511
503
496
485
473
467
459
457
459
464
474
485
494
505
511
513
510
503
496
485
477
470
465
463
466
469
478
485
492
494
495
486
470
452
429
409
391
372
363
358
358
363
372
383
398
410
419
427
430
435
440
441
446
452
463
475
485
499
508
517
520
518
510
500
488
476
468
456
454
454
457
466
474
487
494
502
506
508
504
496
488
480
472
468
466
469
473
484
495
507
517
525
527
526
520
511
502
491
483
477
474
476
482
488
494
501
503
506
505
497
489
480
466
459
453
450
451
454
462
471
482
490
496
498
495
488
479
472
466
457
455
457
461
468
479
488
498
504
507
505
501
492
485
478
472
472
470
476
483
494
505
515
524
529
532
528
524
514
506
499
492
491
491
497
504
513
521
527
530
531
525
516
502
489
475
464
459
460
466
480
498
517
538
558
575
592
608
621
633
651
674
702
737
772
813
855
888
916
937
950
952
948
936
925
912
899
888
875
855
825
789
741
683
623
556
490
429
373
329
300
282
279
283
298
322
352
384
416
448
474
493
503
509
506
500
490
483
477
473
475
477
485
494
504
515
520
524
523
518
507
500
490
483
477
476
479
483
492
503
511
520
523
523
519
510
501
495
488
483
486
489
495
506
519
527
539
545
547
548
542
536
527
522
517
514
518
522
532
544
555
565
572
575
574
569
561
554
543
536
533
531
535
541
550
560
570
577
579
579
576
568
558
548
540
535
532
533
538
548
555
565
575
580
582
577
573
562
553
543
540
537
538
539
545
556
569
579
590
596
599
599
593
588
582
579
575
575
578
583
592
600
612
622
628
634
633
629
626
621
615
614
613
616
622
630
643
653
662
671
677
679
674
669
661
654
650
645
644
646
649
656
665
674
682
687
687
683
676
669
656
648
639
633
632
635
640
646
654
663
664
665
661
651
640
628
615
603
596
592
595
601
604
614
621
628
632
630
628
618
607
596
587
576
570
566
568
571
577
584
587
590
591
588
577
567
557
547
537
530
530
530
531
538
543
548
554
555
553
547
536
524
512
501
493
489
487
493
499
506
514
526
532
536
533
527
522
512
507
500
497
496
499
505
512
520
528
531
535
532
527
523
516
509
507
502
501
508
512
519
528
540
546
551
550
547
540
534
524
516
511
508
508
512
519
525
536
543
551
553
553
547
543
534
525
518
514
514
518
525
533
542
551
560
566
567
566
558
550
541
532
528
523
526
531
538
544
554
560
566
566
563
556
549
537
530
524
523
523
528
535
547
554
566
570
573
568
556
541
526
510
492
481
475
473
479
485
497
509
521
527
535
537
533
528
523
518
512
512
511
521
525
536
544
552
557
561
555
550
544
535
526
520
515
517
521
530
538
548
557
566
573
575
571
566
560
554
546
543
541
541
545
548
556
560
564
566
564
562
551
542
532
520
514
512
512
515
522
532
540
549
557
560
560
557
549
541
532
524
517
515
514
519
525
535
543
550
553
553
547
537
522
504
488
470
457
449
445
447
448
455
462
470
475
476
478
478
475
475
476
478
483
493
501
512
526
532
539
543
541
536
524
511
497
483
473
465
464
469
481
494
513
532
547
561
574
583
596
606
621
639
666
698
734
775
818
858
889
916
933
937
936
929
916
904
894
886
875
866
849
823
785
740
687
625
558
493
429
375
334
306
289
291
300
319
343
375
406
435
460
476
491
492
492
489
482
476
471
472
470
472
479
483
492
499
501
502
499
495
486
477
472
469
465
468
470
479
485
493
503
510
512
510
508
499
491
483
476
470
465
468
477
483
492
501
508
514
515
510
505
496
488
478
476
475
478
483
493
506
515
525
534
540
540
538
532
526
521
516
515
516
519
526
532
540
546
549
552
547
542
535
526
519
511
504
502
502
507
510
517
526
530
536
539
533
527
520
512
506
500
497
500
503
509
518
530
540
545
547
547
541
533
527
521
519
517
520
527
532
544
553
564
573
579
580
577
570
566
561
557
554
554
558
568
580
594
604
616
623
629
628
627
621
615
608
605
604
603
609
615
623
630
639
644
649
647
638
631
622
608
599
594
591
592
594
600
611
612
618
620
619
615
606
598
586
577
571
564
562
565
570
577
584
588
591
595
588
583
574
560
549
537
531
526
526
527
533
538
543
547
551
547
545
536
526
519
508
502
497
497
502
507
513
519
527
529
527
522
515
505
492
482
475
469
467
468
471
478
484
492
496
500
498
492
487
483
475
468
464
465
465
471
482
494
504
515
520
524
525
522
518
512
508
505
507
508
512
517
526
535
543
549
549
548
542
535
526
519
516
511
511
513
519
523
532
537
543
541
536
529
519
506
493
485
478
472
471
476
482
491
502
511
517
522
525
522
517
510
504
500
500
497
501
510
516
523
528
533
536
534
530
519
511
503
495
493
488
491
498
505
513
523
529
534
536
535
525
519
511
501
496
495
497
501
508
515
523
532
539
539
538
532
523
515
504
497
493
494
493
496
504
510
518
523
522
518
512
502
493
481
476
472
472
470
476
484
493
502
511
519
523
522
515
514
506
498
495
493
495
498
505
512
516
523
528
530
526
519
511
501
491
484
476
475
475
479
487
495
503
511
513
513
507
500
490
480
475
465
462
459
464
471
479
486
493
502
502
504
499
492
483
476
469
463
462
464
471
479
488
497
505
511
513
513
506
499
491
487
483
482
482
491
497
506
514
518
524
522
517
509
497
486
471
458
449
445
444
451
459
473
489
503
516
529
536
545
556
565
580
599
626
661
698
740
779
820
854
880
896
904
901
887
877
867
854
848
840
839
831
813
788
751
700
642
572
499
430
367
315
281
260
254
260
276
301
331
359
387
410
431
441
447
447
442
440
435
432
430
431
437
444
451
458
463
466
466
458
456
445
437
433
427
427
427
431
434
437
441
445
444
443
437
431
423
415
408
407
409
413
421
430
440
450
455
465
468
467
465
458
451
447
442
440
440
448
455
468
477
489
493
501
502
496
489
482
474
471
466
463
467
470
479
485
491
498
500
499
493
487
475
462
453
443
439
439
439
444
448
453
458
460
458
451
443
435
424
416
409
406
407
412
419
429
439
449
456
463
463
463
457
450
445
440
439
441
446
454
461
476
487
494
503
504
503
498
494
487
481
479
477
481
490
499
511
525
534
543
548
550
546
542
534
528
524
519
519
524
531
538
548
558
564
571
570
565
556
549
541
530
525
521
523
526
531
539
547
550
556
554
552
543
534
524
514
506
503
500
500
505
512
518
525
528
530
528
522
514
506
497
490
482
480
480
483
488
496
499
504
508
507
500
492
481
471
459
451
444
444
444
450
456
465
470
475
477
474
467
461
450
439
430
423
418
419
424
431
440
446
454
459
460
458
453
444
438
429
425
425
427
430
436
445
452
459
464
465
463
459
451
444
436
434
430
431
437
442
449
462
470
477
480
480
475
469
460
450
442
439
437
437
444
452
462
472
478
486
487
484
480
473
468
462
454
453
455
460
467
477
486
497
499
504
503
499
491
483
476
471
467
470
478
486
495
504
512
518
521
519
516
507
497
489
482
477
475
475
479
487
493
501
508
512
516
512
509
500
492
485
479
474
471
471
477
482
490
497
503
504
503
499
492
485
478
467
463
462
460
463
467
473
482
485
488
487
485
476
466
458
449
444
440
441
443
450
457
467
477
483
489
487
487
479
472
464
459
454
452
455
460
467
473
482
487
492
491
486
480
471
463
457
451
448
449
457
464
471
480
490
496
498
496
488
481
471
462
453
448
445
446
451
459
467
475
481
486
485
481
472
465
456
448
445
444
444
450
456
467
476
482
488
487
486
478
471
459
449
440
437
436
439
446
454
462
470
477
479
477
472
464
456
449
440
434
433
434
441
447
458
466
471
479
480
476
469
463
454
448
443
439
439
443
445
450
452
456
455
451
446
439
435
429
430
433
441
453
468
488
513
539
571
600
630
660
692
725
752
782
807
829
849
866
879
888
894
901
906
903
897
884
871
842
802
752
691
624
556
491
430
376
335
306
286
273
271
274
280
288
303
315
332
348
366
384
403
418
430
440
444
443
439
431
422
409
397
394
389
391
395
402
414
422
431
435
439
437
433
426
417
410
404
400
402
406
414
422
431
437
444
448
448
442
435
426
418
411
406
405
407
415
420
429
440
448
452
457
455
451
446
437
433
428
426
428
434
442
453
463
474
485
488
490
485
478
471
464
455
453
451
455
459
468
477
485
492
495
494
492
484
476
468
459
452
448
447
453
459
464
475
484
490
492
490
486
479
471
463
461
456
457
462
469
477
487
493
496
497
496
488
481
469
459
456
454
453
461
471
483
497
511
525
539
547
549
548
547
543
540
537
543
546
552
560
570
582
591
598
602
601
597
592
582
574
565
557
556
557
561
568
575
582
589
590
591
587
578
569
560
553
545
541
538
542
547
553
561
564
568
567
564
556
545
535
524
516
509
506
504
510
511
516
522
526
524
522
514
505
491
481
472
466
463
463
467
474
479
488
493
499
500
495
487
478
468
461
454
447
447
453
456
464
469
476
481
483
480
472
464
454
441
434
428
426
428
434
441
448
456
461
468
468
467
459
452
444
439
435
435
433
437
443
449
457
464
471
475
471
465
459
452
445
442
441
441
445
453
463
474
483
489
494
494
489
483
476
468
462
458
456
458
465
471
479
485
490
492
488
480
467
455
444
433
425
422
423
428
436
446
453
465
471
476
474
471
463
455
449
443
437
441
444
452
462
472
484
492
496
501
497
492
486
476
472
466
465
467
471
478
488
496
506
511
513
509
507
497
489
481
473
470
466
471
478
488
497
507
516
522
521
522
519
513
513
511
515
521
529
542
556
569
579
586
589
587
576
561
545
530
511
498
489
485
484
486
491
501
506
511
515
513
509
502
492
484
476
471
469
471
475
482
490
500
507
514
518
517
511
505
498
492
483
482
481
483
487
494
500
507
509
510
505
499
488
477
469
459
452
452
453
459
466
472
481
487
490
490
484
481
471
464
457
452
450
452
456
465
475
487
494
503
507
506
504
498
492
484
479
475
478
486
489
499
509
516
525
529
530
526
522
517
510
506
505
505
509
515
523
535
545
552
559
559
553
551
538
531
523
514
512
512
516
521
528
540
547
555
557
556
549
543
535
526
519
516
516
520
525
534
540
550
556
561
558
555
548
542
531
522
517
518
517
522
527
535
543
551
557
560
559
555
550
542
536
531
530
531
535
541
551
559
566
575
576
573
567
555
545
532
522
512
506
503
502
505
507
516
526
534
540
545
549
548
555
563
575
596
620
651
694
738
792
840
889
928
959
977
986
989
986
980
974
971
966
966
967
965
957
935
895
845
779
706
628
543
471
406
355
326
308
308
316
335
361
385
408
427
437
447
452
453
454
454
456
457
462
469
476
484
485
488
485
482
473
466
461
455
451
449
453
459
467
477
487
496
499
501
500
494
487
480
473
467
464
465
473
479
487
498
510
515
519
520
515
509
501
492
487
484
480
482
491
496
505
513
517
521
521
515
507
498
488
480
473
471
470
473
479
488
496
504
512
514
514
511
504
498
492
486
485
488
491
499
509
518
529
538
541
541
540
534
530
522
516
513
517
520
528
539
552
567
576
586
587
586
584
578
570
563
555
551
549
554
559
565
572
579
583
585
582
577
569
559
550
543
538
535
536
542
548
557
565
575
579
580
577
572
566
559
553
549
549
550
560
569
578
592
604
610
616
615
614
607
599
592
587
582
582
586
594
599
609
614
618
623
619
611
603
591
580
570
562
557
555
557
559
564
567
575
574
574
567
559
548
538
527
520
515
514
514
517
525
532
539
541
544
540
535
524
515
504
496
492
488
491
497
500
509
515
519
523
521
517
514
505
498
488
483
482
485
487
496
504
513
519
523
525
522
516
509
498
487
483
478
478
480
487
494
505
514
521
523
523
517
510
499
491
480
477
473
475
479
484
491
502
509
515
516
514
508
502
492
486
484
479
479
484
488
497
507
514
522
525
523
523
513
507
500
491
488
485
487
491
499
503
511
517
519
518
512
503
493
485
476
472
465
467
471
476
486
494
499
508
508
505
501
494
485
478
471
467
466
473
480
488
495
506
514
517
518
512
506
497
490
482
475
473
476
483
489
496
503
510
514
514
512
505
496
487
479
473
468
469
473
478
486
494
500
505
509
506
500
493
484
476
468
467
464
466
470
479
487
494
501
505
503
499
492
485
476
469
465
461
461
465
472
480
487
495
498
499
495
490
483
476
469
462
460
460
464
471
478
488
495
504
506
507
502
495
487
477
471
466
462
464
469
474
483
488
496
499
501
496
490
482
474
464
456
452
451
453
460
467
476
486
491
494
492
486
481
472
464
458
454
454
458
464
471
480
488
495
498
497
494
486
477
467
459
451
448
448
453
459
467
476
482
486
489
484
479
471
463
455
447
445
447
449
456
462
471
477
483
487
484
479
471
461
453
444
440
438
440
446
452
462
470
479
484
486
486
482
475
470
467
463
461
463
471
477
485
495
501
506
509
508
502
492
481
471
461
457
453
455
458
464
473
480
488
493
493
490
485
479
471
462
458
455
455
458
464
472
479
486
491
492
490
483
475
465
460
451
446
445
446
452
457
465
473
478
481
479
473
468
459
451
442
437
433
435
440
447
457
463
471
477
481
478
473
465
458
450
446
442
446
448
458
463
471
480
487
489
490
483
474
467
458
448
441
438
435
435
440
444
448
451
447
442
433
424
417
409
409
408
412
423
441
462
488
518
548
578
613
647
682
716
758
792
829
861
894
919
942
957
973
982
987
987
986
979
968
944
904
857
796
730
659
584
510
442
386
338
301
280
263
258
259
266
278
292
312
333
355
378
398
416
431
439
446
446
440
431
423
414
406
403
403
405
412
419
430
440
447
455
457
453
447
440
433
425
421
418
419
425
434
442
452
461
467
469
470
460
453
444
436
428
421
419
420
421
427
433
441
449
454
457
459
458
455
456
459
463
469
481
495
508
523
538
547
554
556
548
542
525
507
491
476
464
455
451
448
449
455
459
463
463
464
458
453
447
439
435
434
435
440
446
456
468
479
486
492
496
493
487
476
469
459
454
447
445
451
455
463
468
475
480
485
483
476
470
462
454
449
447
447
451
460
472
483
493
502
510
514
512
509
506
499
496
493
495
498
505
515
525
534
547
553
555
554
549
543
533
524
517
513
510
511
514
520
526
531
534
536
530
526
515
504
495
487
480
475
475
479
484
493
500
506
511
511
504
497
488
478
467
459
453
453
456
463
469
477
484
489
490
485
478
470
460
452
442
435
434
436
439
446
453
459
463
464
462
457
448
438
427
418
414
409
411
412
419
426
432
440
446
448
445
435
427
418
408
401
396
393
396
401
407
416
424
433
439
435
434
425
419
412
406
399
400
402
408
415
428
438
447
451
451
450
444
437
428
419
415
412
413
416
423
434
444
454
461
463
465
461
453
448
439
435
431
432
436
442
452
461
470
476
484
481
479
472
462
455
448
443
439
441
446
451
459
469
476
482
486
482
476
469
463
456
451
448
449
455
464
473
483
494
500
508
505
501
493
485
477
470
467
463
465
470
475
484
491
498
502
501
500
494
482
474
469
464
460
460
464
470
480
489
495
502
505
503
498
492
483
474
467
463
464
467
471
478
489
497
507
509
508
504
497
491
479
471
467
463
462
465
471
479
489
496
502
503
501
496
489
480
474
468
465
464
469
478
485
495
503
509
512
512
507
499
490
480
473
466
463
Amount of Readings: 
10000
