=~=~=~=~=~=~=~=~=~=~=~= PuTTY log 2024.02.21 10:03:48 =~=~=~=~=~=~=~=~=~=~=~=
Printing 3.3v list of readings: 
358
351
346
340
335
334
337
345
350
361
370
378
385
387
390
384
380
373
365
362
358
358
365
371
379
390
397
406
411
413
412
410
401
396
390
383
383
386
389
393
402
409
416
421
422
422
416
411
402
399
393
391
394
399
404
413
422
428
435
437
438
434
429
419
413
405
400
399
402
408
415
423
432
437
445
445
444
439
429
422
413
409
406
406
409
416
423
431
441
445
449
449
447
443
438
431
427
425
425
429
437
444
452
463
474
481
486
484
483
478
473
469
465
465
468
473
481
489
498
506
512
516
515
509
505
496
492
486
483
483
485
490
496
502
507
511
514
513
508
500
490
479
470
461
460
456
458
460
465
473
477
479
480
477
471
464
456
449
443
438
436
435
440
445
449
455
456
455
451
440
431
419
407
395
388
381
377
380
381
387
393
396
399
394
389
379
370
362
350
345
338
337
340
345
354
360
367
374
376
376
372
367
359
351
345
341
342
347
352
363
373
385
393
400
401
400
397
394
388
385
381
381
388
392
402
409
424
432
441
444
447
445
441
436
432
429
426
431
435
443
453
464
473
482
488
492
488
486
480
476
472
471
471
473
478
484
493
501
509
511
513
511
505
500
493
486
481
478
481
482
486
494
502
508
512
515
514
510
502
495
490
481
480
477
480
484
491
498
505
512
515
514
511
506
499
490
484
480
477
478
482
488
496
503
511
514
516
515
514
508
500
493
490
486
483
487
492
500
506
513
517
523
520
515
510
503
496
491
485
484
484
487
494
501
508
516
519
523
524
523
520
516
512
511
510
513
520
529
536
545
555
562
565
569
564
561
555
546
543
539
539
539
543
550
555
563
568
568
571
569
565
558
552
547
541
536
535
536
539
541
546
547
550
547
540
535
527
516
510
502
498
496
497
498
504
509
514
520
521
518
517
510
501
495
491
483
480
482
484
492
498
506
511
515
516
515
512
508
500
496
494
490
489
491
494
502
509
512
517
522
521
518
512
507
502
495
491
488
490
490
492
498
497
498
495
491
482
471
460
445
431
422
415
414
417
421
432
444
460
477
496
518
536
561
583
618
654
696
742
795
847
904
951
991
998
996
998
999
998
999
999
998
999
997
995
989
962
906
830
743
647
555
473
400
343
306
281
270
275
293
318
348
384
417
450
473
494
510
517
520
520
517
511
509
507
506
509
512
518
521
529
534
536
535
535
533
528
525
524
521
520
522
527
531
538
543
546
548
546
542
536
529
521
514
509
505
503
507
507
511
517
520
523
524
522
519
515
512
507
503
501
503
506
511
518
524
531
537
536
537
537
533
527
524
520
515
514
515
516
521
527
531
534
537
537
534
531
522
517
511
508
505
503
507
513
518
523
525
528
529
528
522
515
510
504
499
496
496
498
502
509
515
523
528
531
530
529
525
521
517
511
508
508
508
508
512
516
522
526
532
534
533
530
526
522
518
515
515
517
520
524
534
539
547
551
554
555
557
551
546
541
538
533
531
535
536
544
547
552
556
556
552
549
542
535
524
518
509
505
501
499
504
507
510
515
517
517
516
511
507
499
493
488
483
480
479
480
479
485
483
483
479
474
465
453
443
432
421
411
406
402
399
401
402
403
404
406
403
398
394
385
377
369
362
358
354
354
355
356
361
364
367
369
368
366
359
354
347
340
338
335
336
340
342
348
354
360
363
364
364
361
355
348
345
339
337
337
342
347
356
365
374
380
387
389
388
387
379
376
372
369
368
371
374
380
385
394
400
404
406
408
408
403
401
398
396
399
401
409
417
425
435
444
449
452
452
448
442
433
428
421
415
413
413
414
417
421
428
432
434
435
435
431
429
425
421
418
419
422
425
430
435
444
451
454
457
454
449
443
436
428
423
419
417
418
422
432
441
447
454
458
459
459
454
448
443
437
437
437
439
445
454
464
471
482
490
493
493
490
483
476
471
462
455
453
453
456
459
462
466
472
471
465
460
451
444
436
427
423
419
421
423
431
437
446
453
458
460
459
453
445
435
426
417
412
410
412
415
419
426
435
440
445
445
441
434
428
422
415
409
407
407
413
416
423
430
436
440
441
438
434
426
420
415
412
410
413
417
427
435
445
454
462
467
465
462
455
447
439
429
424
422
422
425
433
438
447
454
456
455
453
449
444
440
435
434
432
435
440
447
457
467
474
480
483
483
478
472
464
458
453
450
449
453
455
462
470
476
480
480
478
473
463
453
445
436
432
429
430
432
436
440
438
434
427
416
405
395
379
368
358
349
343
343
343
347
351
357
364
370
377
383
386
393
398
405
418
438
459
488
519
559
601
647
693
739
783
817
852
877
891
903
905
906
908
917
915
917
914
905
885
841
781
704
617
522
423
331
254
188
143
120
108
115
132
158
187
217
250
277
300
321
339
350
360
371
380
389
396
401
405
409
408
403
395
388
379
373
367
364
365
368
372
380
384
388
391
391
386
382
371
363
352
341
337
336
332
335
339
346
355
359
367
370
370
369
366
362
362
361
364
368
375
387
399
409
419
428
433
435
432
429
426
424
418
417
415
419
424
431
438
445
449
449
449
444
442
433
427
423
416
412
412
415
423
426
430
434
437
437
433
428
420
411
404
399
400
400
405
410
418
426
435
441
447
447
445
443
437
434
433
432
437
444
455
469
482
496
512
523
527
533
534
532
531
527
522
524
525
528
533
538
543
548
554
553
550
547
542
536
530
527
523
523
528
534
537
547
555
561
565
566
565
561
556
550
544
543
540
541
543
548
554
556
559
560
558
549
542
531
517
508
499
489
489
488
491
497
502
509
511
514
512
506
499
491
480
472
469
466
463
467
468
475
478
483
480
480
473
464
455
444
433
424
417
412
415
416
417
423
427
431
431
431
424
419
413
404
399
396
394
396
403
409
415
424
431
433
435
429
427
420
413
407
403
400
402
406
410
417
425
431
436
441
440
439
436
435
432
432
433
438
444
452
462
472
480
488
490
493
491
485
479
473
469
465
463
461
463
467
473
478
482
486
484
478
475
466
458
452
444
443
442
446
452
457
467
476
485
487
489
487
482
477
471
467
461
462
462
466
469
474
481
487
490
489
486
481
476
469
462
454
450
448
448
451
456
460
465
468
469
465
462
458
451
444
439
438
436
439
445
450
456
464
470
471
473
470
465
460
456
452
449
447
447
452
458
463
468
473
475
475
472
467
460
454
444
441
438
437
439
442
449
455
460
464
464
462
461
456
449
446
442
439
440
442
448
454
463
472
479
483
485
482
478
472
466
460
458
456
458
461
468
474
481
488
494
497
497
494
489
481
476
472
468
466
469
472
479
484
492
497
500
500
499
495
491
484
477
472
468
467
469
473
479
483
489
491
494
492
486
481
473
468
462
460
461
464
468
477
484
493
496
497
496
493
487
480
471
465
463
459
461
467
473
481
487
494
499
500
500
494
490
485
481
477
474
476
479
485
493
499
503
506
505
499
492
483
472
458
448
438
432
433
435
442
455
467
478
493
502
517
530
547
565
589
616
652
695
742
790
843
889
927
956
973
981
983
981
976
974
965
960
952
937
908
864
811
745
671
587
504
425
356
300
255
232
223
228
247
271
305
340
374
407
434
455
467
474
476
474
468
465
462
464
466
471
478
485
492
501
503
504
502
497
495
489
484
481
480
483
487
494
502
511
515
519
518
514
511
504
496
489
481
479
478
483
489
494
503
512
515
520
519
519
516
511
506
504
502
504
507
511
520
529
538
547
552
555
551
549
546
541
537
533
530
534
538
546
553
560
570
575
581
578
576
570
562
556
551
545
546
548
554
561
568
576
581
585
584
582
575
569
561
555
553
553
554
556
562
569
578
584
589
591
588
587
583
574
571
568
566
569
574
581
589
600
611
616
620
622
621
614
612
604
598
595
596
600
603
611
620
632
639
646
651
651
654
648
642
639
634
633
634
636
642
646
654
661
666
665
663
659
651
642
636
628
621
619
623
623
629
633
641
644
645
642
636
630
621
612
602
595
590
589
589
591
596
600
603
604
604
599
593
585
576
567
557
552
550
545
552
554
559
561
563
564
562
554
546
536
527
521
511
509
507
510
514
520
528
532
534
535
534
530
524
518
513
511
507
507
512
518
523
531
539
546
547
549
545
539
536
529
525
523
523
526
531
538
550
559
565
571
574
571
569
563
558
553
549
548
552
552
558
566
571
579
582
582
582
579
569
560
554
549
544
540
544
546
551
558
564
568
570
569
567
561
554
548
542
539
535
536
540
547
554
562
568
573
575
572
570
564
558
552
545
544
545
545
551
558
564
571
574
579
574
569
563
557
552
546
540
540
540
542
551
557
561
567
572
572
566
562
555
547
540
530
524
522
524
525
528
531
536
536
538
534
530
522
514
509
504
501
498
501
506
513
522
529
534
539
540
539
534
528
524
516
514
512
514
517
523
531
541
546
551
554
555
550
545
540
537
532
530
533
536
542
551
562
570
577
581
580
577
574
568
563
556
555
556
556
560
565
572
578
584
587
587
585
581
576
569
566
564
565
572
579
586
592
598
605
610
610
607
598
589
578
566
557
548
542
539
539
542
543
547
549
549
548
546
537
531
521
516
510
514
519
524
534
538
543
547
546
539
534
524
514
507
502
501
501
503
508
512
519
523
529
530
528
527
520
512
507
503
504
502
507
511
518
524
529
533
534
532
530
523
516
508
501
495
492
491
494
497
500
503
504
503
495
486
477
466
458
453
451
453
460
475
494
516
545
575
604
639
672
708
741
781
823
859
899
937
968
990
995
997
998
996
997
996
995
996
997
991
977
936
878
807
724
638
550
474
408
357
318
295
283
282
290
305
325
350
379
403
429
451
474
488
501
507
507
504
497
491
484
477
472
470
472
478
487
496
504
511
516
519
518
518
511
503
499
493
491
489
492
494
500
507
514
517
517
518
514
510
504
498
494
494
492
495
499
507
512
519
522
521
518
513
507
502
491
486
480
476
476
480
483
491
496
504
506
508
508
507
504
500
496
494
492
490
492
495
499
502
504
504
501
495
489
483
476
470
465
463
462
467
474
480
491
498
508
515
517
519
516
514
508
502
500
498
500
505
510
518
523
532
539
542
547
547
545
543
541
541
543
545
548
557
566
572
580
585
591
593
591
589
585
581
577
577
578
579
586
594
600
608
616
621
627
625
624
618
614
605
602
597
598
600
604
607
614
618
623
623
626
621
617
611
604
600
593
588
588
588
588
589
592
596
598
596
592
588
583
574
569
566
563
561
564
568
572
578
579
583
581
579
574
566
556
552
542
538
534
534
530
533
535
539
542
542
540
537
531
526
519
514
511
509
512
510
516
521
526
534
536
541
540
539
535
532
529
524
523
524
527
534
541
548
556
563
568
573
571
570
567
565
562
560
561
564
566
572
578
584
588
592
594
593
590
584
581
576
571
570
570
572
574
577
582
583
583
582
579
575
568
561
551
544
538
532
530
530
531
537
543
548
551
554
550
546
541
536
530
525
522
516
518
519
523
528
535
538
539
541
540
537
535
530
526
526
524
528
530
537
545
553
559
564
567
565
561
557
554
549
548
546
548
553
560
568
575
582
588
594
593
589
584
577
571
563
557
554
549
553
554
555
558
560
559
559
556
549
544
538
533
529
525
523
525
530
530
534
538
537
536
533
523
514
505
497
489
486
481
483
485
490
494
501
501
503
502
500
494
485
481
476
474
474
474
478
484
489
495
501
504
501
498
492
484
474
465
458
454
448
449
454
455
457
461
466
468
467
463
457
453
448
446
443
445
447
451
458
464
472
475
480
479
476
472
464
458
453
448
446
446
453
455
464
471
478
483
488
487
486
483
482
477
475
476
476
481
488
495
503
511
515
518
517
516
510
503
496
491
486
482
480
483
485
487
493
498
499
499
495
492
488
480
477
471
471
472
473
475
481
488
492
497
498
501
495
490
485
477
474
468
466
466
470
475
480
484
488
489
489
485
479
473
467
459
452
454
455
460
468
472
477
483
486
485
479
470
459
449
433
420
412
403
401
401
408
414
424
433
447
459
469
487
502
522
545
571
604
643
689
733
783
831
878
916
948
967
977
979
979
978
976
972
966
957
940
901
851
789
715
626
531
440
349
277
217
174
147
138
142
158
185
214
250
283
313
337
357
366
372
374
374
370
364
362
363
364
367
371
377
379
382
383
383
381
378
374
370
370
367
370
377
380
385
393
396
398
398
396
391
387
380
375
370
368
367
370
375
381
389
399
399
408
408
406
406
404
400
397
395
398
400
404
411
417
425
430
433
432
431
427
423
416
411
405
402
401
406
407
411
419
423
426
428
428
430
427
424
420
419
419
421
426
430
436
444
448
454
456
453
452
445
443
439
433
429
428
427
430
435
442
445
451
456
457
458
455
453
449
446
443
440
443
447
451
457
464
471
476
480
479
476
473
469
463
458
456
454
456
460
465
472
479
487
490
491
492
491
487
485
482
480
482
484
489
495
503
523
523
519
514
510
503
499
495
492
493
495
500
501
504
506
502
498
489
478
464
452
439
430
423
421
420
424
429
434
438
442
443
442
439
438
436
433
431
429
429
430
432
435
433
433
431
429
419
412
402
392
382
375
371
368
370
370
374
378
384
389
389
391
390
390
384
382
377
379
377
380
384
391
397
403
410
412
411
410
407
404
398
392
390
389
392
392
399
406
414
416
423
424
426
423
420
417
415
411
408
413
414
419
426
432
441
447
451
454
452
452
450
449
447
445
444
447
453
456
462
472
477
478
480
477
474
469
461
456
452
447
446
448
447
452
456
461
462
463
464
460
455
452
445
441
439
438
439
443
445
450
454
457
460
461
456
452
444
438
430
424
421
422
421
425
431
437
441
448
451
453
453
452
448
444
443
440
441
442
448
452
456
461
462
461
460
454
448
441
435
428
423
420
419
421
423
429
432
436
436
438
437
432
427
422
415
411
407
406
408
411
414
419
425
426
428
426
423
419
410
408
400
398
396
396
398
401
407
413
417
418
417
414
408
403
397
390
384
386
384
386
390
396
400
407
411
411
413
409
406
403
400
394
393
394
395
399
401
407
412
416
420
419
417
411
407
402
399
393
392
394
399
401
404
414
417
422
424
423
423
419
419
416
412
414
412
414
421
428
434
441
445
448
449
447
447
442
436
435
433
434
436
441
446
454
459
466
471
475
474
474
470
468
462
460
456
456
456
457
458
461
468
470
471
470
466
462
461
456
454
452
451
453
458
463
472
477
481
483
484
482
479
477
471
466
463
462
465
467
471
479
486
491
494
500
498
499
494
491
486
483
481
482
485
488
496
501
509
512
515
517
516
511
505
500
496
491
488
486
486
487
488
492
490
488
484
479
476
476
474
476
480
488
500
517
541
571
603
637
677
715
755
799
842
887
927
968
993
996
997
998
997
1000
998
999
998
1000
999
1000
998
994
972
920
840
753
652
557
471
399
344
306
279
269
270
275
291
315
337
359
382
403
423
440
454
465
472
475
473
470
463
457
449
443
436
434
434
438
442
447
456
461
465
465
465
462
453
447
440
437
434
434
435
437
440
446
450
454
458
454
453
451
443
441
438
433
436
437
443
449
458
467
474
480
484
483
482
480
478
474
470
470
469
473
478
484
489
494
500
503
504
501
498
492
487
482
479
477
477
480
483
488
494
496
503
499
497
495
490
485
480
479
476
477
481
486
492
498
506
511
514
512
511
509
504
500
499
495
496
502
506
511
520
528
535
541
543
544
542
539
536
532
530
530
532
535
542
551
557
565
569
573
573
573
572
570
564
561
562
562
567
571
575
583
591
598
598
601
600
598
594
589
586
583
580
582
584
586
591
597
601
601
601
599
592
586
576
570
564
561
558
557
559
561
565
569
569
571
565
561
554
547
540
534
529
526
525
526
529
534
537
538
539
538
534
528
521
513
506
499
493
492
490
490
492
496
499
499
499
493
488
483
476
467
461
454
454
454
454
457
460
465
467
470
468
465
461
455
449
446
439
439
441
446
449
456
463
467
473
473
472
468
464
457
453
447
446
445
448
450
454
461
467
472
471
471
469
465
457
452
448
444
444
446
448
452
459
465
471
474
475
475
472
469
467
463
462
462
462
467
473
481
490
495
498
501
499
497
493
488
483
480
479
477
479
486
489
499
505
511
513
516
515
511
507
504
499
497
495
496
497
500
504
511
517
520
520
517
516
510
503
497
495
491
490
492
496
501
507
515
517
522
519
517
513
504
499
493
490
486
488
490
494
497
503
505
510
508
507
503
499
494
489
484
480
479
483
487
494
499
502
507
508
510
508
500
493
489
482
477
476
477
480
484
490
495
500
503
502
498
492
489
483
475
472
469
471
471
475
479
484
489
492
494
489
486
484
475
473
467
466
464
466
470
476
481
488
494
496
498
495
492
487
481
478
472
470
471
474
478
483
489
496
497
495
495
490
485
481
474
472
469
468
468
472
473
479
484
485
486
483
478
473
463
459
453
450
449
450
453
459
466
474
481
485
489
488
485
481
476
471
464
464
466
466
471
475
483
488
491
494
493
490
486
481
478
474
473
475
480
487
491
497
505
511
512
511
509
502
497
490
484
478
474
471
474
477
478
482
488
491
490
487
486
482
476
473
470
466
469
469
474
478
484
490
494
495
493
490
487
481
477
472
468
468
468
472
476
481
486
494
495
497
495
493
486
482
476
475
473
471
476
477
482
487
491
495
498
495
489
483
474
465
456
449
441
438
434
433
432
437
442
448
450
456
460
468
477
493
509
533
563
598
636
682
730
782
835
881
927
963
988
994
993
995
995
995
996
996
996
996
997
993
974
926
855
770
669
566
470
385
318
272
242
229
229
243
263
287
315
341
361
380
396
406
415
421
429
432
438
440
445
448
449
449
448
444
441
434
431
428
424
424
426
429
434
440
445
452
453
454
451
449
443
437
433
428
428
425
430
436
442
449
456
459
461
461
459
455
451
447
447
444
446
449
456
463
471
480
488
492
496
493
494
491
486
483
481
480
481
483
488
495
500
504
508
511
507
506
503
496
491
487
483
484
486
489
494
500
501
505
504
499
493
483
474
463
454
445
440
438
437
439
441
446
449
451
452
449
445
440
436
433
431
429
430
434
439
448
457
464
470
476
479
479
479
477
475
476
478
482
487
498
504
516
527
535
545
547
552
553
553
555
553
553
558
563
570
577
590
596
606
612
617
619
617
615
614
611
606
605
607
609
614
620
626
631
638
642
641
637
636
630
627
622
617
616
618
621
628
634
638
645
650
651
650
645
641
634
628
624
619
621
619
620
624
628
628
630
627
623
617
607
595
586
576
570
564
560
560
558
560
564
564
565
561
556
550
542
535
526
523
519
517
521
523
530
535
542
544
550
547
547
542
537
529
526
522
519
520
523
527
533
535
540
541
540
537
533
527
520
516
512
511
509
511
517
522
525
529
532
530
529
525
521
516
511
505
502
502
502
505
511
515
521
525
527
525
525
519
515
510
508
503
500
500
507
509
514
518
524
526
526
521
515
512
507
502
498
495
495
498
502
507
514
518
519
520
520
516
511
504
500
493
491
490
491
493
500
503
511
514
516
515
516
510
504
500
496
493
491
491
495
498
504
510
517
519
521
522
516
513
507
504
499
495
494
494
497
505
509
514
516
520
519
515
512
505
500
497
493
492
492
495
501
506
510
515
517
518
518
512
508
506
500
495
494
495
493
499
504
509
512
513
516
515
511
506
502
496
495
488
488
490
494
498
503
508
512
515
516
514
509
503
500
496
491
490
490
495
497
504
509
517
519
519
517
512
508
501
495
491
487
486
489
493
499
503
510
513
515
515
514
510
504
498
494
491
489
491
494
498
504
508
513
515
515
513
508
503
495
489
483
482
481
481
486
491
495
500
503
504
504
503
500
497
494
491
491
492
496
500
508
512
518
522
526
527
522
520
516
511
506
503
502
504
505
511
518
525
534
537
541
541
537
535
528
523
517
514
514
512
515
517
523
528
530
529
528
526
521
515
507
504
498
497
497
499
504
510
515
519
525
525
525
520
513
508
503
499
497
493
495
500
504
507
517
518
522
522
520
516
511
507
501
498
498
499
501
508
514
519
525
528
528
529
525
519
511
507
502
499
497
497
499
502
503
504
502
497
489
481
472
465
464
464
466
473
485
505
527
554
583
618
649
682
718
754
791
832
868
912
946
979
995
995
996
996
996
997
997
998
997
996
993
987
952
897
814
729
635
546
465
398
344
307
285
271
272
278
292
313
336
359
386
413
435
454
468
482
487
489
488
484
477
470
463
459
457
456
459
465
470
477
486
490
491
490
487
481
475
469
462
460
460
459
460
467
472
479
485
487
488
486
484
478
472
466
464
463
465
467
474
481
487
493
500
502
502
501
502
498
500
499
499
505
511
515
524
534
540
548
549
551
548
547
544
537
534
530
530
533
535
541
548
551
558
558
559
555
549
540
534
523
516
509
507
502
502
500
502
505
505
506
507
501
495
491
490
488
485
489
494
501
510
522
528
538
546
551
551
552
552
551
550
549
550
556
558
565
575
583
591
598
603
605
603
603
600
598
597
599
597
605
613
619
629
640
646
651
652
652
649
647
641
639
633
632
634
635
641
649
656
663
665
669
671
670
663
659
653
647
644
643
642
638
641
646
649
647
648
644
636
631
622
613
605
599
596
595
598
599
601
604
607
608
604
598
592
581
573
561
552
545
542
539
539
538
541
542
543
540
536
528
519
511
499
489
482
479
472
475
474
476
481
484
483
482
476
470
465
458
452
448
443
444
448
452
455
461
468
470
472
471
467
462
457
452
450
447
449
453
458
467
474
480
488
491
493
492
488
485
479
474
471
469
472
476
481
485
496
499
501
504
501
496
492
484
478
475
471
471
472
476
480
486
493
496
499
498
497
495
489
487
480
478
478
480
484
488
495
499
503
508
505
502
500
494
486
481
478
478
476
478
481
487
491
495
500
500
496
493
488
481
476
472
469
467
472
474
480
486
493
498
499
500
498
494
489
483
476
475
472
473
477
483
490
496
500
504
505
501
497
492
487
484
477
476
474
475
481
485
493
497
501
504
504
502
499
495
490
486
482
481
481
486
491
498
504
507
512
512
508
507
500
497
492
488
487
485
489
494
502
509
514
515
516
511
507
501
492
485
480
476
471
475
477
482
489
497
501
506
508
509
504
502
498
494
490
489
490
493
495
500
505
507
507
505
503
494
487
479
473
465
463
460
462
467
471
479
484
492
496
498
497
493
488
483
480
477
475
478
480
482
485
490
494
493
491
488
485
477
470
465
461
458
458
458
462
466
471
477
479
478
473
468
459
451
440
431
422
416
413
409
411
410
413
416
418
416
410
406
398
392
387
383
379
377
383
383
388
391
397
400
401
401
397
394
388
386
381
380
379
383
386
393
399
405
411
416
415
412
410
406
398
394
390
391
392
394
400
409
417
423
428
428
429
424
418
409
404
399
391
389
389
386
387
389
391
396
398
402
404
408
413
419
431
447
467
492
524
558
598
641
687
732
776
823
857
889
916
929
941
948
951
958
960
961
965
962
954
927
885
827
753
672
579
490
402
328
271
229
204
199
202
217
238
260
285
306
327
346
362
374
382
393
400
408
415
419
422
426
425
424
419
414
409
403
399
399
399
402
408
418
423
428
434
436
436
433
428
423
417
412
407
406
407
408
411
415
424
430
432
433
436
432
429
427
425
422
423
425
431
438
445
455
463
469
477
479
477
477
471
470
466
465
465
468
473
478
484
492
496
499
499
496
494
489
483
479
475
473
473
474
479
484
489
494
499
499
497
495
489
485
479
473
473
472
473
475
482
490
493
501
505
507
504
504
499
495
494
491
495
497
501
511
519
527
537
543
548
551
550
549
550
548
543
546
546
554
559
571
575
588
593
598
602
603
601
599
597
592
597
596
599
604
613
619
627
632
636
635
639
635
629
627
622
620
617
620
623
628
633
639
643
647
646
643
642
635
628
622
616
611
607
607
607
611
612
617
620
620
617
614
607
600
590
584
579
573
571
572
574
574
576
581
580
580
574
565
556
549
539
529
522
519
516
518
518
521
521
524
523
521
516
507
499
492
484
477
477
474
474
477
481
486
489
491
491
488
485
477
472
468
463
461
459
460
465
471
476
481
486
489
486
487
482
477
472
471
466
467
469
474
480
487
495
498
502
501
500
499
493
487
483
480
479
478
479
483
488
495
500
503
502
503
499
491
487
481
473
472
469
471
474
477
483
488
492
496
494
493
491
485
481
476
473
471
475
478
483
492
498
501
507
507
507
502
498
493
487
482
481
479
480
483
489
492
499
500
503
500
497
494
488
482
477
476
474
475
479
482
486
492
501
501
501
500
497
493
488
483
481
480
478
481
487
490
496
500
504
506
506
501
498
494
490
486
483
485
485
490
495
500
503
509
511
510
506
503
497
490
482
478
477
475
476
481
486
491
495
498
498
497
494
488
483
479
476
474
472
472
479
485
490
499
505
506
509
508
505
502
496
493
492
491
494
497
504
510
515
521
527
528
527
526
522
518
514
511
508
511
513
517
523
530
534
538
537
536
532
528
519
514
508
505
502
503
505
512
516
523
527
529
531
529
527
524
520
516
514
515
515
521
526
533
539
544
548
551
550
547
543
538
534
528
526
528
530
535
542
549
555
560
562
564
561
558
551
545
540
535
531
530
530
529
533
537
540
541
542
539
534
532
524
522
516
514
513
513
520
523
528
535
539
538
537
535
530
524
518
513
509
508
508
512
516
521
525
529
534
534
532
526
521
517
512
509
506
508
507
513
518
524
529
531
532
529
526
521
516
510
504
500
498
498
503
502
503
506
504
501
493
486
474
464
457
454
453
457
466
474
492
514
538
566
595
624
657
688
726
768
809
849
886
923
957
984
995
996
996
995
996
997
996
996
996
995
984
950
895
829
749
664
577
496
421
363
319
287
268
263
268
279
296
318
344
367
389
411
430
445
456
460
460
457
452
445
439
431
428
425
429
429
439
446
451
456
460
459
457
455
448
443
437
431
430
429
429
435
440
445
449
453
455
456
453
449
445
440
437
434
436
439
443
448
459
465
472
476
480
479
477
473
469
469
468
465
468
474
478
488
494
500
505
506
504
500
495
492
486
482
478
478
481
484
489
494
499
503
505
504
500
496
490
484
477
474
473
476
479
481
486
491
495
499
501
500
496
489
485
480
475
474
476
480
485
494
498
505
511
513
517
514
512
507
504
501
500
503
503
508
517
522
531
537
541
544
545
542
537
533
531
531
532
536
540
546
554
561
567
573
574
575
571
567
563
557
556
552
554
555
560
569
573
580
583
587
586
585
581
575
571
564
561
558
559
560
563
564
570
570
570
570
563
558
551
541
535
526
519
518
517
519
520
522
524
527
524
521
515
508
499
494
487
481
476
475
476
479
484
487
489
487
486
482
476
469
463
457
449
445
442
441
444
448
453
453
455
456
453
450
443
439
432
428
424
425
426
429
433
440
444
449
454
453
451
448
443
439
433
429
431
432
433
436
445
453
456
459
461
460
456
451
445
441
438
436
436
439
444
448
455
463
465
468
467
465
461
459
453
449
446
447
447
451
457
462
470
472
475
475
472
470
464
458
454
448
448
447
452
455
460
468
474
480
480
477
474
471
467
461
456
454
454
455
460
465
470
476
479
479
477
475
469
463
459
452
448
446
447
451
455
460
465
471
472
474
472
469
465
460
455
449
450
448
451
456
461
466
472
476
476
476
475
470
465
461
455
452
450
450
453
455
463
469
474
477
476
473
470
465
458
454
448
447
447
448
450
458
460
464
468
470
465
464
457
450
447
440
435
434
435
435
440
444
450
453
455
456
455
451
446
442
434
431
432
432
433
439
446
451
457
460
462
460
459
453
448
442
439
436
436
438
442
445
450
455
462
463
465
462
459
454
448
443
441
439
442
444
448
453
458
461
464
466
463
457
454
446
442
438
434
434
438
439
442
450
454
456
459
459
455
450
446
438
433
432
428
431
435
441
449
456
462
467
468
467
466
459
455
450
450
446
449
453
456
462
467
473
478
481
482
478
476
471
468
466
465
464
467
471
475
481
487
489
493
489
485
479
471
464
458
453
450
451
452
456
461
469
472
476
477
476
474
469
464
458
454
452
450
453
455
462
469
474
477
480
481
479
475
472
467
464
461
461
463
466
471
477
485
490
494
495
493
490
485
479
475
472
470
471
474
477
483
487
493
493
493
491
485
478
469
461
450
442
435
430
428
431
437
445
455
463
473
481
494
507
525
545
572
600
635
679
729
778
831
882
930
966
990
993
996
994
995
995
996
996
998
998
995
994
987
951
893
819
732
630
536
449
380
323
286
266
267
277
294
324
355
385
411
432
450
460
466
468
472
471
475
477
480
485
493
499
501
505
507
507
504
502
497
497
495
497
498
502
508
515
520
524
530
531
530
529
526
522
519
518
520
523
524
531
539
549
555
563
566
567
569
566
561
558
558
559
561
566
572
578
588
595
604
607
611
612
608
604
602
599
598
598
600
603
611
619
626
632
635
641
638
636
634
627
626
620
622
620
625
626
633
639
645
648
652
651
649
648
642
639
637
635
635
640
645
650
657
667
673
679
683
683
680
677
677
674
673
674
675
680
687
696
705
711
717
722
724
723
721
721
717
715
713
718
724
731
737
747
755
767
770
776
774
773
773
770
770
766
768
771
775
783
789
796
807
808
814
812
811
806
800
795
790
787
786
788
792
795
799
806
809
806
804
802
793
788
781
770
766
761
760
761
762
765
772
773
774
776
771
766
762
752
746
739
737
731
730
731
735
737
740
742
741
740
732
724
719
713
703
698
694
691
690
692
695
697
700
703
706
705
701
692
687
682
675
675
676
677
679
685
690
695
699
702
698
698
692
688
677
673
668
663
665
667
669
677
682
690
694
697
694
693
691
691
688
690
692
697
706
710
718
725
734
736
735
737
729
726
718
712
704
704
700
703
706
711
716
723
723
729
727
727
723
719
715
711
707
707
707
710
719
724
733
737
744
744
741
739
735
730
727
724
720
722
725
730
737
740
745
751
753
756
751
748
742
737
734
730
727
729
733
739
742
750
754
754
755
752
750
745
740
734
732
730
732
734
738
744
746
754
757
760
759
755
748
744
739
738
735
732
734
741
746
749
754
759
763
762
759
754
750
743
741
740
737
737
739
745
751
755
763
763
764
761
758
754
749
744
741
740
742
746
747
753
760
765
771
774
773
772
767
761
759
754
749
749
751
750
756
760
767
770
772
772
770
768
762
758
753
753
750
750
755
760
763
769
776
781
779
780
777
772
769
765
758
756
758
755
760
766
773
777
783
783
783
784
779
776
767
764
761
761
761
765
769
774
781
784
789
789
786
781
778
772
768
762
762
761
764
768
771
777
784
785
792
785
784
782
776
769
765
764
762
765
770
771
778
785
789
790
790
786
781
775
770
762
755
753
752
753
757
763
768
771
774
775
774
771
764
760
757
755
751
752
754
759
766
771
779
781
783
783
783
778
775
771
765
764
762
765
768
770
775
782
787
789
795
794
791
789
788
783
779
774
775
777
780
785
788
792
795
794
791
787
780
773
764
760
755
754
751
752
755
760
765
766
769
766
761
757
752
747
739
733
730
730
732
732
737
742
746
747
751
749
748
745
737
730
726
724
723
724
727
731
735
744
747
750
748
749
741
736
734
727
720
721
720
718
723
725
725
727
730
727
721
710
699
686
676
669
664
665
669
680
693
707
729
749
773
799
824
848
876
908
947
982
997
998
998
998
999
1000
1000
998
999
1001
1000
1000
1003
1002
1000
999
999
999
999
999
997
981
935
866
791
721
647
592
547
518
502
497
504
519
538
561
584
603
622
632
637
641
640
636
631
628
623
623
624
628
631
639
643
649
648
648
644
640
636
631
630
622
621
622
623
629
633
637
641
645
643
641
636
634
628
624
620
617
619
623
625
634
640
647
652
655
654
654
652
648
647
643
644
647
652
654
662
670
677
681
683
685
681
677
672
668
663
660
659
659
663
668
671
678
684
687
685
683
678
675
670
662
657
654
655
654
659
666
669
675
679
682
683
681
679
674
671
667
667
670
671
678
682
690
699
702
708
711
709
708
706
703
696
696
695
697
703
708
716
721
731
734
737
739
738
731
724
723
720
720
720
723
730
733
744
749
754
761
761
762
759
756
752
747
746
746
749
750
756
761
767
773
778
779
780
770
766
759
751
746
740
736
737
736
739
745
747
753
752
751
744
740
734
727
722
717
712
709
712
712
716
720
720
722
720
713
705
698
690
680
674
669
669
668
670
671
674
675
674
673
668
661
651
641
631
623
614
610
608
606
609
610
615
615
615
612
610
601
595
589
580
573
571
568
571
576
579
584
588
593
595
590
587
582
575
569
568
562
560
563
566
572
577
584
589
591
594
591
586
583
576
570
568
565
567
568
573
580
584
592
593
593
591
586
581
574
570
565
563
563
564
568
574
577
582
585
586
585
581
575
568
563
557
554
555
556
561
566
572
578
583
586
586
581
578
572
566
561
556
553
555
556
561
568
571
577
579
579
579
575
567
563
559
554
551
549
550
553
560
567
572
575
578
575
573
569
564
559
556
552
551
550
554
558
564
571
571
575
577
573
570
563
557
550
547
543
543
542
546
553
558
560
564
568
561
560
553
545
540
534
531
531
529
531
534
540
543
549
550
550
547
540
535
530
526
518
519
519
521
525
529
535
540
543
542
541
536
531
522
518
514
510
509
510
514
518
523
530
533
536
535
533
529
524
517
513
510
506
506
507
513
518
524
526
529
530
527
524
517
513
507
500
497
500
497
500
505
511
514
518
521
519
515
514
507
502
496
490
488
491
493
499
504
508
512
512
512
509
505
499
493
486
481
475
476
477
481
487
493
502
508
511
513
511
509
503
496
493
492
491
495
495
504
508
518
526
526
525
526
520
514
509
503
500
496
499
503
508
515
521
528
533
535
535
530
524
519
510
504
500
499
496
495
500
503
510
511
514
514
512
507
501
497
491
487
487
487
491
495
498
506
509
511
511
509
506
500
497
492
492
487
489
493
497
503
511
517
522
523
520
516
509
507
499
495
494
492
495
499
504
511
517
524
528
529
526
524
519
514
510
505
501
501
499
501
504
506
510
510
510
509
510
512
516
523
530
541
559
582
605
636
669
707
745
784
822
860
894
931
957
979
992
994
993
994
994
994
994
996
997
993
993
980
944
888
817
731
640
550
468
401
346
310
291
284
287
299
312
329
349
371
389
408
427
443
459
472
481
488
490
493
492
484
477
469
461
455
448
445
443
447
452
457
465
470
475
476
473
468
462
454
446
437
431
427
425
428
431
436
437
442
445
445
442
437
430
424
419
417
415
415
419
422
429
437
443
447
449
450
448
443
436
432
425
421
423
425
429
431
438
440
443
444
441
437
431
423
416
412
405
403
405
405
410
414
417
420
420
420
420
413
408
401
394
390
389
389
392
397
403
411
419
423
426
428
427
422
420
416
413
412
415
419
424
430
437
446
451
455
456
457
454
452
447
444
443
443
447
454
459
467
477
484
489
493
494
493
488
483
480
478
476
475
476
480
482
486
490
489
484
482
474
468
460
452
448
443
441
446
449
455
463
470
475
479
480
478
476
468
464
459
454
451
452
453
457
461
467
472
476
475
473
467
463
456
448
442
435
433
432
433
437
441
444
446
447
446
439
431
422
414
405
397
392
388
385
384
388
390
391
392
388
385
375
368
359
351
342
336
334
331
332
336
340
344
351
351
350
348
344
338
333
327
324
322
325
330
333
340
347
354
359
362
362
360
360
355
350
348
348
351
354
359
367
375
382
388
392
393
391
386
384
381
377
373
373
374
378
386
392
396
402
405
406
402
400
396
389
383
377
376
378
379
386
391
397
404
410
410
411
411
406
401
397
396
390
392
394
398
403
408
417
421
423
423
421
417
409
404
398
392
389
388
392
392
398
403
407
408
411
407
406
398
395
389
383
380
378
382
385
392
395
401
405
406
405
402
395
390
383
377
371
369
369
374
377
382
388
391
395
395
394
387
380
374
368
361
358
357
357
362
365
370
375
376
379
375
372
367
363
355
350
346
344
346
346
349
355
360
364
365
364
359
354
348
341
333
329
325
326
328
329
335
342
346
347
349
348
345
340
334
329
326
321
322
325
327
330
335
341
346
348
348
345
341
336
330
325
321
321
321
324
331
335
342
347
351
354
353
349
346
340
335
330
330
329
331
336
341
349
354
357
360
360
358
350
348
341
337
333
333
332
337
342
349
358
366
370
375
376
373
371
367
364
361
358
359
360
365
371
378
382
387
388
388
386
382
376
370
366
363
364
367
370
375
380
387
389
395
393
390
384
375
369
363
359
354
352
352
356
358
365
369
371
372
371
368
362
359
351
347
344
342
345
347
354
359
366
369
372
372
367
367
360
356
351
349
349
351
352
359
366
373
379
383
386
384
381
381
373
371
369
367
368
370
377
383
390
398
402
406
404
402
397
391
385
377
370
368
367
368
367
367
368
368
369
367
366
364
363
363
369
377
386
403
428
456
486
519
557
600
640
684
724
760
795
823
843
863
873
881
892
903
911
921
927
924
915
888
844
780
709
627
538
452
372
305
251
216
192
184
189
199
216
236
254
271
289
305
319
334
344
357
366
376
382
387
389
388
385
381
378
373
370
370
370
376
381
389
395
406
409
415
414
414
409
404
400
394
389
387
391
391
394
400
406
412
417
419
421
420
415
412
407
403
403
403
407
411
418
426
433
439
444
446
444
441
438
436
432
428
429
432
434
442
450
456
464
469
471
471
469
464
460
457
453
448
450
452
454
460
465
473
476
478
476
474
470
464
460
453
451
448
451
454
457
466
469
476
479
479
479
476
472
467
463
458
456
458
460
466
472
479
488
494
497
498
496
495
490
486
485
484
484
489
495
501
507
515
522
527
526
527
526
525
521
519
520
520
521
526
533
539
547
554
558
558
558
559
553
548
542
539
536
534
535
538
541
548
554
557
558
556
551
547
540
533
529
521
519
518
518
519
522
524
526
526
523
516
514
504
497
488
483
475
471
472
473
473
478
480
479
478
475
470
460
452
444
437
429
427
424
422
424
425
430
432
430
426
421
416
411
399
392
386
385
382
382
386
390
394
399
403
405
403
400
394
389
383
382
377
376
377
383
385
394
398
402
403
405
401
397
393
388
384
384
381
383
387
390
396
405
409
412
415
415
412
407
403
398
395
392
392
394
399
403
412
415
418
419
418
413
406
400
394
390
385
385
386
391
394
398
408
412
413
413
413
408
403
400
394
389
387
387
389
396
401
406
411
415
413
413
410
405
399
393
389
387
388
390
391
399
401
408
411
414
412
408
401
397
389
384
382
379
381
383
389
393
398
404
407
407
404
401
394
389
382
381
379
379
381
385
393
396
403
405
406
403
401
393
388
382
378
373
373
372
374
378
383
389
394
394
395
391
387
380
374
371
365
364
366
370
372
380
386
390
392
395
392
388
384
378
373
371
367
367
369
374
380
386
390
394
394
392
386
380
373
366
364
359
357
361
366
368
375
380
386
388
389
389
387
380
378
371
370
366
366
369
373
379
387
390
392
392
388
383
376
370
364
359
359
360
362
365
370
376
382
387
390
386
384
376
370
363
358
354
354
354
359
361
369
372
378
379
382
380
378
373
369
365
364
362
364
369
374
380
386
389
395
396
394
390
386
381
377
374
374
375
380
382
388
395
401
406
408
410
407
402
398
391
385
381
379
379
378
381
382
385
391
389
390
387
380
375
368
364
359
356
356
360
363
368
373
378
383
384
382
379
373
370
366
364
360
361
362
367
371
380
386
390
393
392
389
386
382
375
371
367
366
367
372
376
383
389
395
398
399
396
394
388
382
377
373
368
366
367
368
370
371
370
368
364
358
352
343
337
333
333
336
344
356
371
392
419
445
474
506
540
574
608
651
690
730
771
810
846
875
899
918
935
948
958
962
960
951
939
907
861
801
729
649
560
464
380
307
246
201
167
148
140
140
150
164
185
208
233
257
280
302
320
335
341
345
345
343
334
325
317
313
309
305
306
308
315
320
326
336
338
341
341
338
333
327
323
319
316
316
318
323
331
334
340
344
348
346
345
339
336
332
327
327
326
328
333
340
344
352
359
364
366
367
365
363
362
358
355
356
360
361
369
376
382
390
395
397
397
393
390
385
382
377
375
376
377
383
388
394
399
405
406
406
405
399
397
391
387
384
386
387
390
396
404
408
416
420
420
420
419
415
412
408
404
407
407
412
419
426
435
442
448
451
453
451
447
446
442
440
440
441
445
450
459
466
475
481
489
490
490
491
488
484
483
482
483
488
494
498
507
513
524
527
530
532
532
527
526
519
518
517
518
519
525
528
535
543
545
546
542
540
536
530
523
517
513
511
510
513
513
517
521
524
523
519
516
510
503
494
487
481
478
473
476
478
480
483
485
487
484
478
472
464
456
448
441
434
432
431
433
435
440
444
445
445
443
440
432
425
418
413
406
403
403
403
407
408
414
417
418
419
417
410
404
398
394
390
387
389
391
396
401
408
414
419
418
418
414
411
408
403
400
397
400
402
408
418
424
431
439
444
442
442
439
434
431
423
423
420
423
427
432
436
444
449
450
452
449
446
440
436
428
424
424
426
430
433
439
446
452
458
459
460
455
450
444
437
434
431
429
430
434
439
445
452
454
456
457
454
452
445
440
438
434
432
436
439
444
449
454
459
461
463
462
460
453
449
446
441
440
439
442
446
453
459
463
469
470
468
464
461
457
451
444
443
440
442
445
449
455
460
463
465
467
462
459
452
447
441
440
438
439
443
448
454
459
465
467
467
467
463
455
451
443
441
438
437
443
445
449
456
461
464
466
465
460
455
451
445
440
438
435
438
439
443
451
455
462
462
464
460
459
454
449
445
443
441
442
444
449
456
461
467
469
471
470
466
464
457
453
449
448
446
450
456
461
467
473
476
479
479
477
471
468
459
455
450
451
452
455
459
467
471
476
478
479
479
473
466
459
452
447
444
445
446
451
455
463
468
476
479
479
477
475
472
471
467
465
467
469
473
477
487
494
497
499
500
498
494
490
482
478
475
476
477
480
486
495
501
507
512
513
513
511
507
500
493
489
481
481
480
482
484
489
493
494
495
494
494
491
483
480
478
475
476
477
483
488
494
502
508
508
509
505
500
495
489
484
483
477
480
482
488
494
501
506
510
510
509
504
499
493
488
485
485
485
490
495
501
507
514
521
523
525
521
517
512
509
501
497
495
492
492
494
493
496
495
493
487
484
476
473
474
474
480
488
504
521
545
571
601
634
667
701
737
770
808
844
871
904
937
960
980
992
993
995
996
995
995
993
994
986
962
915
853
773
690
600
513
435
371
319
287
265
257
259
268
283
302
321
346
371
395
415
437
453
468
475
482
485
482
478
472
466
459
452
449
452
454
462
467
476
483
490
495
495
494
491
484
480
472
470
468
467
469
475
480
484
489
492
493
492
487
482
478
473
472
472
473
478
484
491
500
507
514
519
523
522
522
520
515
511
513
513
517
520
527
533
537
545
547
549
547
542
537
533
527
523
520
519
520
525
528
536
542
547
547
545
542
535
531
525
519
518
516
518
519
523
531
535
541
546
546
545
543
539
537
529
528
530
531
537
542
553
559
567
573
579
580
580
579
576
575
575
578
576
581
587
596
604
611
620
622
627
625
625
623
622
621
623
624
631
633
643
650
657
662
666
668
667
663
658
654
649
649
644
642
644
648
652
655
664
666
666
668
666
661
654
646
639
638
633
633
637
636
641
646
650
648
647
642
638
629
621
612
609
604
599
600
601
601
607
608
608
609
604
596
588
579
568
559
550
547
544
540
541
545
543
547
542
538
532
526
515
506
500
493
489
486
487
490
491
494
500
501
502
500
496
491
486
478
472
469
467
468
472
475
482
489
494
497
499
498
496
493
490
484
482
481
484
486
495
503
509
515
523
525
524
522
519
514
509
505
503
504
507
511
515
521
527
532
537
536
534
529
524
517
513
511
510
511
515
520
526
534
540
543
546
545
542
540
534
530
528
525
528
527
533
539
542
548
554
557
554
555
550
544
540
537
533
529
531
532
536
539
544
547
549
547
546
542
535
529
526
521
518
518
522
527
533
539
545
552
553
553
550
546
542
537
532
529
527
528
531
536
544
550
555
557
558
555
551
546
538
534
528
527
527
527
532
536
541
549
552
555
553
548
545
541
535
531
529
526
529
535
539
548
553
560
562
562
559
554
548
544
540
536
536
536
541
548
553
560
565
568
571
569
565
559
555
550
546
543
540
542
546
549
557
559
564
565
564
558
556
549
545
538
536
534
534
538
543
548
556
562
569
570
570
567
565
561
558
553
552
550
554
557
563
569
577
580
580
582
577
576
569
565
561
559
559
563
568
573
580
586
593
596
596
594
588
581
573
568
558
558
554
554
558
564
570
574
577
580
582
580
575
568
563
557
552
553
553
555
562
568
572
575
579
581
578
572
565
561
554
551
549
547
550
556
560
564
571
574
577
573
569
564
559
Amount of Readings: 
10000
